{"level":30,"time":1750210571044,"pid":26,"hostname":"17f12e34-03ef-4d26-ba7c-d7e7d60592cf","msg":"Validating config file and environment variables"}
{"level":40,"time":1750210571045,"pid":26,"hostname":"17f12e34-03ef-4d26-ba7c-d7e7d60592cf","msg":"config.js: SUPPORT_SERVER is not provided"}
{"level":30,"time":1750210571172,"pid":26,"hostname":"17f12e34-03ef-4d26-ba7c-d7e7d60592cf","msg":"Loading commands..."}
{"level":20,"time":1750210571176,"pid":26,"hostname":"17f12e34-03ef-4d26-ba7c-d7e7d60592cf","msg":"Skipping command amongus. Disabled!"}
{"level":20,"time":1750210571177,"pid":26,"hostname":"17f12e34-03ef-4d26-ba7c-d7e7d60592cf","msg":"Skipping command editxp. Disabled!"}
{"level":20,"time":1750210571178,"pid":26,"hostname":"17f12e34-03ef-4d26-ba7c-d7e7d60592cf","msg":"Skipping command embedsite. Disabled!"}
{"level":20,"time":1750210571245,"pid":26,"hostname":"17f12e34-03ef-4d26-ba7c-d7e7d60592cf","msg":"Skipping command reset-lb. Disabled!"}
{"level":20,"time":1750210571247,"pid":26,"hostname":"17f12e34-03ef-4d26-ba7c-d7e7d60592cf","msg":"Skipping command to-do. Disabled!"}
{"level":20,"time":1750210571248,"pid":26,"hostname":"17f12e34-03ef-4d26-ba7c-d7e7d60592cf","msg":"Skipping command cooldown. Disabled!"}
{"level":20,"time":1750210571248,"pid":26,"hostname":"17f12e34-03ef-4d26-ba7c-d7e7d60592cf","msg":"Skipping command resetcd. Disabled!"}
{"level":20,"time":1750210571250,"pid":26,"hostname":"17f12e34-03ef-4d26-ba7c-d7e7d60592cf","msg":"Skipping command shift. Disabled!"}
{"level":20,"time":1750210571251,"pid":26,"hostname":"17f12e34-03ef-4d26-ba7c-d7e7d60592cf","msg":"Skipping command shiftmanagement. Disabled!"}
{"level":20,"time":1750210571252,"pid":26,"hostname":"17f12e34-03ef-4d26-ba7c-d7e7d60592cf","msg":"Skipping command special. Disabled!"}
{"level":20,"time":1750210571252,"pid":26,"hostname":"17f12e34-03ef-4d26-ba7c-d7e7d60592cf","msg":"Skipping command staffpoints. Disabled!"}
{"level":20,"time":1750210571356,"pid":26,"hostname":"17f12e34-03ef-4d26-ba7c-d7e7d60592cf","msg":"Skipping command confess. Disabled!"}
{"level":20,"time":1750210571357,"pid":26,"hostname":"17f12e34-03ef-4d26-ba7c-d7e7d60592cf","msg":"Skipping command confession. Disabled!"}
{"level":20,"time":1750210571359,"pid":26,"hostname":"17f12e34-03ef-4d26-ba7c-d7e7d60592cf","msg":"Skipping command blackjack. Disabled!"}
{"level":20,"time":1750210571363,"pid":26,"hostname":"17f12e34-03ef-4d26-ba7c-d7e7d60592cf","msg":"Skipping command slots. Disabled!"}
{"level":20,"time":1750210571364,"pid":26,"hostname":"17f12e34-03ef-4d26-ba7c-d7e7d60592cf","msg":"Skipping command steal. Disabled!"}
{"level":20,"time":1750210571366,"pid":26,"hostname":"17f12e34-03ef-4d26-ba7c-d7e7d60592cf","msg":"Skipping command work. Disabled!"}
{"level":20,"time":1750210571655,"pid":26,"hostname":"17f12e34-03ef-4d26-ba7c-d7e7d60592cf","msg":"Skipping command meme. Disabled!"}
{"level":20,"time":1750210572954,"pid":26,"hostname":"17f12e34-03ef-4d26-ba7c-d7e7d60592cf","msg":"Skipping slash command avatar. Disabled!"}
{"level":20,"time":1750210572955,"pid":26,"hostname":"17f12e34-03ef-4d26-ba7c-d7e7d60592cf","msg":"Skipping slash command botstats. Disabled!"}
{"level":20,"time":1750210572956,"pid":26,"hostname":"17f12e34-03ef-4d26-ba7c-d7e7d60592cf","msg":"Skipping slash command channelinfo. Disabled!"}
{"level":20,"time":1750210572957,"pid":26,"hostname":"17f12e34-03ef-4d26-ba7c-d7e7d60592cf","msg":"Skipping slash command emojiinfo. Disabled!"}
{"level":20,"time":1750210572963,"pid":26,"hostname":"17f12e34-03ef-4d26-ba7c-d7e7d60592cf","msg":"Skipping slash command guildinfo. Disabled!"}
{"level":20,"time":1750210572964,"pid":26,"hostname":"17f12e34-03ef-4d26-ba7c-d7e7d60592cf","msg":"Skipping slash command uptime. Disabled!"}
{"level":20,"time":1750210572964,"pid":26,"hostname":"17f12e34-03ef-4d26-ba7c-d7e7d60592cf","msg":"Skipping slash command userinfo. Disabled!"}
{"level":20,"time":1750210572965,"pid":26,"hostname":"17f12e34-03ef-4d26-ba7c-d7e7d60592cf","msg":"Skipping command bot. Disabled!"}
{"level":20,"time":1750210572966,"pid":26,"hostname":"17f12e34-03ef-4d26-ba7c-d7e7d60592cf","msg":"Skipping command info. Disabled!"}
{"level":20,"time":1750210573042,"pid":26,"hostname":"17f12e34-03ef-4d26-ba7c-d7e7d60592cf","msg":"Skipping command cateringinfo. Disabled!"}
{"level":20,"time":1750210573043,"pid":26,"hostname":"17f12e34-03ef-4d26-ba7c-d7e7d60592cf","msg":"Skipping command order. Disabled!"}
{"level":20,"time":1750210573043,"pid":26,"hostname":"17f12e34-03ef-4d26-ba7c-d7e7d60592cf","msg":"Skipping command oc. Disabled!"}
{"level":20,"time":1750210573044,"pid":26,"hostname":"17f12e34-03ef-4d26-ba7c-d7e7d60592cf","msg":"Skipping command task. Disabled!"}
{"level":20,"time":1750210573045,"pid":26,"hostname":"17f12e34-03ef-4d26-ba7c-d7e7d60592cf","msg":"Skipping command tasksetup. Disabled!"}
{"level":20,"time":1750210573045,"pid":26,"hostname":"17f12e34-03ef-4d26-ba7c-d7e7d60592cf","msg":"Skipping command give. Disabled!"}
{"level":20,"time":1750210573046,"pid":26,"hostname":"17f12e34-03ef-4d26-ba7c-d7e7d60592cf","msg":"Skipping command reload. Disabled!"}
{"level":20,"time":1750210573051,"pid":26,"hostname":"17f12e34-03ef-4d26-ba7c-d7e7d60592cf","msg":"Skipping command donator. Disabled!"}
{"level":20,"time":1750210573052,"pid":26,"hostname":"17f12e34-03ef-4d26-ba7c-d7e7d60592cf","msg":"Skipping command guidelines. Disabled!"}
{"level":20,"time":1750210573054,"pid":26,"hostname":"17f12e34-03ef-4d26-ba7c-d7e7d60592cf","msg":"Skipping command protocols. Disabled!"}
{"level":20,"time":1750210573055,"pid":26,"hostname":"17f12e34-03ef-4d26-ba7c-d7e7d60592cf","msg":"Skipping command rules. Disabled!"}
{"level":20,"time":1750210573055,"pid":26,"hostname":"17f12e34-03ef-4d26-ba7c-d7e7d60592cf","msg":"Skipping command serverinfo. Disabled!"}
{"level":20,"time":1750210573056,"pid":26,"hostname":"17f12e34-03ef-4d26-ba7c-d7e7d60592cf","msg":"Skipping command tags. Disabled!"}
{"level":30,"time":1750210573057,"pid":26,"hostname":"17f12e34-03ef-4d26-ba7c-d7e7d60592cf","msg":"Loaded 57 commands"}
{"level":30,"time":1750210573057,"pid":26,"hostname":"17f12e34-03ef-4d26-ba7c-d7e7d60592cf","msg":"Loaded 83 slash commands"}
{"level":30,"time":1750210573057,"pid":26,"hostname":"17f12e34-03ef-4d26-ba7c-d7e7d60592cf","msg":"Loading contexts..."}
{"level":30,"time":1750210573058,"pid":26,"hostname":"17f12e34-03ef-4d26-ba7c-d7e7d60592cf","msg":"Loaded 1 USER contexts"}
{"level":30,"time":1750210573058,"pid":26,"hostname":"17f12e34-03ef-4d26-ba7c-d7e7d60592cf","msg":"Loaded 0 MESSAGE contexts"}
{"level":30,"time":1750210573058,"pid":26,"hostname":"17f12e34-03ef-4d26-ba7c-d7e7d60592cf","msg":"Loading events..."}
{"level":30,"time":1750210573159,"pid":26,"hostname":"17f12e34-03ef-4d26-ba7c-d7e7d60592cf","msg":"Loaded 17 events. Success (17) Failed (0)"}
{"level":30,"time":1750210573167,"pid":26,"hostname":"17f12e34-03ef-4d26-ba7c-d7e7d60592cf","msg":"Connecting to MongoDb..."}
{"level":30,"time":1750210575499,"pid":26,"hostname":"17f12e34-03ef-4d26-ba7c-d7e7d60592cf","msg":"Mongoose: Database connection established"}
{"level":30,"time":1750210576453,"pid":26,"hostname":"17f12e34-03ef-4d26-ba7c-d7e7d60592cf","msg":"Logged in as BEE Manager 🐝#2363! (1253026215434911865)"}
{"level":30,"time":1750210576453,"pid":26,"hostname":"17f12e34-03ef-4d26-ba7c-d7e7d60592cf","msg":"Initializing giveaways manager..."}
{"level":30,"time":1750210577114,"pid":26,"hostname":"17f12e34-03ef-4d26-ba7c-d7e7d60592cf","msg":"Giveaway Manager initialized"}
{"level":30,"time":1750210577156,"pid":26,"hostname":"17f12e34-03ef-4d26-ba7c-d7e7d60592cf","msg":"Successfully registered interactions"}
{"level":50,"time":1750282673913,"pid":26,"hostname":"17f12e34-03ef-4d26-ba7c-d7e7d60592cf","err":{"type":"DiscordAPIError","message":"Missing Permissions","stack":"DiscordAPIError[50013]: Missing Permissions\n    at handleErrors (/home/container/node_modules/@discordjs/rest/dist/index.js:727:13)\n    at process.processTicksAndRejections (node:internal/process/task_queues:95:5)\n    at async SequentialHandler.runRequest (/home/container/node_modules/@discordjs/rest/dist/index.js:1128:23)\n    at async SequentialHandler.queueRequest (/home/container/node_modules/@discordjs/rest/dist/index.js:959:14)\n    at async _REST.request (/home/container/node_modules/@discordjs/rest/dist/index.js:1272:22)\n    at async GuildMemberRoleManager.add (/home/container/node_modules/discord.js/src/managers/GuildMemberRoleManager.js:131:7)","requestBody":{},"rawError":{"type":"Object","message":"Missing Permissions","stack":"","code":50013},"code":50013,"status":403,"method":"PUT","url":"https://discord.com/api/v10/guilds/1256349528190222386/members/1379862184808681582/roles/1268299174609158165"},"msg":"Unhandled exception: Missing Permissions"}
{"level":50,"time":1750356949940,"pid":26,"hostname":"17f12e34-03ef-4d26-ba7c-d7e7d60592cf","err":{"type":"TypeError","message":"Cannot read properties of undefined (reading 'User')","stack":"TypeError: Cannot read properties of undefined (reading 'User')\n    at ReactionCollector.<anonymous> (/home/container/src/events/message/messageCreate.js:103:24)\n    at ReactionCollector.emit (node:events:531:35)\n    at ReactionCollector.handleCollect (/home/container/node_modules/discord.js/src/structures/interfaces/Collector.js:133:14)\n    at process.processTicksAndRejections (node:internal/process/task_queues:95:5)"},"msg":"Unhandled exception: Cannot read properties of undefined (reading 'User')"}
{"level":50,"time":1750577609757,"pid":26,"hostname":"17f12e34-03ef-4d26-ba7c-d7e7d60592cf","err":{"type":"TypeError","message":"Cannot read properties of undefined (reading 'User')","stack":"TypeError: Cannot read properties of undefined (reading 'User')\n    at ReactionCollector.<anonymous> (/home/container/src/events/message/messageCreate.js:103:24)\n    at ReactionCollector.emit (node:events:531:35)\n    at ReactionCollector.handleCollect (/home/container/node_modules/discord.js/src/structures/interfaces/Collector.js:133:14)\n    at process.processTicksAndRejections (node:internal/process/task_queues:95:5)"},"msg":"Unhandled exception: Cannot read properties of undefined (reading 'User')"}
{"level":50,"time":1750623178267,"pid":26,"hostname":"17f12e34-03ef-4d26-ba7c-d7e7d60592cf","err":{"type":"TypeError","message":"Cannot read properties of undefined (reading 'User')","stack":"TypeError: Cannot read properties of undefined (reading 'User')\n    at ReactionCollector.<anonymous> (/home/container/src/events/message/messageCreate.js:103:24)\n    at ReactionCollector.emit (node:events:531:35)\n    at ReactionCollector.handleCollect (/home/container/node_modules/discord.js/src/structures/interfaces/Collector.js:133:14)\n    at process.processTicksAndRejections (node:internal/process/task_queues:95:5)"},"msg":"Unhandled exception: Cannot read properties of undefined (reading 'User')"}
{"level":50,"time":1750623564473,"pid":26,"hostname":"17f12e34-03ef-4d26-ba7c-d7e7d60592cf","err":{"type":"TypeError","message":"Cannot read properties of undefined (reading 'User')","stack":"TypeError: Cannot read properties of undefined (reading 'User')\n    at ReactionCollector.<anonymous> (/home/container/src/events/message/messageCreate.js:103:24)\n    at ReactionCollector.emit (node:events:531:35)\n    at ReactionCollector.handleCollect (/home/container/node_modules/discord.js/src/structures/interfaces/Collector.js:133:14)\n    at process.processTicksAndRejections (node:internal/process/task_queues:95:5)"},"msg":"Unhandled exception: Cannot read properties of undefined (reading 'User')"}
{"level":50,"time":1750623568784,"pid":26,"hostname":"17f12e34-03ef-4d26-ba7c-d7e7d60592cf","err":{"type":"TypeError","message":"Cannot read properties of undefined (reading 'User')","stack":"TypeError: Cannot read properties of undefined (reading 'User')\n    at ReactionCollector.<anonymous> (/home/container/src/events/message/messageCreate.js:103:24)\n    at ReactionCollector.emit (node:events:531:35)\n    at ReactionCollector.handleCollect (/home/container/node_modules/discord.js/src/structures/interfaces/Collector.js:133:14)\n    at process.processTicksAndRejections (node:internal/process/task_queues:95:5)"},"msg":"Unhandled exception: Cannot read properties of undefined (reading 'User')"}
{"level":50,"time":1750626640730,"pid":26,"hostname":"17f12e34-03ef-4d26-ba7c-d7e7d60592cf","err":{"type":"TypeError","message":"Cannot read properties of undefined (reading 'User')","stack":"TypeError: Cannot read properties of undefined (reading 'User')\n    at ReactionCollector.<anonymous> (/home/container/src/events/message/messageCreate.js:103:24)\n    at ReactionCollector.emit (node:events:531:35)\n    at ReactionCollector.handleCollect (/home/container/node_modules/discord.js/src/structures/interfaces/Collector.js:133:14)\n    at process.processTicksAndRejections (node:internal/process/task_queues:95:5)"},"msg":"Unhandled exception: Cannot read properties of undefined (reading 'User')"}
{"level":50,"time":1750634497509,"pid":26,"hostname":"17f12e34-03ef-4d26-ba7c-d7e7d60592cf","err":{"type":"TypeError","message":"Cannot read properties of undefined (reading 'User')","stack":"TypeError: Cannot read properties of undefined (reading 'User')\n    at ReactionCollector.<anonymous> (/home/container/src/events/message/messageCreate.js:103:24)\n    at ReactionCollector.emit (node:events:531:35)\n    at ReactionCollector.handleCollect (/home/container/node_modules/discord.js/src/structures/interfaces/Collector.js:133:14)\n    at process.processTicksAndRejections (node:internal/process/task_queues:95:5)"},"msg":"Unhandled exception: Cannot read properties of undefined (reading 'User')"}
{"level":50,"time":1750827384096,"pid":26,"hostname":"17f12e34-03ef-4d26-ba7c-d7e7d60592cf","err":{"type":"ConnectTimeoutError","message":"Connect Timeout Error","stack":"ConnectTimeoutError: Connect Timeout Error\n    at onConnectTimeout (/home/container/node_modules/@discordjs/rest/node_modules/undici/lib/core/connect.js:190:24)\n    at /home/container/node_modules/@discordjs/rest/node_modules/undici/lib/core/connect.js:133:46\n    at Immediate._onImmediate (/home/container/node_modules/@discordjs/rest/node_modules/undici/lib/core/connect.js:174:9)\n    at process.processImmediate (node:internal/timers:478:21)","name":"ConnectTimeoutError","code":"UND_ERR_CONNECT_TIMEOUT"},"msg":"Unhandled exception: Connect Timeout Error"}
{"level":50,"time":1750935713185,"pid":26,"hostname":"17f12e34-03ef-4d26-ba7c-d7e7d60592cf","err":{"type":"DiscordjsError","message":"The reply to this interaction has already been sent or deferred.","stack":"Error [InteractionAlreadyReplied]: The reply to this interaction has already been sent or deferred.\n    at ChatInputCommandInteraction.reply (/home/container/node_modules/discord.js/src/structures/interfaces/InteractionResponses.js:105:46)\n    at Object.interactionRun (/home/container/src/commands/admin/reset-lb.js:38:28)\n    at Object.handleSlashCommand (/home/container/src/handlers/command.js:150:17)\n    at process.processTicksAndRejections (node:internal/process/task_queues:95:5)\n    at async module.exports (/home/container/src/events/interactions/interactionCreate.js:75:5)","code":"InteractionAlreadyReplied"},"msg":"interactionRun: The reply to this interaction has already been sent or deferred."}
{"level":50,"time":1750935745793,"pid":26,"hostname":"17f12e34-03ef-4d26-ba7c-d7e7d60592cf","err":{"type":"DiscordjsError","message":"The reply to this interaction has already been sent or deferred.","stack":"Error [InteractionAlreadyReplied]: The reply to this interaction has already been sent or deferred.\n    at ChatInputCommandInteraction.reply (/home/container/node_modules/discord.js/src/structures/interfaces/InteractionResponses.js:105:46)\n    at Object.interactionRun (/home/container/src/commands/admin/reset-lb.js:38:28)\n    at Object.handleSlashCommand (/home/container/src/handlers/command.js:150:17)\n    at process.processTicksAndRejections (node:internal/process/task_queues:95:5)\n    at async module.exports (/home/container/src/events/interactions/interactionCreate.js:75:5)","code":"InteractionAlreadyReplied"},"msg":"interactionRun: The reply to this interaction has already been sent or deferred."}
{"level":50,"time":1750957250792,"pid":26,"hostname":"17f12e34-03ef-4d26-ba7c-d7e7d60592cf","err":{"type":"DiscordjsError","message":"The reply to this interaction has already been sent or deferred.","stack":"Error [InteractionAlreadyReplied]: The reply to this interaction has already been sent or deferred.\n    at ChatInputCommandInteraction.reply (/home/container/node_modules/discord.js/src/structures/interfaces/InteractionResponses.js:105:46)\n    at Object.interactionRun (/home/container/src/commands/admin/reset-lb.js:38:28)\n    at Object.handleSlashCommand (/home/container/src/handlers/command.js:150:17)\n    at process.processTicksAndRejections (node:internal/process/task_queues:95:5)\n    at async module.exports (/home/container/src/events/interactions/interactionCreate.js:75:5)","code":"InteractionAlreadyReplied"},"msg":"interactionRun: The reply to this interaction has already been sent or deferred."}
