{"level":30,"time":1746410436548,"pid":26,"hostname":"17f12e34-03ef-4d26-ba7c-d7e7d60592cf","msg":"Validating config file and environment variables"}
{"level":40,"time":1746410436549,"pid":26,"hostname":"17f12e34-03ef-4d26-ba7c-d7e7d60592cf","msg":"config.js: SUPPORT_SERVER is not provided"}
{"level":30,"time":1746410436750,"pid":26,"hostname":"17f12e34-03ef-4d26-ba7c-d7e7d60592cf","msg":"Loading commands..."}
{"level":20,"time":1746410436769,"pid":26,"hostname":"17f12e34-03ef-4d26-ba7c-d7e7d60592cf","msg":"Skipping command amongus. Disabled!"}
{"level":20,"time":1746410436773,"pid":26,"hostname":"17f12e34-03ef-4d26-ba7c-d7e7d60592cf","msg":"Skipping command editxp. Disabled!"}
{"level":20,"time":1746410436776,"pid":26,"hostname":"17f12e34-03ef-4d26-ba7c-d7e7d60592cf","msg":"Skipping command embedsite. Disabled!"}
{"level":20,"time":1746410436792,"pid":26,"hostname":"17f12e34-03ef-4d26-ba7c-d7e7d60592cf","msg":"Skipping command reset-lb. Disabled!"}
{"level":20,"time":1746410436846,"pid":26,"hostname":"17f12e34-03ef-4d26-ba7c-d7e7d60592cf","msg":"Skipping command to-do. Disabled!"}
{"level":20,"time":1746410436849,"pid":26,"hostname":"17f12e34-03ef-4d26-ba7c-d7e7d60592cf","msg":"Skipping command cooldown. Disabled!"}
{"level":20,"time":1746410436857,"pid":26,"hostname":"17f12e34-03ef-4d26-ba7c-d7e7d60592cf","msg":"Skipping command resetcd. Disabled!"}
{"level":20,"time":1746410436861,"pid":26,"hostname":"17f12e34-03ef-4d26-ba7c-d7e7d60592cf","msg":"Skipping command shift. Disabled!"}
{"level":20,"time":1746410436862,"pid":26,"hostname":"17f12e34-03ef-4d26-ba7c-d7e7d60592cf","msg":"Skipping command shiftmanagement. Disabled!"}
{"level":20,"time":1746410436865,"pid":26,"hostname":"17f12e34-03ef-4d26-ba7c-d7e7d60592cf","msg":"Skipping command special. Disabled!"}
{"level":20,"time":1746410436865,"pid":26,"hostname":"17f12e34-03ef-4d26-ba7c-d7e7d60592cf","msg":"Skipping command staffpoints. Disabled!"}
{"level":20,"time":1746410436984,"pid":26,"hostname":"17f12e34-03ef-4d26-ba7c-d7e7d60592cf","msg":"Skipping command confess. Disabled!"}
{"level":20,"time":1746410436985,"pid":26,"hostname":"17f12e34-03ef-4d26-ba7c-d7e7d60592cf","msg":"Skipping command confession. Disabled!"}
{"level":20,"time":1746410436986,"pid":26,"hostname":"17f12e34-03ef-4d26-ba7c-d7e7d60592cf","msg":"Skipping command blackjack. Disabled!"}
{"level":20,"time":1746410436990,"pid":26,"hostname":"17f12e34-03ef-4d26-ba7c-d7e7d60592cf","msg":"Skipping command slots. Disabled!"}
{"level":20,"time":1746410436991,"pid":26,"hostname":"17f12e34-03ef-4d26-ba7c-d7e7d60592cf","msg":"Skipping command steal. Disabled!"}
{"level":20,"time":1746410436991,"pid":26,"hostname":"17f12e34-03ef-4d26-ba7c-d7e7d60592cf","msg":"Skipping command work. Disabled!"}
{"level":20,"time":1746410437243,"pid":26,"hostname":"17f12e34-03ef-4d26-ba7c-d7e7d60592cf","msg":"Skipping command meme. Disabled!"}
{"level":20,"time":1746410438446,"pid":26,"hostname":"17f12e34-03ef-4d26-ba7c-d7e7d60592cf","msg":"Skipping slash command avatar. Disabled!"}
{"level":20,"time":1746410438447,"pid":26,"hostname":"17f12e34-03ef-4d26-ba7c-d7e7d60592cf","msg":"Skipping slash command botstats. Disabled!"}
{"level":20,"time":1746410438448,"pid":26,"hostname":"17f12e34-03ef-4d26-ba7c-d7e7d60592cf","msg":"Skipping slash command channelinfo. Disabled!"}
{"level":20,"time":1746410438450,"pid":26,"hostname":"17f12e34-03ef-4d26-ba7c-d7e7d60592cf","msg":"Skipping slash command emojiinfo. Disabled!"}
{"level":20,"time":1746410438461,"pid":26,"hostname":"17f12e34-03ef-4d26-ba7c-d7e7d60592cf","msg":"Skipping slash command guildinfo. Disabled!"}
{"level":20,"time":1746410438462,"pid":26,"hostname":"17f12e34-03ef-4d26-ba7c-d7e7d60592cf","msg":"Skipping slash command uptime. Disabled!"}
{"level":20,"time":1746410438463,"pid":26,"hostname":"17f12e34-03ef-4d26-ba7c-d7e7d60592cf","msg":"Skipping slash command userinfo. Disabled!"}
{"level":20,"time":1746410438464,"pid":26,"hostname":"17f12e34-03ef-4d26-ba7c-d7e7d60592cf","msg":"Skipping command bot. Disabled!"}
{"level":20,"time":1746410438465,"pid":26,"hostname":"17f12e34-03ef-4d26-ba7c-d7e7d60592cf","msg":"Skipping command info. Disabled!"}
{"level":20,"time":1746410438471,"pid":26,"hostname":"17f12e34-03ef-4d26-ba7c-d7e7d60592cf","msg":"Skipping command cateringinfo. Disabled!"}
{"level":20,"time":1746410438472,"pid":26,"hostname":"17f12e34-03ef-4d26-ba7c-d7e7d60592cf","msg":"Skipping command order. Disabled!"}
{"level":20,"time":1746410438473,"pid":26,"hostname":"17f12e34-03ef-4d26-ba7c-d7e7d60592cf","msg":"Skipping command oc. Disabled!"}
{"level":20,"time":1746410438474,"pid":26,"hostname":"17f12e34-03ef-4d26-ba7c-d7e7d60592cf","msg":"Skipping command task. Disabled!"}
{"level":20,"time":1746410438474,"pid":26,"hostname":"17f12e34-03ef-4d26-ba7c-d7e7d60592cf","msg":"Skipping command tasksetup. Disabled!"}
{"level":20,"time":1746410438542,"pid":26,"hostname":"17f12e34-03ef-4d26-ba7c-d7e7d60592cf","msg":"Skipping command give. Disabled!"}
{"level":20,"time":1746410438543,"pid":26,"hostname":"17f12e34-03ef-4d26-ba7c-d7e7d60592cf","msg":"Skipping command reload. Disabled!"}
{"level":20,"time":1746410438570,"pid":26,"hostname":"17f12e34-03ef-4d26-ba7c-d7e7d60592cf","msg":"Skipping command donator. Disabled!"}
{"level":20,"time":1746410438572,"pid":26,"hostname":"17f12e34-03ef-4d26-ba7c-d7e7d60592cf","msg":"Skipping command guidelines. Disabled!"}
{"level":20,"time":1746410438575,"pid":26,"hostname":"17f12e34-03ef-4d26-ba7c-d7e7d60592cf","msg":"Skipping command protocols. Disabled!"}
{"level":20,"time":1746410438577,"pid":26,"hostname":"17f12e34-03ef-4d26-ba7c-d7e7d60592cf","msg":"Skipping command rules. Disabled!"}
{"level":20,"time":1746410438577,"pid":26,"hostname":"17f12e34-03ef-4d26-ba7c-d7e7d60592cf","msg":"Skipping command serverinfo. Disabled!"}
{"level":20,"time":1746410438578,"pid":26,"hostname":"17f12e34-03ef-4d26-ba7c-d7e7d60592cf","msg":"Skipping command tags. Disabled!"}
{"level":30,"time":1746410438580,"pid":26,"hostname":"17f12e34-03ef-4d26-ba7c-d7e7d60592cf","msg":"Loaded 57 commands"}
{"level":30,"time":1746410438580,"pid":26,"hostname":"17f12e34-03ef-4d26-ba7c-d7e7d60592cf","msg":"Loaded 83 slash commands"}
{"level":30,"time":1746410438580,"pid":26,"hostname":"17f12e34-03ef-4d26-ba7c-d7e7d60592cf","msg":"Loading contexts..."}
{"level":30,"time":1746410438581,"pid":26,"hostname":"17f12e34-03ef-4d26-ba7c-d7e7d60592cf","msg":"Loaded 1 USER contexts"}
{"level":30,"time":1746410438581,"pid":26,"hostname":"17f12e34-03ef-4d26-ba7c-d7e7d60592cf","msg":"Loaded 0 MESSAGE contexts"}
{"level":30,"time":1746410438582,"pid":26,"hostname":"17f12e34-03ef-4d26-ba7c-d7e7d60592cf","msg":"Loading events..."}
{"level":30,"time":1746410438677,"pid":26,"hostname":"17f12e34-03ef-4d26-ba7c-d7e7d60592cf","msg":"Loaded 17 events. Success (17) Failed (0)"}
{"level":30,"time":1746410438752,"pid":26,"hostname":"17f12e34-03ef-4d26-ba7c-d7e7d60592cf","msg":"Connecting to MongoDb..."}
{"level":30,"time":1746410440923,"pid":26,"hostname":"17f12e34-03ef-4d26-ba7c-d7e7d60592cf","msg":"Mongoose: Database connection established"}
{"level":50,"time":1746410450930,"pid":26,"hostname":"17f12e34-03ef-4d26-ba7c-d7e7d60592cf","err":{"type":"ConnectTimeoutError","message":"Connect Timeout Error","stack":"ConnectTimeoutError: Connect Timeout Error\n    at onConnectTimeout (/home/container/node_modules/@discordjs/rest/node_modules/undici/lib/core/connect.js:190:24)\n    at /home/container/node_modules/@discordjs/rest/node_modules/undici/lib/core/connect.js:133:46\n    at Immediate._onImmediate (/home/container/node_modules/@discordjs/rest/node_modules/undici/lib/core/connect.js:174:9)\n    at process.processImmediate (node:internal/timers:478:21)","name":"ConnectTimeoutError","code":"UND_ERR_CONNECT_TIMEOUT"},"msg":"Unhandled exception: Connect Timeout Error"}
{"level":30,"time":1746410509545,"pid":26,"hostname":"17f12e34-03ef-4d26-ba7c-d7e7d60592cf","msg":"Validating config file and environment variables"}
{"level":40,"time":1746410509546,"pid":26,"hostname":"17f12e34-03ef-4d26-ba7c-d7e7d60592cf","msg":"config.js: SUPPORT_SERVER is not provided"}
{"level":30,"time":1746410509655,"pid":26,"hostname":"17f12e34-03ef-4d26-ba7c-d7e7d60592cf","msg":"Loading commands..."}
{"level":20,"time":1746410509743,"pid":26,"hostname":"17f12e34-03ef-4d26-ba7c-d7e7d60592cf","msg":"Skipping command amongus. Disabled!"}
{"level":20,"time":1746410509744,"pid":26,"hostname":"17f12e34-03ef-4d26-ba7c-d7e7d60592cf","msg":"Skipping command editxp. Disabled!"}
{"level":20,"time":1746410509745,"pid":26,"hostname":"17f12e34-03ef-4d26-ba7c-d7e7d60592cf","msg":"Skipping command embedsite. Disabled!"}
{"level":20,"time":1746410509748,"pid":26,"hostname":"17f12e34-03ef-4d26-ba7c-d7e7d60592cf","msg":"Skipping command reset-lb. Disabled!"}
{"level":20,"time":1746410509749,"pid":26,"hostname":"17f12e34-03ef-4d26-ba7c-d7e7d60592cf","msg":"Skipping command to-do. Disabled!"}
{"level":20,"time":1746410509749,"pid":26,"hostname":"17f12e34-03ef-4d26-ba7c-d7e7d60592cf","msg":"Skipping command cooldown. Disabled!"}
{"level":20,"time":1746410509750,"pid":26,"hostname":"17f12e34-03ef-4d26-ba7c-d7e7d60592cf","msg":"Skipping command resetcd. Disabled!"}
{"level":20,"time":1746410509751,"pid":26,"hostname":"17f12e34-03ef-4d26-ba7c-d7e7d60592cf","msg":"Skipping command shift. Disabled!"}
{"level":20,"time":1746410509752,"pid":26,"hostname":"17f12e34-03ef-4d26-ba7c-d7e7d60592cf","msg":"Skipping command shiftmanagement. Disabled!"}
{"level":20,"time":1746410509752,"pid":26,"hostname":"17f12e34-03ef-4d26-ba7c-d7e7d60592cf","msg":"Skipping command special. Disabled!"}
{"level":20,"time":1746410509753,"pid":26,"hostname":"17f12e34-03ef-4d26-ba7c-d7e7d60592cf","msg":"Skipping command staffpoints. Disabled!"}
{"level":20,"time":1746410509845,"pid":26,"hostname":"17f12e34-03ef-4d26-ba7c-d7e7d60592cf","msg":"Skipping command confess. Disabled!"}
{"level":20,"time":1746410509846,"pid":26,"hostname":"17f12e34-03ef-4d26-ba7c-d7e7d60592cf","msg":"Skipping command confession. Disabled!"}
{"level":20,"time":1746410509847,"pid":26,"hostname":"17f12e34-03ef-4d26-ba7c-d7e7d60592cf","msg":"Skipping command blackjack. Disabled!"}
{"level":20,"time":1746410509849,"pid":26,"hostname":"17f12e34-03ef-4d26-ba7c-d7e7d60592cf","msg":"Skipping command slots. Disabled!"}
{"level":20,"time":1746410509850,"pid":26,"hostname":"17f12e34-03ef-4d26-ba7c-d7e7d60592cf","msg":"Skipping command steal. Disabled!"}
{"level":20,"time":1746410509850,"pid":26,"hostname":"17f12e34-03ef-4d26-ba7c-d7e7d60592cf","msg":"Skipping command work. Disabled!"}
{"level":20,"time":1746410510045,"pid":26,"hostname":"17f12e34-03ef-4d26-ba7c-d7e7d60592cf","msg":"Skipping command meme. Disabled!"}
{"level":20,"time":1746410511166,"pid":26,"hostname":"17f12e34-03ef-4d26-ba7c-d7e7d60592cf","msg":"Skipping slash command avatar. Disabled!"}
{"level":20,"time":1746410511167,"pid":26,"hostname":"17f12e34-03ef-4d26-ba7c-d7e7d60592cf","msg":"Skipping slash command botstats. Disabled!"}
{"level":20,"time":1746410511240,"pid":26,"hostname":"17f12e34-03ef-4d26-ba7c-d7e7d60592cf","msg":"Skipping slash command channelinfo. Disabled!"}
{"level":20,"time":1746410511241,"pid":26,"hostname":"17f12e34-03ef-4d26-ba7c-d7e7d60592cf","msg":"Skipping slash command emojiinfo. Disabled!"}
{"level":20,"time":1746410511248,"pid":26,"hostname":"17f12e34-03ef-4d26-ba7c-d7e7d60592cf","msg":"Skipping slash command guildinfo. Disabled!"}
{"level":20,"time":1746410511248,"pid":26,"hostname":"17f12e34-03ef-4d26-ba7c-d7e7d60592cf","msg":"Skipping slash command uptime. Disabled!"}
{"level":20,"time":1746410511249,"pid":26,"hostname":"17f12e34-03ef-4d26-ba7c-d7e7d60592cf","msg":"Skipping slash command userinfo. Disabled!"}
{"level":20,"time":1746410511250,"pid":26,"hostname":"17f12e34-03ef-4d26-ba7c-d7e7d60592cf","msg":"Skipping command bot. Disabled!"}
{"level":20,"time":1746410511250,"pid":26,"hostname":"17f12e34-03ef-4d26-ba7c-d7e7d60592cf","msg":"Skipping command info. Disabled!"}
{"level":20,"time":1746410511254,"pid":26,"hostname":"17f12e34-03ef-4d26-ba7c-d7e7d60592cf","msg":"Skipping command cateringinfo. Disabled!"}
{"level":20,"time":1746410511255,"pid":26,"hostname":"17f12e34-03ef-4d26-ba7c-d7e7d60592cf","msg":"Skipping command order. Disabled!"}
{"level":20,"time":1746410511256,"pid":26,"hostname":"17f12e34-03ef-4d26-ba7c-d7e7d60592cf","msg":"Skipping command oc. Disabled!"}
{"level":20,"time":1746410511256,"pid":26,"hostname":"17f12e34-03ef-4d26-ba7c-d7e7d60592cf","msg":"Skipping command task. Disabled!"}
{"level":20,"time":1746410511257,"pid":26,"hostname":"17f12e34-03ef-4d26-ba7c-d7e7d60592cf","msg":"Skipping command tasksetup. Disabled!"}
{"level":20,"time":1746410511258,"pid":26,"hostname":"17f12e34-03ef-4d26-ba7c-d7e7d60592cf","msg":"Skipping command give. Disabled!"}
{"level":20,"time":1746410511258,"pid":26,"hostname":"17f12e34-03ef-4d26-ba7c-d7e7d60592cf","msg":"Skipping command reload. Disabled!"}
{"level":20,"time":1746410511265,"pid":26,"hostname":"17f12e34-03ef-4d26-ba7c-d7e7d60592cf","msg":"Skipping command donator. Disabled!"}
{"level":20,"time":1746410511266,"pid":26,"hostname":"17f12e34-03ef-4d26-ba7c-d7e7d60592cf","msg":"Skipping command guidelines. Disabled!"}
{"level":20,"time":1746410511267,"pid":26,"hostname":"17f12e34-03ef-4d26-ba7c-d7e7d60592cf","msg":"Skipping command protocols. Disabled!"}
{"level":20,"time":1746410511341,"pid":26,"hostname":"17f12e34-03ef-4d26-ba7c-d7e7d60592cf","msg":"Skipping command rules. Disabled!"}
{"level":20,"time":1746410511341,"pid":26,"hostname":"17f12e34-03ef-4d26-ba7c-d7e7d60592cf","msg":"Skipping command serverinfo. Disabled!"}
{"level":20,"time":1746410511342,"pid":26,"hostname":"17f12e34-03ef-4d26-ba7c-d7e7d60592cf","msg":"Skipping command tags. Disabled!"}
{"level":30,"time":1746410511343,"pid":26,"hostname":"17f12e34-03ef-4d26-ba7c-d7e7d60592cf","msg":"Loaded 57 commands"}
{"level":30,"time":1746410511343,"pid":26,"hostname":"17f12e34-03ef-4d26-ba7c-d7e7d60592cf","msg":"Loaded 83 slash commands"}
{"level":30,"time":1746410511343,"pid":26,"hostname":"17f12e34-03ef-4d26-ba7c-d7e7d60592cf","msg":"Loading contexts..."}
{"level":30,"time":1746410511344,"pid":26,"hostname":"17f12e34-03ef-4d26-ba7c-d7e7d60592cf","msg":"Loaded 1 USER contexts"}
{"level":30,"time":1746410511344,"pid":26,"hostname":"17f12e34-03ef-4d26-ba7c-d7e7d60592cf","msg":"Loaded 0 MESSAGE contexts"}
{"level":30,"time":1746410511344,"pid":26,"hostname":"17f12e34-03ef-4d26-ba7c-d7e7d60592cf","msg":"Loading events..."}
{"level":30,"time":1746410511444,"pid":26,"hostname":"17f12e34-03ef-4d26-ba7c-d7e7d60592cf","msg":"Loaded 17 events. Success (17) Failed (0)"}
{"level":30,"time":1746410511455,"pid":26,"hostname":"17f12e34-03ef-4d26-ba7c-d7e7d60592cf","msg":"Connecting to MongoDb..."}
{"level":30,"time":1746410513674,"pid":26,"hostname":"17f12e34-03ef-4d26-ba7c-d7e7d60592cf","msg":"Mongoose: Database connection established"}
{"level":50,"time":1746410523683,"pid":26,"hostname":"17f12e34-03ef-4d26-ba7c-d7e7d60592cf","err":{"type":"ConnectTimeoutError","message":"Connect Timeout Error","stack":"ConnectTimeoutError: Connect Timeout Error\n    at onConnectTimeout (/home/container/node_modules/@discordjs/rest/node_modules/undici/lib/core/connect.js:190:24)\n    at /home/container/node_modules/@discordjs/rest/node_modules/undici/lib/core/connect.js:133:46\n    at Immediate._onImmediate (/home/container/node_modules/@discordjs/rest/node_modules/undici/lib/core/connect.js:174:9)\n    at process.processImmediate (node:internal/timers:478:21)","name":"ConnectTimeoutError","code":"UND_ERR_CONNECT_TIMEOUT"},"msg":"Unhandled exception: Connect Timeout Error"}
{"level":30,"time":1746410690241,"pid":26,"hostname":"17f12e34-03ef-4d26-ba7c-d7e7d60592cf","msg":"Validating config file and environment variables"}
{"level":40,"time":1746410690242,"pid":26,"hostname":"17f12e34-03ef-4d26-ba7c-d7e7d60592cf","msg":"config.js: SUPPORT_SERVER is not provided"}
{"level":30,"time":1746410690347,"pid":26,"hostname":"17f12e34-03ef-4d26-ba7c-d7e7d60592cf","msg":"Loading commands..."}
{"level":20,"time":1746410690351,"pid":26,"hostname":"17f12e34-03ef-4d26-ba7c-d7e7d60592cf","msg":"Skipping command amongus. Disabled!"}
{"level":20,"time":1746410690351,"pid":26,"hostname":"17f12e34-03ef-4d26-ba7c-d7e7d60592cf","msg":"Skipping command editxp. Disabled!"}
{"level":20,"time":1746410690352,"pid":26,"hostname":"17f12e34-03ef-4d26-ba7c-d7e7d60592cf","msg":"Skipping command embedsite. Disabled!"}
{"level":20,"time":1746410690356,"pid":26,"hostname":"17f12e34-03ef-4d26-ba7c-d7e7d60592cf","msg":"Skipping command reset-lb. Disabled!"}
{"level":20,"time":1746410690358,"pid":26,"hostname":"17f12e34-03ef-4d26-ba7c-d7e7d60592cf","msg":"Skipping command to-do. Disabled!"}
{"level":20,"time":1746410690359,"pid":26,"hostname":"17f12e34-03ef-4d26-ba7c-d7e7d60592cf","msg":"Skipping command cooldown. Disabled!"}
{"level":20,"time":1746410690440,"pid":26,"hostname":"17f12e34-03ef-4d26-ba7c-d7e7d60592cf","msg":"Skipping command resetcd. Disabled!"}
{"level":20,"time":1746410690441,"pid":26,"hostname":"17f12e34-03ef-4d26-ba7c-d7e7d60592cf","msg":"Skipping command shift. Disabled!"}
{"level":20,"time":1746410690442,"pid":26,"hostname":"17f12e34-03ef-4d26-ba7c-d7e7d60592cf","msg":"Skipping command shiftmanagement. Disabled!"}
{"level":20,"time":1746410690442,"pid":26,"hostname":"17f12e34-03ef-4d26-ba7c-d7e7d60592cf","msg":"Skipping command special. Disabled!"}
{"level":20,"time":1746410690443,"pid":26,"hostname":"17f12e34-03ef-4d26-ba7c-d7e7d60592cf","msg":"Skipping command staffpoints. Disabled!"}
{"level":20,"time":1746410690455,"pid":26,"hostname":"17f12e34-03ef-4d26-ba7c-d7e7d60592cf","msg":"Skipping command confess. Disabled!"}
{"level":20,"time":1746410690455,"pid":26,"hostname":"17f12e34-03ef-4d26-ba7c-d7e7d60592cf","msg":"Skipping command confession. Disabled!"}
{"level":20,"time":1746410690456,"pid":26,"hostname":"17f12e34-03ef-4d26-ba7c-d7e7d60592cf","msg":"Skipping command blackjack. Disabled!"}
{"level":20,"time":1746410690459,"pid":26,"hostname":"17f12e34-03ef-4d26-ba7c-d7e7d60592cf","msg":"Skipping command slots. Disabled!"}
{"level":20,"time":1746410690540,"pid":26,"hostname":"17f12e34-03ef-4d26-ba7c-d7e7d60592cf","msg":"Skipping command steal. Disabled!"}
{"level":20,"time":1746410690540,"pid":26,"hostname":"17f12e34-03ef-4d26-ba7c-d7e7d60592cf","msg":"Skipping command work. Disabled!"}
{"level":20,"time":1746410690658,"pid":26,"hostname":"17f12e34-03ef-4d26-ba7c-d7e7d60592cf","msg":"Skipping command meme. Disabled!"}
{"level":20,"time":1746410691757,"pid":26,"hostname":"17f12e34-03ef-4d26-ba7c-d7e7d60592cf","msg":"Skipping slash command avatar. Disabled!"}
{"level":20,"time":1746410691758,"pid":26,"hostname":"17f12e34-03ef-4d26-ba7c-d7e7d60592cf","msg":"Skipping slash command botstats. Disabled!"}
{"level":20,"time":1746410691759,"pid":26,"hostname":"17f12e34-03ef-4d26-ba7c-d7e7d60592cf","msg":"Skipping slash command channelinfo. Disabled!"}
{"level":20,"time":1746410691759,"pid":26,"hostname":"17f12e34-03ef-4d26-ba7c-d7e7d60592cf","msg":"Skipping slash command emojiinfo. Disabled!"}
{"level":20,"time":1746410691841,"pid":26,"hostname":"17f12e34-03ef-4d26-ba7c-d7e7d60592cf","msg":"Skipping slash command guildinfo. Disabled!"}
{"level":20,"time":1746410691841,"pid":26,"hostname":"17f12e34-03ef-4d26-ba7c-d7e7d60592cf","msg":"Skipping slash command uptime. Disabled!"}
{"level":20,"time":1746410691842,"pid":26,"hostname":"17f12e34-03ef-4d26-ba7c-d7e7d60592cf","msg":"Skipping slash command userinfo. Disabled!"}
{"level":20,"time":1746410691842,"pid":26,"hostname":"17f12e34-03ef-4d26-ba7c-d7e7d60592cf","msg":"Skipping command bot. Disabled!"}
{"level":20,"time":1746410691843,"pid":26,"hostname":"17f12e34-03ef-4d26-ba7c-d7e7d60592cf","msg":"Skipping command info. Disabled!"}
{"level":20,"time":1746410691846,"pid":26,"hostname":"17f12e34-03ef-4d26-ba7c-d7e7d60592cf","msg":"Skipping command cateringinfo. Disabled!"}
{"level":20,"time":1746410691846,"pid":26,"hostname":"17f12e34-03ef-4d26-ba7c-d7e7d60592cf","msg":"Skipping command order. Disabled!"}
{"level":20,"time":1746410691846,"pid":26,"hostname":"17f12e34-03ef-4d26-ba7c-d7e7d60592cf","msg":"Skipping command oc. Disabled!"}
{"level":20,"time":1746410691847,"pid":26,"hostname":"17f12e34-03ef-4d26-ba7c-d7e7d60592cf","msg":"Skipping command task. Disabled!"}
{"level":20,"time":1746410691847,"pid":26,"hostname":"17f12e34-03ef-4d26-ba7c-d7e7d60592cf","msg":"Skipping command tasksetup. Disabled!"}
{"level":20,"time":1746410691848,"pid":26,"hostname":"17f12e34-03ef-4d26-ba7c-d7e7d60592cf","msg":"Skipping command give. Disabled!"}
{"level":20,"time":1746410691848,"pid":26,"hostname":"17f12e34-03ef-4d26-ba7c-d7e7d60592cf","msg":"Skipping command reload. Disabled!"}
{"level":20,"time":1746410691853,"pid":26,"hostname":"17f12e34-03ef-4d26-ba7c-d7e7d60592cf","msg":"Skipping command donator. Disabled!"}
{"level":20,"time":1746410691854,"pid":26,"hostname":"17f12e34-03ef-4d26-ba7c-d7e7d60592cf","msg":"Skipping command guidelines. Disabled!"}
{"level":20,"time":1746410691856,"pid":26,"hostname":"17f12e34-03ef-4d26-ba7c-d7e7d60592cf","msg":"Skipping command protocols. Disabled!"}
{"level":20,"time":1746410691856,"pid":26,"hostname":"17f12e34-03ef-4d26-ba7c-d7e7d60592cf","msg":"Skipping command rules. Disabled!"}
{"level":20,"time":1746410691857,"pid":26,"hostname":"17f12e34-03ef-4d26-ba7c-d7e7d60592cf","msg":"Skipping command serverinfo. Disabled!"}
{"level":20,"time":1746410691857,"pid":26,"hostname":"17f12e34-03ef-4d26-ba7c-d7e7d60592cf","msg":"Skipping command tags. Disabled!"}
{"level":30,"time":1746410691858,"pid":26,"hostname":"17f12e34-03ef-4d26-ba7c-d7e7d60592cf","msg":"Loaded 57 commands"}
{"level":30,"time":1746410691858,"pid":26,"hostname":"17f12e34-03ef-4d26-ba7c-d7e7d60592cf","msg":"Loaded 83 slash commands"}
{"level":30,"time":1746410691858,"pid":26,"hostname":"17f12e34-03ef-4d26-ba7c-d7e7d60592cf","msg":"Loading contexts..."}
{"level":30,"time":1746410691859,"pid":26,"hostname":"17f12e34-03ef-4d26-ba7c-d7e7d60592cf","msg":"Loaded 1 USER contexts"}
{"level":30,"time":1746410691859,"pid":26,"hostname":"17f12e34-03ef-4d26-ba7c-d7e7d60592cf","msg":"Loaded 0 MESSAGE contexts"}
{"level":30,"time":1746410691859,"pid":26,"hostname":"17f12e34-03ef-4d26-ba7c-d7e7d60592cf","msg":"Loading events..."}
{"level":30,"time":1746410691955,"pid":26,"hostname":"17f12e34-03ef-4d26-ba7c-d7e7d60592cf","msg":"Loaded 17 events. Success (17) Failed (0)"}
{"level":30,"time":1746410691961,"pid":26,"hostname":"17f12e34-03ef-4d26-ba7c-d7e7d60592cf","msg":"Connecting to MongoDb..."}
{"level":30,"time":1746410694166,"pid":26,"hostname":"17f12e34-03ef-4d26-ba7c-d7e7d60592cf","msg":"Mongoose: Database connection established"}
{"level":50,"time":1746410704176,"pid":26,"hostname":"17f12e34-03ef-4d26-ba7c-d7e7d60592cf","err":{"type":"ConnectTimeoutError","message":"Connect Timeout Error","stack":"ConnectTimeoutError: Connect Timeout Error\n    at onConnectTimeout (/home/container/node_modules/@discordjs/rest/node_modules/undici/lib/core/connect.js:190:24)\n    at /home/container/node_modules/@discordjs/rest/node_modules/undici/lib/core/connect.js:133:46\n    at Immediate._onImmediate (/home/container/node_modules/@discordjs/rest/node_modules/undici/lib/core/connect.js:174:9)\n    at process.processImmediate (node:internal/timers:478:21)","name":"ConnectTimeoutError","code":"UND_ERR_CONNECT_TIMEOUT"},"msg":"Unhandled exception: Connect Timeout Error"}
{"level":50,"time":1746411292048,"pid":26,"hostname":"17f12e34-03ef-4d26-ba7c-d7e7d60592cf","err":{"type":"TypeError","message":"Cannot read properties of undefined (reading 'channels')","stack":"TypeError: Cannot read properties of undefined (reading 'channels')\n    at Timeout.myFunction [as _onTimeout] (/home/container/bot.js:55:28)\n    at listOnTimeout (node:internal/timers:573:17)\n    at process.processTimers (node:internal/timers:514:7)"},"msg":"Unhandled exception: Cannot read properties of undefined (reading 'channels')"}
{"level":50,"time":1746411892049,"pid":26,"hostname":"17f12e34-03ef-4d26-ba7c-d7e7d60592cf","err":{"type":"TypeError","message":"Cannot read properties of undefined (reading 'channels')","stack":"TypeError: Cannot read properties of undefined (reading 'channels')\n    at Timeout.myFunction [as _onTimeout] (/home/container/bot.js:55:28)\n    at listOnTimeout (node:internal/timers:573:17)\n    at process.processTimers (node:internal/timers:514:7)"},"msg":"Unhandled exception: Cannot read properties of undefined (reading 'channels')"}
{"level":50,"time":1746412492048,"pid":26,"hostname":"17f12e34-03ef-4d26-ba7c-d7e7d60592cf","err":{"type":"TypeError","message":"Cannot read properties of undefined (reading 'channels')","stack":"TypeError: Cannot read properties of undefined (reading 'channels')\n    at Timeout.myFunction [as _onTimeout] (/home/container/bot.js:55:28)\n    at listOnTimeout (node:internal/timers:573:17)\n    at process.processTimers (node:internal/timers:514:7)"},"msg":"Unhandled exception: Cannot read properties of undefined (reading 'channels')"}
{"level":50,"time":1746413092049,"pid":26,"hostname":"17f12e34-03ef-4d26-ba7c-d7e7d60592cf","err":{"type":"TypeError","message":"Cannot read properties of undefined (reading 'channels')","stack":"TypeError: Cannot read properties of undefined (reading 'channels')\n    at Timeout.myFunction [as _onTimeout] (/home/container/bot.js:55:28)\n    at listOnTimeout (node:internal/timers:573:17)\n    at process.processTimers (node:internal/timers:514:7)"},"msg":"Unhandled exception: Cannot read properties of undefined (reading 'channels')"}
{"level":50,"time":1746413692049,"pid":26,"hostname":"17f12e34-03ef-4d26-ba7c-d7e7d60592cf","err":{"type":"TypeError","message":"Cannot read properties of undefined (reading 'channels')","stack":"TypeError: Cannot read properties of undefined (reading 'channels')\n    at Timeout.myFunction [as _onTimeout] (/home/container/bot.js:55:28)\n    at listOnTimeout (node:internal/timers:573:17)\n    at process.processTimers (node:internal/timers:514:7)"},"msg":"Unhandled exception: Cannot read properties of undefined (reading 'channels')"}
{"level":50,"time":1746414292057,"pid":26,"hostname":"17f12e34-03ef-4d26-ba7c-d7e7d60592cf","err":{"type":"TypeError","message":"Cannot read properties of undefined (reading 'channels')","stack":"TypeError: Cannot read properties of undefined (reading 'channels')\n    at Timeout.myFunction1 [as _onTimeout] (/home/container/bot.js:154:28)\n    at runNextTicks (node:internal/process/task_queues:60:5)\n    at process.processTimers (node:internal/timers:511:9)"},"msg":"Unhandled exception: Cannot read properties of undefined (reading 'channels')"}
{"level":50,"time":1746414292059,"pid":26,"hostname":"17f12e34-03ef-4d26-ba7c-d7e7d60592cf","err":{"type":"TypeError","message":"Cannot read properties of undefined (reading 'channels')","stack":"TypeError: Cannot read properties of undefined (reading 'channels')\n    at Timeout.myFunction [as _onTimeout] (/home/container/bot.js:55:28)\n    at listOnTimeout (node:internal/timers:573:17)\n    at process.processTimers (node:internal/timers:514:7)"},"msg":"Unhandled exception: Cannot read properties of undefined (reading 'channels')"}
{"level":50,"time":1746414892060,"pid":26,"hostname":"17f12e34-03ef-4d26-ba7c-d7e7d60592cf","err":{"type":"TypeError","message":"Cannot read properties of undefined (reading 'channels')","stack":"TypeError: Cannot read properties of undefined (reading 'channels')\n    at Timeout.myFunction [as _onTimeout] (/home/container/bot.js:55:28)\n    at listOnTimeout (node:internal/timers:573:17)\n    at process.processTimers (node:internal/timers:514:7)"},"msg":"Unhandled exception: Cannot read properties of undefined (reading 'channels')"}
{"level":50,"time":1746415492060,"pid":26,"hostname":"17f12e34-03ef-4d26-ba7c-d7e7d60592cf","err":{"type":"TypeError","message":"Cannot read properties of undefined (reading 'channels')","stack":"TypeError: Cannot read properties of undefined (reading 'channels')\n    at Timeout.myFunction [as _onTimeout] (/home/container/bot.js:55:28)\n    at listOnTimeout (node:internal/timers:573:17)\n    at process.processTimers (node:internal/timers:514:7)"},"msg":"Unhandled exception: Cannot read properties of undefined (reading 'channels')"}
{"level":50,"time":1746416092061,"pid":26,"hostname":"17f12e34-03ef-4d26-ba7c-d7e7d60592cf","err":{"type":"TypeError","message":"Cannot read properties of undefined (reading 'channels')","stack":"TypeError: Cannot read properties of undefined (reading 'channels')\n    at Timeout.myFunction [as _onTimeout] (/home/container/bot.js:55:28)\n    at listOnTimeout (node:internal/timers:573:17)\n    at process.processTimers (node:internal/timers:514:7)"},"msg":"Unhandled exception: Cannot read properties of undefined (reading 'channels')"}
{"level":50,"time":1746416692061,"pid":26,"hostname":"17f12e34-03ef-4d26-ba7c-d7e7d60592cf","err":{"type":"TypeError","message":"Cannot read properties of undefined (reading 'channels')","stack":"TypeError: Cannot read properties of undefined (reading 'channels')\n    at Timeout.myFunction [as _onTimeout] (/home/container/bot.js:55:28)\n    at listOnTimeout (node:internal/timers:573:17)\n    at process.processTimers (node:internal/timers:514:7)"},"msg":"Unhandled exception: Cannot read properties of undefined (reading 'channels')"}
{"level":50,"time":1746417292062,"pid":26,"hostname":"17f12e34-03ef-4d26-ba7c-d7e7d60592cf","err":{"type":"TypeError","message":"Cannot read properties of undefined (reading 'channels')","stack":"TypeError: Cannot read properties of undefined (reading 'channels')\n    at Timeout.myFunction [as _onTimeout] (/home/container/bot.js:55:28)\n    at listOnTimeout (node:internal/timers:573:17)\n    at process.processTimers (node:internal/timers:514:7)"},"msg":"Unhandled exception: Cannot read properties of undefined (reading 'channels')"}
{"level":50,"time":1746417892053,"pid":26,"hostname":"17f12e34-03ef-4d26-ba7c-d7e7d60592cf","err":{"type":"TypeError","message":"Cannot read properties of undefined (reading 'channels')","stack":"TypeError: Cannot read properties of undefined (reading 'channels')\n    at Timeout.myFunction1 [as _onTimeout] (/home/container/bot.js:154:28)"},"msg":"Unhandled exception: Cannot read properties of undefined (reading 'channels')"}
{"level":50,"time":1746417892062,"pid":26,"hostname":"17f12e34-03ef-4d26-ba7c-d7e7d60592cf","err":{"type":"TypeError","message":"Cannot read properties of undefined (reading 'channels')","stack":"TypeError: Cannot read properties of undefined (reading 'channels')\n    at Timeout.myFunction [as _onTimeout] (/home/container/bot.js:55:28)\n    at listOnTimeout (node:internal/timers:573:17)\n    at process.processTimers (node:internal/timers:514:7)"},"msg":"Unhandled exception: Cannot read properties of undefined (reading 'channels')"}
{"level":50,"time":1746418492063,"pid":26,"hostname":"17f12e34-03ef-4d26-ba7c-d7e7d60592cf","err":{"type":"TypeError","message":"Cannot read properties of undefined (reading 'channels')","stack":"TypeError: Cannot read properties of undefined (reading 'channels')\n    at Timeout.myFunction [as _onTimeout] (/home/container/bot.js:55:28)\n    at listOnTimeout (node:internal/timers:573:17)\n    at process.processTimers (node:internal/timers:514:7)"},"msg":"Unhandled exception: Cannot read properties of undefined (reading 'channels')"}
{"level":50,"time":1746419092064,"pid":26,"hostname":"17f12e34-03ef-4d26-ba7c-d7e7d60592cf","err":{"type":"TypeError","message":"Cannot read properties of undefined (reading 'channels')","stack":"TypeError: Cannot read properties of undefined (reading 'channels')\n    at Timeout.myFunction [as _onTimeout] (/home/container/bot.js:55:28)\n    at listOnTimeout (node:internal/timers:573:17)\n    at process.processTimers (node:internal/timers:514:7)"},"msg":"Unhandled exception: Cannot read properties of undefined (reading 'channels')"}
{"level":50,"time":1746419692064,"pid":26,"hostname":"17f12e34-03ef-4d26-ba7c-d7e7d60592cf","err":{"type":"TypeError","message":"Cannot read properties of undefined (reading 'channels')","stack":"TypeError: Cannot read properties of undefined (reading 'channels')\n    at Timeout.myFunction [as _onTimeout] (/home/container/bot.js:55:28)\n    at listOnTimeout (node:internal/timers:573:17)\n    at process.processTimers (node:internal/timers:514:7)"},"msg":"Unhandled exception: Cannot read properties of undefined (reading 'channels')"}
{"level":50,"time":1746420292064,"pid":26,"hostname":"17f12e34-03ef-4d26-ba7c-d7e7d60592cf","err":{"type":"TypeError","message":"Cannot read properties of undefined (reading 'channels')","stack":"TypeError: Cannot read properties of undefined (reading 'channels')\n    at Timeout.myFunction [as _onTimeout] (/home/container/bot.js:55:28)\n    at listOnTimeout (node:internal/timers:573:17)\n    at process.processTimers (node:internal/timers:514:7)"},"msg":"Unhandled exception: Cannot read properties of undefined (reading 'channels')"}
{"level":50,"time":1746420892065,"pid":26,"hostname":"17f12e34-03ef-4d26-ba7c-d7e7d60592cf","err":{"type":"TypeError","message":"Cannot read properties of undefined (reading 'channels')","stack":"TypeError: Cannot read properties of undefined (reading 'channels')\n    at Timeout.myFunction [as _onTimeout] (/home/container/bot.js:55:28)\n    at listOnTimeout (node:internal/timers:573:17)\n    at process.processTimers (node:internal/timers:514:7)"},"msg":"Unhandled exception: Cannot read properties of undefined (reading 'channels')"}
{"level":50,"time":1746421492053,"pid":26,"hostname":"17f12e34-03ef-4d26-ba7c-d7e7d60592cf","err":{"type":"TypeError","message":"Cannot read properties of undefined (reading 'channels')","stack":"TypeError: Cannot read properties of undefined (reading 'channels')\n    at Timeout.myFunction1 [as _onTimeout] (/home/container/bot.js:154:28)"},"msg":"Unhandled exception: Cannot read properties of undefined (reading 'channels')"}
{"level":50,"time":1746421492065,"pid":26,"hostname":"17f12e34-03ef-4d26-ba7c-d7e7d60592cf","err":{"type":"TypeError","message":"Cannot read properties of undefined (reading 'channels')","stack":"TypeError: Cannot read properties of undefined (reading 'channels')\n    at Timeout.myFunction [as _onTimeout] (/home/container/bot.js:55:28)\n    at listOnTimeout (node:internal/timers:573:17)\n    at process.processTimers (node:internal/timers:514:7)"},"msg":"Unhandled exception: Cannot read properties of undefined (reading 'channels')"}
{"level":50,"time":1746422092065,"pid":26,"hostname":"17f12e34-03ef-4d26-ba7c-d7e7d60592cf","err":{"type":"TypeError","message":"Cannot read properties of undefined (reading 'channels')","stack":"TypeError: Cannot read properties of undefined (reading 'channels')\n    at Timeout.myFunction [as _onTimeout] (/home/container/bot.js:55:28)\n    at listOnTimeout (node:internal/timers:573:17)\n    at process.processTimers (node:internal/timers:514:7)"},"msg":"Unhandled exception: Cannot read properties of undefined (reading 'channels')"}
{"level":50,"time":1746422692065,"pid":26,"hostname":"17f12e34-03ef-4d26-ba7c-d7e7d60592cf","err":{"type":"TypeError","message":"Cannot read properties of undefined (reading 'channels')","stack":"TypeError: Cannot read properties of undefined (reading 'channels')\n    at Timeout.myFunction [as _onTimeout] (/home/container/bot.js:55:28)\n    at listOnTimeout (node:internal/timers:573:17)\n    at process.processTimers (node:internal/timers:514:7)"},"msg":"Unhandled exception: Cannot read properties of undefined (reading 'channels')"}
{"level":50,"time":1746423292065,"pid":26,"hostname":"17f12e34-03ef-4d26-ba7c-d7e7d60592cf","err":{"type":"TypeError","message":"Cannot read properties of undefined (reading 'channels')","stack":"TypeError: Cannot read properties of undefined (reading 'channels')\n    at Timeout.myFunction [as _onTimeout] (/home/container/bot.js:55:28)\n    at listOnTimeout (node:internal/timers:573:17)\n    at process.processTimers (node:internal/timers:514:7)"},"msg":"Unhandled exception: Cannot read properties of undefined (reading 'channels')"}
{"level":50,"time":1746423892065,"pid":26,"hostname":"17f12e34-03ef-4d26-ba7c-d7e7d60592cf","err":{"type":"TypeError","message":"Cannot read properties of undefined (reading 'channels')","stack":"TypeError: Cannot read properties of undefined (reading 'channels')\n    at Timeout.myFunction [as _onTimeout] (/home/container/bot.js:55:28)\n    at listOnTimeout (node:internal/timers:573:17)\n    at process.processTimers (node:internal/timers:514:7)"},"msg":"Unhandled exception: Cannot read properties of undefined (reading 'channels')"}
{"level":50,"time":1746424492066,"pid":26,"hostname":"17f12e34-03ef-4d26-ba7c-d7e7d60592cf","err":{"type":"TypeError","message":"Cannot read properties of undefined (reading 'channels')","stack":"TypeError: Cannot read properties of undefined (reading 'channels')\n    at Timeout.myFunction [as _onTimeout] (/home/container/bot.js:55:28)\n    at listOnTimeout (node:internal/timers:573:17)\n    at process.processTimers (node:internal/timers:514:7)"},"msg":"Unhandled exception: Cannot read properties of undefined (reading 'channels')"}
{"level":50,"time":1746425092052,"pid":26,"hostname":"17f12e34-03ef-4d26-ba7c-d7e7d60592cf","err":{"type":"TypeError","message":"Cannot read properties of undefined (reading 'channels')","stack":"TypeError: Cannot read properties of undefined (reading 'channels')\n    at Timeout.myFunction1 [as _onTimeout] (/home/container/bot.js:154:28)"},"msg":"Unhandled exception: Cannot read properties of undefined (reading 'channels')"}
{"level":50,"time":1746425092066,"pid":26,"hostname":"17f12e34-03ef-4d26-ba7c-d7e7d60592cf","err":{"type":"TypeError","message":"Cannot read properties of undefined (reading 'channels')","stack":"TypeError: Cannot read properties of undefined (reading 'channels')\n    at Timeout.myFunction [as _onTimeout] (/home/container/bot.js:55:28)\n    at listOnTimeout (node:internal/timers:573:17)\n    at process.processTimers (node:internal/timers:514:7)"},"msg":"Unhandled exception: Cannot read properties of undefined (reading 'channels')"}
{"level":50,"time":1746425692066,"pid":26,"hostname":"17f12e34-03ef-4d26-ba7c-d7e7d60592cf","err":{"type":"TypeError","message":"Cannot read properties of undefined (reading 'channels')","stack":"TypeError: Cannot read properties of undefined (reading 'channels')\n    at Timeout.myFunction [as _onTimeout] (/home/container/bot.js:55:28)\n    at listOnTimeout (node:internal/timers:573:17)\n    at process.processTimers (node:internal/timers:514:7)"},"msg":"Unhandled exception: Cannot read properties of undefined (reading 'channels')"}
{"level":50,"time":1746426292067,"pid":26,"hostname":"17f12e34-03ef-4d26-ba7c-d7e7d60592cf","err":{"type":"TypeError","message":"Cannot read properties of undefined (reading 'channels')","stack":"TypeError: Cannot read properties of undefined (reading 'channels')\n    at Timeout.myFunction [as _onTimeout] (/home/container/bot.js:55:28)\n    at listOnTimeout (node:internal/timers:573:17)\n    at process.processTimers (node:internal/timers:514:7)"},"msg":"Unhandled exception: Cannot read properties of undefined (reading 'channels')"}
{"level":50,"time":1746426892068,"pid":26,"hostname":"17f12e34-03ef-4d26-ba7c-d7e7d60592cf","err":{"type":"TypeError","message":"Cannot read properties of undefined (reading 'channels')","stack":"TypeError: Cannot read properties of undefined (reading 'channels')\n    at Timeout.myFunction [as _onTimeout] (/home/container/bot.js:55:28)\n    at listOnTimeout (node:internal/timers:573:17)\n    at process.processTimers (node:internal/timers:514:7)"},"msg":"Unhandled exception: Cannot read properties of undefined (reading 'channels')"}
{"level":50,"time":1746427492068,"pid":26,"hostname":"17f12e34-03ef-4d26-ba7c-d7e7d60592cf","err":{"type":"TypeError","message":"Cannot read properties of undefined (reading 'channels')","stack":"TypeError: Cannot read properties of undefined (reading 'channels')\n    at Timeout.myFunction [as _onTimeout] (/home/container/bot.js:55:28)\n    at listOnTimeout (node:internal/timers:573:17)\n    at process.processTimers (node:internal/timers:514:7)"},"msg":"Unhandled exception: Cannot read properties of undefined (reading 'channels')"}
{"level":50,"time":1746428092068,"pid":26,"hostname":"17f12e34-03ef-4d26-ba7c-d7e7d60592cf","err":{"type":"TypeError","message":"Cannot read properties of undefined (reading 'channels')","stack":"TypeError: Cannot read properties of undefined (reading 'channels')\n    at Timeout.myFunction [as _onTimeout] (/home/container/bot.js:55:28)\n    at listOnTimeout (node:internal/timers:573:17)\n    at process.processTimers (node:internal/timers:514:7)"},"msg":"Unhandled exception: Cannot read properties of undefined (reading 'channels')"}
{"level":50,"time":1746428692052,"pid":26,"hostname":"17f12e34-03ef-4d26-ba7c-d7e7d60592cf","err":{"type":"TypeError","message":"Cannot read properties of undefined (reading 'channels')","stack":"TypeError: Cannot read properties of undefined (reading 'channels')\n    at Timeout.myFunction1 [as _onTimeout] (/home/container/bot.js:154:28)"},"msg":"Unhandled exception: Cannot read properties of undefined (reading 'channels')"}
{"level":50,"time":1746428692068,"pid":26,"hostname":"17f12e34-03ef-4d26-ba7c-d7e7d60592cf","err":{"type":"TypeError","message":"Cannot read properties of undefined (reading 'channels')","stack":"TypeError: Cannot read properties of undefined (reading 'channels')\n    at Timeout.myFunction [as _onTimeout] (/home/container/bot.js:55:28)\n    at listOnTimeout (node:internal/timers:573:17)\n    at process.processTimers (node:internal/timers:514:7)"},"msg":"Unhandled exception: Cannot read properties of undefined (reading 'channels')"}
{"level":50,"time":1746429292069,"pid":26,"hostname":"17f12e34-03ef-4d26-ba7c-d7e7d60592cf","err":{"type":"TypeError","message":"Cannot read properties of undefined (reading 'channels')","stack":"TypeError: Cannot read properties of undefined (reading 'channels')\n    at Timeout.myFunction [as _onTimeout] (/home/container/bot.js:55:28)\n    at listOnTimeout (node:internal/timers:573:17)\n    at process.processTimers (node:internal/timers:514:7)"},"msg":"Unhandled exception: Cannot read properties of undefined (reading 'channels')"}
{"level":50,"time":1746429892070,"pid":26,"hostname":"17f12e34-03ef-4d26-ba7c-d7e7d60592cf","err":{"type":"TypeError","message":"Cannot read properties of undefined (reading 'channels')","stack":"TypeError: Cannot read properties of undefined (reading 'channels')\n    at Timeout.myFunction [as _onTimeout] (/home/container/bot.js:55:28)\n    at listOnTimeout (node:internal/timers:573:17)\n    at process.processTimers (node:internal/timers:514:7)"},"msg":"Unhandled exception: Cannot read properties of undefined (reading 'channels')"}
{"level":50,"time":1746430492070,"pid":26,"hostname":"17f12e34-03ef-4d26-ba7c-d7e7d60592cf","err":{"type":"TypeError","message":"Cannot read properties of undefined (reading 'channels')","stack":"TypeError: Cannot read properties of undefined (reading 'channels')\n    at Timeout.myFunction [as _onTimeout] (/home/container/bot.js:55:28)\n    at listOnTimeout (node:internal/timers:573:17)\n    at process.processTimers (node:internal/timers:514:7)"},"msg":"Unhandled exception: Cannot read properties of undefined (reading 'channels')"}
{"level":50,"time":1746431092070,"pid":26,"hostname":"17f12e34-03ef-4d26-ba7c-d7e7d60592cf","err":{"type":"TypeError","message":"Cannot read properties of undefined (reading 'channels')","stack":"TypeError: Cannot read properties of undefined (reading 'channels')\n    at Timeout.myFunction [as _onTimeout] (/home/container/bot.js:55:28)\n    at listOnTimeout (node:internal/timers:573:17)\n    at process.processTimers (node:internal/timers:514:7)"},"msg":"Unhandled exception: Cannot read properties of undefined (reading 'channels')"}
{"level":50,"time":1746431692071,"pid":26,"hostname":"17f12e34-03ef-4d26-ba7c-d7e7d60592cf","err":{"type":"TypeError","message":"Cannot read properties of undefined (reading 'channels')","stack":"TypeError: Cannot read properties of undefined (reading 'channels')\n    at Timeout.myFunction [as _onTimeout] (/home/container/bot.js:55:28)\n    at listOnTimeout (node:internal/timers:573:17)\n    at process.processTimers (node:internal/timers:514:7)"},"msg":"Unhandled exception: Cannot read properties of undefined (reading 'channels')"}
{"level":50,"time":1746432292052,"pid":26,"hostname":"17f12e34-03ef-4d26-ba7c-d7e7d60592cf","err":{"type":"TypeError","message":"Cannot read properties of undefined (reading 'channels')","stack":"TypeError: Cannot read properties of undefined (reading 'channels')\n    at Timeout.myFunction1 [as _onTimeout] (/home/container/bot.js:154:28)"},"msg":"Unhandled exception: Cannot read properties of undefined (reading 'channels')"}
{"level":50,"time":1746432292071,"pid":26,"hostname":"17f12e34-03ef-4d26-ba7c-d7e7d60592cf","err":{"type":"TypeError","message":"Cannot read properties of undefined (reading 'channels')","stack":"TypeError: Cannot read properties of undefined (reading 'channels')\n    at Timeout.myFunction [as _onTimeout] (/home/container/bot.js:55:28)\n    at listOnTimeout (node:internal/timers:573:17)\n    at process.processTimers (node:internal/timers:514:7)"},"msg":"Unhandled exception: Cannot read properties of undefined (reading 'channels')"}
{"level":50,"time":1746432892072,"pid":26,"hostname":"17f12e34-03ef-4d26-ba7c-d7e7d60592cf","err":{"type":"TypeError","message":"Cannot read properties of undefined (reading 'channels')","stack":"TypeError: Cannot read properties of undefined (reading 'channels')\n    at Timeout.myFunction [as _onTimeout] (/home/container/bot.js:55:28)\n    at listOnTimeout (node:internal/timers:573:17)\n    at process.processTimers (node:internal/timers:514:7)"},"msg":"Unhandled exception: Cannot read properties of undefined (reading 'channels')"}
{"level":50,"time":1746433492072,"pid":26,"hostname":"17f12e34-03ef-4d26-ba7c-d7e7d60592cf","err":{"type":"TypeError","message":"Cannot read properties of undefined (reading 'channels')","stack":"TypeError: Cannot read properties of undefined (reading 'channels')\n    at Timeout.myFunction [as _onTimeout] (/home/container/bot.js:55:28)\n    at listOnTimeout (node:internal/timers:573:17)\n    at process.processTimers (node:internal/timers:514:7)"},"msg":"Unhandled exception: Cannot read properties of undefined (reading 'channels')"}
{"level":50,"time":1746434092072,"pid":26,"hostname":"17f12e34-03ef-4d26-ba7c-d7e7d60592cf","err":{"type":"TypeError","message":"Cannot read properties of undefined (reading 'channels')","stack":"TypeError: Cannot read properties of undefined (reading 'channels')\n    at Timeout.myFunction [as _onTimeout] (/home/container/bot.js:55:28)\n    at listOnTimeout (node:internal/timers:573:17)\n    at process.processTimers (node:internal/timers:514:7)"},"msg":"Unhandled exception: Cannot read properties of undefined (reading 'channels')"}
{"level":50,"time":1746434692073,"pid":26,"hostname":"17f12e34-03ef-4d26-ba7c-d7e7d60592cf","err":{"type":"TypeError","message":"Cannot read properties of undefined (reading 'channels')","stack":"TypeError: Cannot read properties of undefined (reading 'channels')\n    at Timeout.myFunction [as _onTimeout] (/home/container/bot.js:55:28)\n    at listOnTimeout (node:internal/timers:573:17)\n    at process.processTimers (node:internal/timers:514:7)"},"msg":"Unhandled exception: Cannot read properties of undefined (reading 'channels')"}
{"level":50,"time":1746435292073,"pid":26,"hostname":"17f12e34-03ef-4d26-ba7c-d7e7d60592cf","err":{"type":"TypeError","message":"Cannot read properties of undefined (reading 'channels')","stack":"TypeError: Cannot read properties of undefined (reading 'channels')\n    at Timeout.myFunction [as _onTimeout] (/home/container/bot.js:55:28)\n    at listOnTimeout (node:internal/timers:573:17)\n    at process.processTimers (node:internal/timers:514:7)"},"msg":"Unhandled exception: Cannot read properties of undefined (reading 'channels')"}
{"level":50,"time":1746435892053,"pid":26,"hostname":"17f12e34-03ef-4d26-ba7c-d7e7d60592cf","err":{"type":"TypeError","message":"Cannot read properties of undefined (reading 'channels')","stack":"TypeError: Cannot read properties of undefined (reading 'channels')\n    at Timeout.myFunction1 [as _onTimeout] (/home/container/bot.js:154:28)"},"msg":"Unhandled exception: Cannot read properties of undefined (reading 'channels')"}
{"level":50,"time":1746435892073,"pid":26,"hostname":"17f12e34-03ef-4d26-ba7c-d7e7d60592cf","err":{"type":"TypeError","message":"Cannot read properties of undefined (reading 'channels')","stack":"TypeError: Cannot read properties of undefined (reading 'channels')\n    at Timeout.myFunction [as _onTimeout] (/home/container/bot.js:55:28)\n    at listOnTimeout (node:internal/timers:573:17)\n    at process.processTimers (node:internal/timers:514:7)"},"msg":"Unhandled exception: Cannot read properties of undefined (reading 'channels')"}
{"level":50,"time":1746436492073,"pid":26,"hostname":"17f12e34-03ef-4d26-ba7c-d7e7d60592cf","err":{"type":"TypeError","message":"Cannot read properties of undefined (reading 'channels')","stack":"TypeError: Cannot read properties of undefined (reading 'channels')\n    at Timeout.myFunction [as _onTimeout] (/home/container/bot.js:55:28)\n    at listOnTimeout (node:internal/timers:573:17)\n    at process.processTimers (node:internal/timers:514:7)"},"msg":"Unhandled exception: Cannot read properties of undefined (reading 'channels')"}
{"level":50,"time":1746437092073,"pid":26,"hostname":"17f12e34-03ef-4d26-ba7c-d7e7d60592cf","err":{"type":"TypeError","message":"Cannot read properties of undefined (reading 'channels')","stack":"TypeError: Cannot read properties of undefined (reading 'channels')\n    at Timeout.myFunction [as _onTimeout] (/home/container/bot.js:55:28)\n    at listOnTimeout (node:internal/timers:573:17)\n    at process.processTimers (node:internal/timers:514:7)"},"msg":"Unhandled exception: Cannot read properties of undefined (reading 'channels')"}
{"level":50,"time":1746437692073,"pid":26,"hostname":"17f12e34-03ef-4d26-ba7c-d7e7d60592cf","err":{"type":"TypeError","message":"Cannot read properties of undefined (reading 'channels')","stack":"TypeError: Cannot read properties of undefined (reading 'channels')\n    at Timeout.myFunction [as _onTimeout] (/home/container/bot.js:55:28)\n    at listOnTimeout (node:internal/timers:573:17)\n    at process.processTimers (node:internal/timers:514:7)"},"msg":"Unhandled exception: Cannot read properties of undefined (reading 'channels')"}
{"level":50,"time":1746438292073,"pid":26,"hostname":"17f12e34-03ef-4d26-ba7c-d7e7d60592cf","err":{"type":"TypeError","message":"Cannot read properties of undefined (reading 'channels')","stack":"TypeError: Cannot read properties of undefined (reading 'channels')\n    at Timeout.myFunction [as _onTimeout] (/home/container/bot.js:55:28)\n    at listOnTimeout (node:internal/timers:573:17)\n    at process.processTimers (node:internal/timers:514:7)"},"msg":"Unhandled exception: Cannot read properties of undefined (reading 'channels')"}
{"level":50,"time":1746438892074,"pid":26,"hostname":"17f12e34-03ef-4d26-ba7c-d7e7d60592cf","err":{"type":"TypeError","message":"Cannot read properties of undefined (reading 'channels')","stack":"TypeError: Cannot read properties of undefined (reading 'channels')\n    at Timeout.myFunction [as _onTimeout] (/home/container/bot.js:55:28)\n    at listOnTimeout (node:internal/timers:573:17)\n    at process.processTimers (node:internal/timers:514:7)"},"msg":"Unhandled exception: Cannot read properties of undefined (reading 'channels')"}
{"level":50,"time":1746439492054,"pid":26,"hostname":"17f12e34-03ef-4d26-ba7c-d7e7d60592cf","err":{"type":"TypeError","message":"Cannot read properties of undefined (reading 'channels')","stack":"TypeError: Cannot read properties of undefined (reading 'channels')\n    at Timeout.myFunction1 [as _onTimeout] (/home/container/bot.js:154:28)"},"msg":"Unhandled exception: Cannot read properties of undefined (reading 'channels')"}
{"level":50,"time":1746439492073,"pid":26,"hostname":"17f12e34-03ef-4d26-ba7c-d7e7d60592cf","err":{"type":"TypeError","message":"Cannot read properties of undefined (reading 'channels')","stack":"TypeError: Cannot read properties of undefined (reading 'channels')\n    at Timeout.myFunction [as _onTimeout] (/home/container/bot.js:55:28)\n    at listOnTimeout (node:internal/timers:573:17)\n    at process.processTimers (node:internal/timers:514:7)"},"msg":"Unhandled exception: Cannot read properties of undefined (reading 'channels')"}
{"level":50,"time":1746440092074,"pid":26,"hostname":"17f12e34-03ef-4d26-ba7c-d7e7d60592cf","err":{"type":"TypeError","message":"Cannot read properties of undefined (reading 'channels')","stack":"TypeError: Cannot read properties of undefined (reading 'channels')\n    at Timeout.myFunction [as _onTimeout] (/home/container/bot.js:55:28)\n    at listOnTimeout (node:internal/timers:573:17)\n    at process.processTimers (node:internal/timers:514:7)"},"msg":"Unhandled exception: Cannot read properties of undefined (reading 'channels')"}
{"level":50,"time":1746440692074,"pid":26,"hostname":"17f12e34-03ef-4d26-ba7c-d7e7d60592cf","err":{"type":"TypeError","message":"Cannot read properties of undefined (reading 'channels')","stack":"TypeError: Cannot read properties of undefined (reading 'channels')\n    at Timeout.myFunction [as _onTimeout] (/home/container/bot.js:55:28)\n    at listOnTimeout (node:internal/timers:573:17)\n    at process.processTimers (node:internal/timers:514:7)"},"msg":"Unhandled exception: Cannot read properties of undefined (reading 'channels')"}
{"level":50,"time":1746441292074,"pid":26,"hostname":"17f12e34-03ef-4d26-ba7c-d7e7d60592cf","err":{"type":"TypeError","message":"Cannot read properties of undefined (reading 'channels')","stack":"TypeError: Cannot read properties of undefined (reading 'channels')\n    at Timeout.myFunction [as _onTimeout] (/home/container/bot.js:55:28)\n    at listOnTimeout (node:internal/timers:573:17)\n    at process.processTimers (node:internal/timers:514:7)"},"msg":"Unhandled exception: Cannot read properties of undefined (reading 'channels')"}
{"level":50,"time":1746441892075,"pid":26,"hostname":"17f12e34-03ef-4d26-ba7c-d7e7d60592cf","err":{"type":"TypeError","message":"Cannot read properties of undefined (reading 'channels')","stack":"TypeError: Cannot read properties of undefined (reading 'channels')\n    at Timeout.myFunction [as _onTimeout] (/home/container/bot.js:55:28)\n    at listOnTimeout (node:internal/timers:573:17)\n    at process.processTimers (node:internal/timers:514:7)"},"msg":"Unhandled exception: Cannot read properties of undefined (reading 'channels')"}
{"level":50,"time":1746442492076,"pid":26,"hostname":"17f12e34-03ef-4d26-ba7c-d7e7d60592cf","err":{"type":"TypeError","message":"Cannot read properties of undefined (reading 'channels')","stack":"TypeError: Cannot read properties of undefined (reading 'channels')\n    at Timeout.myFunction [as _onTimeout] (/home/container/bot.js:55:28)\n    at listOnTimeout (node:internal/timers:573:17)\n    at process.processTimers (node:internal/timers:514:7)"},"msg":"Unhandled exception: Cannot read properties of undefined (reading 'channels')"}
{"level":50,"time":1746443092056,"pid":26,"hostname":"17f12e34-03ef-4d26-ba7c-d7e7d60592cf","err":{"type":"TypeError","message":"Cannot read properties of undefined (reading 'channels')","stack":"TypeError: Cannot read properties of undefined (reading 'channels')\n    at Timeout.myFunction1 [as _onTimeout] (/home/container/bot.js:154:28)"},"msg":"Unhandled exception: Cannot read properties of undefined (reading 'channels')"}
{"level":50,"time":1746443092076,"pid":26,"hostname":"17f12e34-03ef-4d26-ba7c-d7e7d60592cf","err":{"type":"TypeError","message":"Cannot read properties of undefined (reading 'channels')","stack":"TypeError: Cannot read properties of undefined (reading 'channels')\n    at Timeout.myFunction [as _onTimeout] (/home/container/bot.js:55:28)\n    at listOnTimeout (node:internal/timers:573:17)\n    at process.processTimers (node:internal/timers:514:7)"},"msg":"Unhandled exception: Cannot read properties of undefined (reading 'channels')"}
{"level":50,"time":1746443692077,"pid":26,"hostname":"17f12e34-03ef-4d26-ba7c-d7e7d60592cf","err":{"type":"TypeError","message":"Cannot read properties of undefined (reading 'channels')","stack":"TypeError: Cannot read properties of undefined (reading 'channels')\n    at Timeout.myFunction [as _onTimeout] (/home/container/bot.js:55:28)\n    at listOnTimeout (node:internal/timers:573:17)\n    at process.processTimers (node:internal/timers:514:7)"},"msg":"Unhandled exception: Cannot read properties of undefined (reading 'channels')"}
{"level":50,"time":1746444292076,"pid":26,"hostname":"17f12e34-03ef-4d26-ba7c-d7e7d60592cf","err":{"type":"TypeError","message":"Cannot read properties of undefined (reading 'channels')","stack":"TypeError: Cannot read properties of undefined (reading 'channels')\n    at Timeout.myFunction [as _onTimeout] (/home/container/bot.js:55:28)\n    at listOnTimeout (node:internal/timers:573:17)\n    at process.processTimers (node:internal/timers:514:7)"},"msg":"Unhandled exception: Cannot read properties of undefined (reading 'channels')"}
{"level":50,"time":1746444892076,"pid":26,"hostname":"17f12e34-03ef-4d26-ba7c-d7e7d60592cf","err":{"type":"TypeError","message":"Cannot read properties of undefined (reading 'channels')","stack":"TypeError: Cannot read properties of undefined (reading 'channels')\n    at Timeout.myFunction [as _onTimeout] (/home/container/bot.js:55:28)\n    at listOnTimeout (node:internal/timers:573:17)\n    at process.processTimers (node:internal/timers:514:7)"},"msg":"Unhandled exception: Cannot read properties of undefined (reading 'channels')"}
{"level":50,"time":1746445492076,"pid":26,"hostname":"17f12e34-03ef-4d26-ba7c-d7e7d60592cf","err":{"type":"TypeError","message":"Cannot read properties of undefined (reading 'channels')","stack":"TypeError: Cannot read properties of undefined (reading 'channels')\n    at Timeout.myFunction [as _onTimeout] (/home/container/bot.js:55:28)\n    at listOnTimeout (node:internal/timers:573:17)\n    at process.processTimers (node:internal/timers:514:7)"},"msg":"Unhandled exception: Cannot read properties of undefined (reading 'channels')"}
{"level":50,"time":1746446092076,"pid":26,"hostname":"17f12e34-03ef-4d26-ba7c-d7e7d60592cf","err":{"type":"TypeError","message":"Cannot read properties of undefined (reading 'channels')","stack":"TypeError: Cannot read properties of undefined (reading 'channels')\n    at Timeout.myFunction [as _onTimeout] (/home/container/bot.js:55:28)\n    at listOnTimeout (node:internal/timers:573:17)\n    at process.processTimers (node:internal/timers:514:7)"},"msg":"Unhandled exception: Cannot read properties of undefined (reading 'channels')"}
{"level":50,"time":1746446692054,"pid":26,"hostname":"17f12e34-03ef-4d26-ba7c-d7e7d60592cf","err":{"type":"TypeError","message":"Cannot read properties of undefined (reading 'channels')","stack":"TypeError: Cannot read properties of undefined (reading 'channels')\n    at Timeout.myFunction1 [as _onTimeout] (/home/container/bot.js:154:28)"},"msg":"Unhandled exception: Cannot read properties of undefined (reading 'channels')"}
{"level":50,"time":1746446692076,"pid":26,"hostname":"17f12e34-03ef-4d26-ba7c-d7e7d60592cf","err":{"type":"TypeError","message":"Cannot read properties of undefined (reading 'channels')","stack":"TypeError: Cannot read properties of undefined (reading 'channels')\n    at Timeout.myFunction [as _onTimeout] (/home/container/bot.js:55:28)\n    at listOnTimeout (node:internal/timers:573:17)\n    at process.processTimers (node:internal/timers:514:7)"},"msg":"Unhandled exception: Cannot read properties of undefined (reading 'channels')"}
{"level":50,"time":1746447292077,"pid":26,"hostname":"17f12e34-03ef-4d26-ba7c-d7e7d60592cf","err":{"type":"TypeError","message":"Cannot read properties of undefined (reading 'channels')","stack":"TypeError: Cannot read properties of undefined (reading 'channels')\n    at Timeout.myFunction [as _onTimeout] (/home/container/bot.js:55:28)\n    at listOnTimeout (node:internal/timers:573:17)\n    at process.processTimers (node:internal/timers:514:7)"},"msg":"Unhandled exception: Cannot read properties of undefined (reading 'channels')"}
{"level":50,"time":1746447892077,"pid":26,"hostname":"17f12e34-03ef-4d26-ba7c-d7e7d60592cf","err":{"type":"TypeError","message":"Cannot read properties of undefined (reading 'channels')","stack":"TypeError: Cannot read properties of undefined (reading 'channels')\n    at Timeout.myFunction [as _onTimeout] (/home/container/bot.js:55:28)\n    at listOnTimeout (node:internal/timers:573:17)\n    at process.processTimers (node:internal/timers:514:7)"},"msg":"Unhandled exception: Cannot read properties of undefined (reading 'channels')"}
{"level":50,"time":1746448492077,"pid":26,"hostname":"17f12e34-03ef-4d26-ba7c-d7e7d60592cf","err":{"type":"TypeError","message":"Cannot read properties of undefined (reading 'channels')","stack":"TypeError: Cannot read properties of undefined (reading 'channels')\n    at Timeout.myFunction [as _onTimeout] (/home/container/bot.js:55:28)\n    at listOnTimeout (node:internal/timers:573:17)\n    at process.processTimers (node:internal/timers:514:7)"},"msg":"Unhandled exception: Cannot read properties of undefined (reading 'channels')"}
{"level":50,"time":1746449092077,"pid":26,"hostname":"17f12e34-03ef-4d26-ba7c-d7e7d60592cf","err":{"type":"TypeError","message":"Cannot read properties of undefined (reading 'channels')","stack":"TypeError: Cannot read properties of undefined (reading 'channels')\n    at Timeout.myFunction [as _onTimeout] (/home/container/bot.js:55:28)\n    at listOnTimeout (node:internal/timers:573:17)\n    at process.processTimers (node:internal/timers:514:7)"},"msg":"Unhandled exception: Cannot read properties of undefined (reading 'channels')"}
{"level":50,"time":1746449692078,"pid":26,"hostname":"17f12e34-03ef-4d26-ba7c-d7e7d60592cf","err":{"type":"TypeError","message":"Cannot read properties of undefined (reading 'channels')","stack":"TypeError: Cannot read properties of undefined (reading 'channels')\n    at Timeout.myFunction [as _onTimeout] (/home/container/bot.js:55:28)\n    at listOnTimeout (node:internal/timers:573:17)\n    at process.processTimers (node:internal/timers:514:7)"},"msg":"Unhandled exception: Cannot read properties of undefined (reading 'channels')"}
{"level":50,"time":1746450292054,"pid":26,"hostname":"17f12e34-03ef-4d26-ba7c-d7e7d60592cf","err":{"type":"TypeError","message":"Cannot read properties of undefined (reading 'channels')","stack":"TypeError: Cannot read properties of undefined (reading 'channels')\n    at Timeout.myFunction1 [as _onTimeout] (/home/container/bot.js:154:28)"},"msg":"Unhandled exception: Cannot read properties of undefined (reading 'channels')"}
{"level":50,"time":1746450292078,"pid":26,"hostname":"17f12e34-03ef-4d26-ba7c-d7e7d60592cf","err":{"type":"TypeError","message":"Cannot read properties of undefined (reading 'channels')","stack":"TypeError: Cannot read properties of undefined (reading 'channels')\n    at Timeout.myFunction [as _onTimeout] (/home/container/bot.js:55:28)\n    at listOnTimeout (node:internal/timers:573:17)\n    at process.processTimers (node:internal/timers:514:7)"},"msg":"Unhandled exception: Cannot read properties of undefined (reading 'channels')"}
{"level":50,"time":1746450892078,"pid":26,"hostname":"17f12e34-03ef-4d26-ba7c-d7e7d60592cf","err":{"type":"TypeError","message":"Cannot read properties of undefined (reading 'channels')","stack":"TypeError: Cannot read properties of undefined (reading 'channels')\n    at Timeout.myFunction [as _onTimeout] (/home/container/bot.js:55:28)\n    at listOnTimeout (node:internal/timers:573:17)\n    at process.processTimers (node:internal/timers:514:7)"},"msg":"Unhandled exception: Cannot read properties of undefined (reading 'channels')"}
{"level":50,"time":1746451492079,"pid":26,"hostname":"17f12e34-03ef-4d26-ba7c-d7e7d60592cf","err":{"type":"TypeError","message":"Cannot read properties of undefined (reading 'channels')","stack":"TypeError: Cannot read properties of undefined (reading 'channels')\n    at Timeout.myFunction [as _onTimeout] (/home/container/bot.js:55:28)\n    at listOnTimeout (node:internal/timers:573:17)\n    at process.processTimers (node:internal/timers:514:7)"},"msg":"Unhandled exception: Cannot read properties of undefined (reading 'channels')"}
{"level":50,"time":1746452092080,"pid":26,"hostname":"17f12e34-03ef-4d26-ba7c-d7e7d60592cf","err":{"type":"TypeError","message":"Cannot read properties of undefined (reading 'channels')","stack":"TypeError: Cannot read properties of undefined (reading 'channels')\n    at Timeout.myFunction [as _onTimeout] (/home/container/bot.js:55:28)\n    at listOnTimeout (node:internal/timers:573:17)\n    at process.processTimers (node:internal/timers:514:7)"},"msg":"Unhandled exception: Cannot read properties of undefined (reading 'channels')"}
{"level":50,"time":1746452692081,"pid":26,"hostname":"17f12e34-03ef-4d26-ba7c-d7e7d60592cf","err":{"type":"TypeError","message":"Cannot read properties of undefined (reading 'channels')","stack":"TypeError: Cannot read properties of undefined (reading 'channels')\n    at Timeout.myFunction [as _onTimeout] (/home/container/bot.js:55:28)\n    at listOnTimeout (node:internal/timers:573:17)\n    at process.processTimers (node:internal/timers:514:7)"},"msg":"Unhandled exception: Cannot read properties of undefined (reading 'channels')"}
{"level":50,"time":1746453292081,"pid":26,"hostname":"17f12e34-03ef-4d26-ba7c-d7e7d60592cf","err":{"type":"TypeError","message":"Cannot read properties of undefined (reading 'channels')","stack":"TypeError: Cannot read properties of undefined (reading 'channels')\n    at Timeout.myFunction [as _onTimeout] (/home/container/bot.js:55:28)\n    at listOnTimeout (node:internal/timers:573:17)\n    at process.processTimers (node:internal/timers:514:7)"},"msg":"Unhandled exception: Cannot read properties of undefined (reading 'channels')"}
{"level":50,"time":1746453892054,"pid":26,"hostname":"17f12e34-03ef-4d26-ba7c-d7e7d60592cf","err":{"type":"TypeError","message":"Cannot read properties of undefined (reading 'channels')","stack":"TypeError: Cannot read properties of undefined (reading 'channels')\n    at Timeout.myFunction1 [as _onTimeout] (/home/container/bot.js:154:28)"},"msg":"Unhandled exception: Cannot read properties of undefined (reading 'channels')"}
{"level":50,"time":1746453892082,"pid":26,"hostname":"17f12e34-03ef-4d26-ba7c-d7e7d60592cf","err":{"type":"TypeError","message":"Cannot read properties of undefined (reading 'channels')","stack":"TypeError: Cannot read properties of undefined (reading 'channels')\n    at Timeout.myFunction [as _onTimeout] (/home/container/bot.js:55:28)\n    at listOnTimeout (node:internal/timers:573:17)\n    at process.processTimers (node:internal/timers:514:7)"},"msg":"Unhandled exception: Cannot read properties of undefined (reading 'channels')"}
{"level":50,"time":1746454492082,"pid":26,"hostname":"17f12e34-03ef-4d26-ba7c-d7e7d60592cf","err":{"type":"TypeError","message":"Cannot read properties of undefined (reading 'channels')","stack":"TypeError: Cannot read properties of undefined (reading 'channels')\n    at Timeout.myFunction [as _onTimeout] (/home/container/bot.js:55:28)\n    at listOnTimeout (node:internal/timers:573:17)\n    at process.processTimers (node:internal/timers:514:7)"},"msg":"Unhandled exception: Cannot read properties of undefined (reading 'channels')"}
