{"level":30,"time":1742152839655,"pid":26,"hostname":"17f12e34-03ef-4d26-ba7c-d7e7d60592cf","msg":"Validating config file and environment variables"}
{"level":40,"time":1742152839656,"pid":26,"hostname":"17f12e34-03ef-4d26-ba7c-d7e7d60592cf","msg":"config.js: SUPPORT_SERVER is not provided"}
{"level":30,"time":1742152839845,"pid":26,"hostname":"17f12e34-03ef-4d26-ba7c-d7e7d60592cf","msg":"Loading commands..."}
{"level":20,"time":1742152839850,"pid":26,"hostname":"17f12e34-03ef-4d26-ba7c-d7e7d60592cf","msg":"Skipping command amongus. Disabled!"}
{"level":20,"time":1742152839850,"pid":26,"hostname":"17f12e34-03ef-4d26-ba7c-d7e7d60592cf","msg":"Skipping command editxp. Disabled!"}
{"level":20,"time":1742152839851,"pid":26,"hostname":"17f12e34-03ef-4d26-ba7c-d7e7d60592cf","msg":"Skipping command embedsite. Disabled!"}
{"level":20,"time":1742152839856,"pid":26,"hostname":"17f12e34-03ef-4d26-ba7c-d7e7d60592cf","msg":"Skipping command reset-lb. Disabled!"}
{"level":20,"time":1742152839859,"pid":26,"hostname":"17f12e34-03ef-4d26-ba7c-d7e7d60592cf","msg":"Skipping command to-do. Disabled!"}
{"level":20,"time":1742152839860,"pid":26,"hostname":"17f12e34-03ef-4d26-ba7c-d7e7d60592cf","msg":"Skipping command cooldown. Disabled!"}
{"level":20,"time":1742152839861,"pid":26,"hostname":"17f12e34-03ef-4d26-ba7c-d7e7d60592cf","msg":"Skipping command resetcd. Disabled!"}
{"level":20,"time":1742152839863,"pid":26,"hostname":"17f12e34-03ef-4d26-ba7c-d7e7d60592cf","msg":"Skipping command shift. Disabled!"}
{"level":20,"time":1742152839864,"pid":26,"hostname":"17f12e34-03ef-4d26-ba7c-d7e7d60592cf","msg":"Skipping command shiftmanagement. Disabled!"}
{"level":20,"time":1742152839865,"pid":26,"hostname":"17f12e34-03ef-4d26-ba7c-d7e7d60592cf","msg":"Skipping command special. Disabled!"}
{"level":20,"time":1742152839865,"pid":26,"hostname":"17f12e34-03ef-4d26-ba7c-d7e7d60592cf","msg":"Skipping command staffpoints. Disabled!"}
{"level":20,"time":1742152840043,"pid":26,"hostname":"17f12e34-03ef-4d26-ba7c-d7e7d60592cf","msg":"Skipping command confess. Disabled!"}
{"level":20,"time":1742152840044,"pid":26,"hostname":"17f12e34-03ef-4d26-ba7c-d7e7d60592cf","msg":"Skipping command confession. Disabled!"}
{"level":20,"time":1742152840047,"pid":26,"hostname":"17f12e34-03ef-4d26-ba7c-d7e7d60592cf","msg":"Skipping command blackjack. Disabled!"}
{"level":20,"time":1742152840050,"pid":26,"hostname":"17f12e34-03ef-4d26-ba7c-d7e7d60592cf","msg":"Skipping command slots. Disabled!"}
{"level":20,"time":1742152840051,"pid":26,"hostname":"17f12e34-03ef-4d26-ba7c-d7e7d60592cf","msg":"Skipping command steal. Disabled!"}
{"level":20,"time":1742152840051,"pid":26,"hostname":"17f12e34-03ef-4d26-ba7c-d7e7d60592cf","msg":"Skipping command work. Disabled!"}
{"level":20,"time":1742152840343,"pid":26,"hostname":"17f12e34-03ef-4d26-ba7c-d7e7d60592cf","msg":"Skipping command meme. Disabled!"}
{"level":20,"time":1742152841463,"pid":26,"hostname":"17f12e34-03ef-4d26-ba7c-d7e7d60592cf","msg":"Skipping slash command avatar. Disabled!"}
{"level":20,"time":1742152841464,"pid":26,"hostname":"17f12e34-03ef-4d26-ba7c-d7e7d60592cf","msg":"Skipping slash command botstats. Disabled!"}
{"level":20,"time":1742152841465,"pid":26,"hostname":"17f12e34-03ef-4d26-ba7c-d7e7d60592cf","msg":"Skipping slash command channelinfo. Disabled!"}
{"level":20,"time":1742152841541,"pid":26,"hostname":"17f12e34-03ef-4d26-ba7c-d7e7d60592cf","msg":"Skipping slash command emojiinfo. Disabled!"}
{"level":20,"time":1742152841548,"pid":26,"hostname":"17f12e34-03ef-4d26-ba7c-d7e7d60592cf","msg":"Skipping slash command guildinfo. Disabled!"}
{"level":20,"time":1742152841549,"pid":26,"hostname":"17f12e34-03ef-4d26-ba7c-d7e7d60592cf","msg":"Skipping slash command uptime. Disabled!"}
{"level":20,"time":1742152841550,"pid":26,"hostname":"17f12e34-03ef-4d26-ba7c-d7e7d60592cf","msg":"Skipping slash command userinfo. Disabled!"}
{"level":20,"time":1742152841551,"pid":26,"hostname":"17f12e34-03ef-4d26-ba7c-d7e7d60592cf","msg":"Skipping command bot. Disabled!"}
{"level":20,"time":1742152841552,"pid":26,"hostname":"17f12e34-03ef-4d26-ba7c-d7e7d60592cf","msg":"Skipping command info. Disabled!"}
{"level":20,"time":1742152841559,"pid":26,"hostname":"17f12e34-03ef-4d26-ba7c-d7e7d60592cf","msg":"Skipping command cateringinfo. Disabled!"}
{"level":20,"time":1742152841562,"pid":26,"hostname":"17f12e34-03ef-4d26-ba7c-d7e7d60592cf","msg":"Skipping command order. Disabled!"}
{"level":20,"time":1742152841563,"pid":26,"hostname":"17f12e34-03ef-4d26-ba7c-d7e7d60592cf","msg":"Skipping command oc. Disabled!"}
{"level":20,"time":1742152841564,"pid":26,"hostname":"17f12e34-03ef-4d26-ba7c-d7e7d60592cf","msg":"Skipping command task. Disabled!"}
{"level":20,"time":1742152841565,"pid":26,"hostname":"17f12e34-03ef-4d26-ba7c-d7e7d60592cf","msg":"Skipping command tasksetup. Disabled!"}
{"level":20,"time":1742152841567,"pid":26,"hostname":"17f12e34-03ef-4d26-ba7c-d7e7d60592cf","msg":"Skipping command give. Disabled!"}
{"level":20,"time":1742152841567,"pid":26,"hostname":"17f12e34-03ef-4d26-ba7c-d7e7d60592cf","msg":"Skipping command reload. Disabled!"}
{"level":20,"time":1742152841649,"pid":26,"hostname":"17f12e34-03ef-4d26-ba7c-d7e7d60592cf","msg":"Skipping command donator. Disabled!"}
{"level":20,"time":1742152841650,"pid":26,"hostname":"17f12e34-03ef-4d26-ba7c-d7e7d60592cf","msg":"Skipping command guidelines. Disabled!"}
{"level":20,"time":1742152841653,"pid":26,"hostname":"17f12e34-03ef-4d26-ba7c-d7e7d60592cf","msg":"Skipping command protocols. Disabled!"}
{"level":20,"time":1742152841654,"pid":26,"hostname":"17f12e34-03ef-4d26-ba7c-d7e7d60592cf","msg":"Skipping command rules. Disabled!"}
{"level":20,"time":1742152841659,"pid":26,"hostname":"17f12e34-03ef-4d26-ba7c-d7e7d60592cf","msg":"Skipping command serverinfo. Disabled!"}
{"level":20,"time":1742152841660,"pid":26,"hostname":"17f12e34-03ef-4d26-ba7c-d7e7d60592cf","msg":"Skipping command tags. Disabled!"}
{"level":30,"time":1742152841662,"pid":26,"hostname":"17f12e34-03ef-4d26-ba7c-d7e7d60592cf","msg":"Loaded 57 commands"}
{"level":30,"time":1742152841662,"pid":26,"hostname":"17f12e34-03ef-4d26-ba7c-d7e7d60592cf","msg":"Loaded 83 slash commands"}
{"level":30,"time":1742152841662,"pid":26,"hostname":"17f12e34-03ef-4d26-ba7c-d7e7d60592cf","msg":"Loading contexts..."}
{"level":30,"time":1742152841664,"pid":26,"hostname":"17f12e34-03ef-4d26-ba7c-d7e7d60592cf","msg":"Loaded 1 USER contexts"}
{"level":30,"time":1742152841664,"pid":26,"hostname":"17f12e34-03ef-4d26-ba7c-d7e7d60592cf","msg":"Loaded 0 MESSAGE contexts"}
{"level":30,"time":1742152841664,"pid":26,"hostname":"17f12e34-03ef-4d26-ba7c-d7e7d60592cf","msg":"Loading events..."}
{"level":30,"time":1742152841758,"pid":26,"hostname":"17f12e34-03ef-4d26-ba7c-d7e7d60592cf","msg":"Loaded 17 events. Success (17) Failed (0)"}
{"level":30,"time":1742152841772,"pid":26,"hostname":"17f12e34-03ef-4d26-ba7c-d7e7d60592cf","msg":"Connecting to MongoDb..."}
{"level":30,"time":1742152844204,"pid":26,"hostname":"17f12e34-03ef-4d26-ba7c-d7e7d60592cf","msg":"Mongoose: Database connection established"}
{"level":30,"time":1742152845063,"pid":26,"hostname":"17f12e34-03ef-4d26-ba7c-d7e7d60592cf","msg":"Logged in as BEE Manager 🐝#2363! (1253026215434911865)"}
{"level":30,"time":1742152845063,"pid":26,"hostname":"17f12e34-03ef-4d26-ba7c-d7e7d60592cf","msg":"Initializing giveaways manager..."}
{"level":30,"time":1742152845559,"pid":26,"hostname":"17f12e34-03ef-4d26-ba7c-d7e7d60592cf","msg":"Successfully registered interactions"}
{"level":30,"time":1742152845711,"pid":26,"hostname":"17f12e34-03ef-4d26-ba7c-d7e7d60592cf","msg":"Giveaway Manager initialized"}
{"level":50,"time":1742314587616,"pid":26,"hostname":"17f12e34-03ef-4d26-ba7c-d7e7d60592cf","err":{"type":"TypeError","message":"Cannot read properties of undefined (reading 'forEach')","stack":"TypeError: Cannot read properties of undefined (reading 'forEach')\n    at /home/container/src/commands/admin/todo.js:1091:39\n    at Array.forEach (<anonymous>)\n    at Object.interactionRun (/home/container/src/commands/admin/todo.js:1088:42)\n    at Object.handleSlashCommand (/home/container/src/handlers/command.js:150:17)\n    at process.processTicksAndRejections (node:internal/process/task_queues:95:5)\n    at async module.exports (/home/container/src/events/interactions/interactionCreate.js:75:5)"},"msg":"interactionRun: Cannot read properties of undefined (reading 'forEach')"}
{"level":50,"time":1743199393505,"pid":26,"hostname":"17f12e34-03ef-4d26-ba7c-d7e7d60592cf","err":{"type":"Error","message":"Guild is undefined","stack":"Error: Guild is undefined\n    at getSettings (/home/container/src/database/schemas/Guild.js:133:23)\n    at Object.handleSlashCommand (/home/container/src/handlers/command.js:149:30)\n    at process.processTicksAndRejections (node:internal/process/task_queues:95:5)\n    at async module.exports (/home/container/src/events/interactions/interactionCreate.js:75:5)"},"msg":"interactionRun: Guild is undefined"}
{"level":50,"time":1743199465543,"pid":26,"hostname":"17f12e34-03ef-4d26-ba7c-d7e7d60592cf","err":{"type":"Error","message":"Guild is undefined","stack":"Error: Guild is undefined\n    at getSettings (/home/container/src/database/schemas/Guild.js:133:23)\n    at Object.handleSlashCommand (/home/container/src/handlers/command.js:149:30)\n    at process.processTicksAndRejections (node:internal/process/task_queues:95:5)\n    at async module.exports (/home/container/src/events/interactions/interactionCreate.js:75:5)"},"msg":"interactionRun: Guild is undefined"}
{"level":50,"time":1744891965839,"pid":26,"hostname":"17f12e34-03ef-4d26-ba7c-d7e7d60592cf","err":{"type":"DiscordjsError","message":"Members didn't arrive in time.","stack":"Error [GuildMembersTimeout]: Members didn't arrive in time.\n    at Timeout._onTimeout (/home/container/node_modules/discord.js/src/managers/GuildMemberManager.js:268:16)\n    at listOnTimeout (node:internal/timers:573:17)\n    at process.processTimers (node:internal/timers:514:7)","code":"GuildMembersTimeout"},"msg":"Unhandled exception: Members didn't arrive in time."}
{"level":50,"time":1744926165909,"pid":26,"hostname":"17f12e34-03ef-4d26-ba7c-d7e7d60592cf","err":{"type":"DiscordjsError","message":"Members didn't arrive in time.","stack":"Error [GuildMembersTimeout]: Members didn't arrive in time.\n    at Timeout._onTimeout (/home/container/node_modules/discord.js/src/managers/GuildMemberManager.js:268:16)\n    at listOnTimeout (node:internal/timers:573:17)\n    at process.processTimers (node:internal/timers:514:7)","code":"GuildMembersTimeout"},"msg":"Unhandled exception: Members didn't arrive in time."}
{"level":50,"time":1744926765909,"pid":26,"hostname":"17f12e34-03ef-4d26-ba7c-d7e7d60592cf","err":{"type":"DiscordjsError","message":"Members didn't arrive in time.","stack":"Error [GuildMembersTimeout]: Members didn't arrive in time.\n    at Timeout._onTimeout (/home/container/node_modules/discord.js/src/managers/GuildMemberManager.js:268:16)\n    at listOnTimeout (node:internal/timers:573:17)\n    at process.processTimers (node:internal/timers:514:7)","code":"GuildMembersTimeout"},"msg":"Unhandled exception: Members didn't arrive in time."}
{"level":50,"time":1744927280416,"pid":26,"hostname":"17f12e34-03ef-4d26-ba7c-d7e7d60592cf","err":{"type":"ConnectTimeoutError","message":"Connect Timeout Error","stack":"ConnectTimeoutError: Connect Timeout Error\n    at onConnectTimeout (/home/container/node_modules/@discordjs/rest/node_modules/undici/lib/core/connect.js:190:24)\n    at /home/container/node_modules/@discordjs/rest/node_modules/undici/lib/core/connect.js:133:46\n    at Immediate._onImmediate (/home/container/node_modules/@discordjs/rest/node_modules/undici/lib/core/connect.js:174:9)\n    at process.processImmediate (node:internal/timers:478:21)","name":"ConnectTimeoutError","code":"UND_ERR_CONNECT_TIMEOUT"},"msg":"Unhandled exception: Connect Timeout Error"}
{"level":50,"time":1744927365917,"pid":26,"hostname":"17f12e34-03ef-4d26-ba7c-d7e7d60592cf","err":{"type":"DiscordjsError","message":"Members didn't arrive in time.","stack":"Error [GuildMembersTimeout]: Members didn't arrive in time.\n    at Timeout._onTimeout (/home/container/node_modules/discord.js/src/managers/GuildMemberManager.js:268:16)\n    at listOnTimeout (node:internal/timers:573:17)\n    at process.processTimers (node:internal/timers:514:7)","code":"GuildMembersTimeout"},"msg":"Unhandled exception: Members didn't arrive in time."}
{"level":50,"time":1744927965916,"pid":26,"hostname":"17f12e34-03ef-4d26-ba7c-d7e7d60592cf","err":{"type":"DiscordjsError","message":"Members didn't arrive in time.","stack":"Error [GuildMembersTimeout]: Members didn't arrive in time.\n    at Timeout._onTimeout (/home/container/node_modules/discord.js/src/managers/GuildMemberManager.js:268:16)\n    at listOnTimeout (node:internal/timers:573:17)\n    at process.processTimers (node:internal/timers:514:7)","code":"GuildMembersTimeout"},"msg":"Unhandled exception: Members didn't arrive in time."}
{"level":50,"time":1745232145017,"pid":26,"hostname":"17f12e34-03ef-4d26-ba7c-d7e7d60592cf","err":{"type":"DiscordAPIError","message":"Unknown Message","stack":"DiscordAPIError[10008]: Unknown Message\n    at handleErrors (/home/container/node_modules/@discordjs/rest/dist/index.js:727:13)\n    at process.processTicksAndRejections (node:internal/process/task_queues:95:5)\n    at async SequentialHandler.runRequest (/home/container/node_modules/@discordjs/rest/dist/index.js:1128:23)\n    at async SequentialHandler.queueRequest (/home/container/node_modules/@discordjs/rest/dist/index.js:959:14)\n    at async _REST.request (/home/container/node_modules/@discordjs/rest/dist/index.js:1272:22)\n    at async InteractionWebhook.editMessage (/home/container/node_modules/discord.js/src/structures/Webhook.js:341:15)\n    at async ChatInputCommandInteraction.editReply (/home/container/node_modules/discord.js/src/structures/interfaces/InteractionResponses.js:162:17)\n    at async handlePrivateTicket (/home/container/src/handlers/ticket.js:356:5)\n    at async Object.interactionRun (/home/container/src/commands/ticket/ticket.js:280:7)\n    at async Object.handleSlashCommand (/home/container/src/handlers/command.js:150:7)","requestBody":{"files":[],"json":{"content":"Processing","tts":false,"enforce_nonce":false,"components":[],"allowed_mentions":{"parse":["users","everyone","roles"]}}},"rawError":{"type":"Object","message":"Unknown Message","stack":"","code":10008},"code":10008,"status":404,"method":"PATCH","url":"https://discord.com/api/v10/webhooks/1253026215434911865/aW50ZXJhY3Rpb246MTM2MzgyNzEwMzQ0Mjc5NjY3NDpWdnpPb1FPanFITThOMWdVeExwMWN1b2dtOHk1TEVIdWYwVGFPSDBDbk5Qc0Z1SjdCNlZCZ2VMNzBNdDFOcGhvMUNNQXF5T21wZU9STmhYRHNLRkdhOUYxaFdacGE4aFRZTEExd3JGWXVVNzgxYnAzUjV6Y0pDV1JBcnk0OFQzOA/messages/@original"},"msg":"interactionRun: Unknown Message"}
