{"level":30,"time":1731432267445,"pid":26,"hostname":"17f12e34-03ef-4d26-ba7c-d7e7d60592cf","msg":"Validating config file and environment variables"}
{"level":40,"time":1731432267446,"pid":26,"hostname":"17f12e34-03ef-4d26-ba7c-d7e7d60592cf","msg":"config.js: SUPPORT_SERVER is not provided"}
{"level":30,"time":1731432267547,"pid":26,"hostname":"17f12e34-03ef-4d26-ba7c-d7e7d60592cf","msg":"Loading commands..."}
{"level":20,"time":1731432267551,"pid":26,"hostname":"17f12e34-03ef-4d26-ba7c-d7e7d60592cf","msg":"Skipping command amongus. Disabled!"}
{"level":20,"time":1731432267552,"pid":26,"hostname":"17f12e34-03ef-4d26-ba7c-d7e7d60592cf","msg":"Skipping command editxp. Disabled!"}
{"level":20,"time":1731432267552,"pid":26,"hostname":"17f12e34-03ef-4d26-ba7c-d7e7d60592cf","msg":"Skipping command embedsite. Disabled!"}
{"level":20,"time":1731432267638,"pid":26,"hostname":"17f12e34-03ef-4d26-ba7c-d7e7d60592cf","msg":"Skipping command reset-lb. Disabled!"}
{"level":20,"time":1731432267640,"pid":26,"hostname":"17f12e34-03ef-4d26-ba7c-d7e7d60592cf","msg":"Skipping command to-do. Disabled!"}
{"level":20,"time":1731432267641,"pid":26,"hostname":"17f12e34-03ef-4d26-ba7c-d7e7d60592cf","msg":"Skipping command cooldown. Disabled!"}
{"level":20,"time":1731432267642,"pid":26,"hostname":"17f12e34-03ef-4d26-ba7c-d7e7d60592cf","msg":"Skipping command resetcd. Disabled!"}
{"level":20,"time":1731432267644,"pid":26,"hostname":"17f12e34-03ef-4d26-ba7c-d7e7d60592cf","msg":"Skipping command shift. Disabled!"}
{"level":20,"time":1731432267644,"pid":26,"hostname":"17f12e34-03ef-4d26-ba7c-d7e7d60592cf","msg":"Skipping command shiftmanagement. Disabled!"}
{"level":20,"time":1731432267645,"pid":26,"hostname":"17f12e34-03ef-4d26-ba7c-d7e7d60592cf","msg":"Skipping command special. Disabled!"}
{"level":20,"time":1731432267646,"pid":26,"hostname":"17f12e34-03ef-4d26-ba7c-d7e7d60592cf","msg":"Skipping command staffpoints. Disabled!"}
{"level":20,"time":1731432267748,"pid":26,"hostname":"17f12e34-03ef-4d26-ba7c-d7e7d60592cf","msg":"Skipping command confess. Disabled!"}
{"level":20,"time":1731432267748,"pid":26,"hostname":"17f12e34-03ef-4d26-ba7c-d7e7d60592cf","msg":"Skipping command confession. Disabled!"}
{"level":20,"time":1731432267750,"pid":26,"hostname":"17f12e34-03ef-4d26-ba7c-d7e7d60592cf","msg":"Skipping command blackjack. Disabled!"}
{"level":20,"time":1731432267754,"pid":26,"hostname":"17f12e34-03ef-4d26-ba7c-d7e7d60592cf","msg":"Skipping command slots. Disabled!"}
{"level":20,"time":1731432267755,"pid":26,"hostname":"17f12e34-03ef-4d26-ba7c-d7e7d60592cf","msg":"Skipping command steal. Disabled!"}
{"level":20,"time":1731432267755,"pid":26,"hostname":"17f12e34-03ef-4d26-ba7c-d7e7d60592cf","msg":"Skipping command work. Disabled!"}
{"level":20,"time":1731432267949,"pid":26,"hostname":"17f12e34-03ef-4d26-ba7c-d7e7d60592cf","msg":"Skipping command meme. Disabled!"}
{"level":20,"time":1731432268959,"pid":26,"hostname":"17f12e34-03ef-4d26-ba7c-d7e7d60592cf","msg":"Skipping slash command avatar. Disabled!"}
{"level":20,"time":1731432268959,"pid":26,"hostname":"17f12e34-03ef-4d26-ba7c-d7e7d60592cf","msg":"Skipping slash command botstats. Disabled!"}
{"level":20,"time":1731432269035,"pid":26,"hostname":"17f12e34-03ef-4d26-ba7c-d7e7d60592cf","msg":"Skipping slash command channelinfo. Disabled!"}
{"level":20,"time":1731432269035,"pid":26,"hostname":"17f12e34-03ef-4d26-ba7c-d7e7d60592cf","msg":"Skipping slash command emojiinfo. Disabled!"}
{"level":20,"time":1731432269043,"pid":26,"hostname":"17f12e34-03ef-4d26-ba7c-d7e7d60592cf","msg":"Skipping slash command guildinfo. Disabled!"}
{"level":20,"time":1731432269043,"pid":26,"hostname":"17f12e34-03ef-4d26-ba7c-d7e7d60592cf","msg":"Skipping slash command uptime. Disabled!"}
{"level":20,"time":1731432269044,"pid":26,"hostname":"17f12e34-03ef-4d26-ba7c-d7e7d60592cf","msg":"Skipping slash command userinfo. Disabled!"}
{"level":20,"time":1731432269045,"pid":26,"hostname":"17f12e34-03ef-4d26-ba7c-d7e7d60592cf","msg":"Skipping command bot. Disabled!"}
{"level":20,"time":1731432269045,"pid":26,"hostname":"17f12e34-03ef-4d26-ba7c-d7e7d60592cf","msg":"Skipping command info. Disabled!"}
{"level":20,"time":1731432269050,"pid":26,"hostname":"17f12e34-03ef-4d26-ba7c-d7e7d60592cf","msg":"Skipping command cateringinfo. Disabled!"}
{"level":20,"time":1731432269051,"pid":26,"hostname":"17f12e34-03ef-4d26-ba7c-d7e7d60592cf","msg":"Skipping command order. Disabled!"}
{"level":20,"time":1731432269051,"pid":26,"hostname":"17f12e34-03ef-4d26-ba7c-d7e7d60592cf","msg":"Skipping command oc. Disabled!"}
{"level":20,"time":1731432269052,"pid":26,"hostname":"17f12e34-03ef-4d26-ba7c-d7e7d60592cf","msg":"Skipping command task. Disabled!"}
{"level":20,"time":1731432269053,"pid":26,"hostname":"17f12e34-03ef-4d26-ba7c-d7e7d60592cf","msg":"Skipping command tasksetup. Disabled!"}
{"level":20,"time":1731432269054,"pid":26,"hostname":"17f12e34-03ef-4d26-ba7c-d7e7d60592cf","msg":"Skipping command give. Disabled!"}
{"level":20,"time":1731432269054,"pid":26,"hostname":"17f12e34-03ef-4d26-ba7c-d7e7d60592cf","msg":"Skipping command reload. Disabled!"}
{"level":20,"time":1731432269139,"pid":26,"hostname":"17f12e34-03ef-4d26-ba7c-d7e7d60592cf","msg":"Skipping command donator. Disabled!"}
{"level":20,"time":1731432269140,"pid":26,"hostname":"17f12e34-03ef-4d26-ba7c-d7e7d60592cf","msg":"Skipping command guidelines. Disabled!"}
{"level":20,"time":1731432269142,"pid":26,"hostname":"17f12e34-03ef-4d26-ba7c-d7e7d60592cf","msg":"Skipping command protocols. Disabled!"}
{"level":20,"time":1731432269143,"pid":26,"hostname":"17f12e34-03ef-4d26-ba7c-d7e7d60592cf","msg":"Skipping command rules. Disabled!"}
{"level":20,"time":1731432269144,"pid":26,"hostname":"17f12e34-03ef-4d26-ba7c-d7e7d60592cf","msg":"Skipping command serverinfo. Disabled!"}
{"level":20,"time":1731432269144,"pid":26,"hostname":"17f12e34-03ef-4d26-ba7c-d7e7d60592cf","msg":"Skipping command tags. Disabled!"}
{"level":30,"time":1731432269146,"pid":26,"hostname":"17f12e34-03ef-4d26-ba7c-d7e7d60592cf","msg":"Loaded 57 commands"}
{"level":30,"time":1731432269146,"pid":26,"hostname":"17f12e34-03ef-4d26-ba7c-d7e7d60592cf","msg":"Loaded 83 slash commands"}
{"level":30,"time":1731432269146,"pid":26,"hostname":"17f12e34-03ef-4d26-ba7c-d7e7d60592cf","msg":"Loading contexts..."}
{"level":30,"time":1731432269147,"pid":26,"hostname":"17f12e34-03ef-4d26-ba7c-d7e7d60592cf","msg":"Loaded 1 USER contexts"}
{"level":30,"time":1731432269147,"pid":26,"hostname":"17f12e34-03ef-4d26-ba7c-d7e7d60592cf","msg":"Loaded 0 MESSAGE contexts"}
{"level":30,"time":1731432269147,"pid":26,"hostname":"17f12e34-03ef-4d26-ba7c-d7e7d60592cf","msg":"Loading events..."}
{"level":30,"time":1731432269240,"pid":26,"hostname":"17f12e34-03ef-4d26-ba7c-d7e7d60592cf","msg":"Loaded 17 events. Success (17) Failed (0)"}
{"level":30,"time":1731432269249,"pid":26,"hostname":"17f12e34-03ef-4d26-ba7c-d7e7d60592cf","msg":"Connecting to MongoDb..."}
{"level":30,"time":1731432292882,"pid":26,"hostname":"17f12e34-03ef-4d26-ba7c-d7e7d60592cf","msg":"Mongoose: Database connection established"}
{"level":30,"time":1731432297435,"pid":26,"hostname":"17f12e34-03ef-4d26-ba7c-d7e7d60592cf","msg":"Logged in as BEE Manager 🐝#2363! (1253026215434911865)"}
{"level":30,"time":1731432297435,"pid":26,"hostname":"17f12e34-03ef-4d26-ba7c-d7e7d60592cf","msg":"Initializing giveaways manager..."}
{"level":30,"time":1731432297635,"pid":26,"hostname":"17f12e34-03ef-4d26-ba7c-d7e7d60592cf","msg":"Giveaway Manager initialized"}
{"level":30,"time":1731432297910,"pid":26,"hostname":"17f12e34-03ef-4d26-ba7c-d7e7d60592cf","msg":"Successfully registered interactions"}
{"level":50,"time":1731459497740,"pid":26,"hostname":"17f12e34-03ef-4d26-ba7c-d7e7d60592cf","err":{"type":"DiscordAPIError","message":"Missing Permissions","stack":"DiscordAPIError[50013]: Missing Permissions\n    at handleErrors (/home/container/node_modules/@discordjs/rest/dist/index.js:727:13)\n    at process.processTicksAndRejections (node:internal/process/task_queues:95:5)\n    at async SequentialHandler.runRequest (/home/container/node_modules/@discordjs/rest/dist/index.js:1128:23)\n    at async SequentialHandler.queueRequest (/home/container/node_modules/@discordjs/rest/dist/index.js:959:14)\n    at async _REST.request (/home/container/node_modules/@discordjs/rest/dist/index.js:1272:22)\n    at async GuildMemberRoleManager.add (/home/container/node_modules/discord.js/src/managers/GuildMemberRoleManager.js:131:7)","requestBody":{},"rawError":{"type":"Object","message":"Missing Permissions","stack":"","code":50013},"code":50013,"status":403,"method":"PUT","url":"https://discord.com/api/v10/guilds/1256349528190222386/members/786704239174877196/roles/1268299174609158165"},"msg":"Unhandled exception: Missing Permissions"}
{"level":50,"time":1731500419232,"pid":26,"hostname":"17f12e34-03ef-4d26-ba7c-d7e7d60592cf","err":{"type":"DiscordAPIError","message":"Invalid Form Body\ncontent[BASE_TYPE_MAX_LENGTH]: Must be 2000 or fewer in length.","stack":"DiscordAPIError[50035]: Invalid Form Body\ncontent[BASE_TYPE_MAX_LENGTH]: Must be 2000 or fewer in length.\n    at handleErrors (/home/container/node_modules/@discordjs/rest/dist/index.js:727:13)\n    at process.processTicksAndRejections (node:internal/process/task_queues:95:5)\n    at async SequentialHandler.runRequest (/home/container/node_modules/@discordjs/rest/dist/index.js:1128:23)\n    at async SequentialHandler.queueRequest (/home/container/node_modules/@discordjs/rest/dist/index.js:959:14)\n    at async _REST.request (/home/container/node_modules/@discordjs/rest/dist/index.js:1272:22)\n    at async GuildMessageManager.edit (/home/container/node_modules/discord.js/src/managers/MessageManager.js:188:15)\n    at async Object.interactionRun (/home/container/src/commands/admin/todo.js:867:21)\n    at async Object.handleSlashCommand (/home/container/src/handlers/command.js:150:7)\n    at async module.exports (/home/container/src/events/interactions/interactionCreate.js:23:5)","requestBody":{"files":[],"json":{"content":"**Weekly Team To-Do List**\nNovember 11, 2024-November 17, 2024\n-# Listed in order of priority. Feel free to claim one by using the command `/to-do claim [task-id]`\n-# Once you have completed a task, please use `/to-do complete [task-id]`.\n\n1. ⭕ Finalize all drafts of Rank Goals to publish in <#1270666875717681172>  by <t:1731708000:F>\n-# [ID: 1] Claimed by: Steven\n> 🚨 Get 3 Mod+ (including Ara) to agree to Entrepreneur goals\n> -# [ID: 1.1] Claimed by: Steven\n> ⭕ Format Shift Manager list with title, emoji, and subtitles.\n> -# [ID: 1.2] Claimed by: Nobody\n> ⭕ Finalize & format Entrepreneur list with title, emoji, & subtitles.\n> -# [ID: 1.3] Claimed by: Nobody\n2. <:beyqueen:1269194348696830062> Finish making the Boss toolkit/guidelines\n-# [ID: 2] Claimed by: Dee\n3. ⭕ Update the management instructions.\n-# [ID: 3] Claimed by: Detrius\n4. <:BEEmod:1268805750898294907> Assess Shift Managers by <t:1731718800:f>\n-# [ID: 4] Claimed by: Nobody\n5. <:BEEmod:1268805750898294907> Assess Trial Mods by <t:1731718800:f>\n-# [ID: 5] Claimed by: Nobody\n6. <:BEEmod:1268805750898294907> Clean up <#1267959234633666641>\n-# [ID: 6] Claimed by: Nobody\n7. ♾️ Find out what big events partners are doing between December 20 - January 5!\n-# [ID: 7] Claimed by: Seawyd\n8. ⭕ Schedule A Day Off Roblox/ Discord gamenight for this month.\n-# [ID: 8] Claimed by: Nobody\n9. ⭕ Post the Dailies every day and generate new prompts in <#1292937361440636958>\n-# [ID: 9] Claimed by: Max\n> ⭕ Post November 12 Daily. Dang, too late.\n> -# [ID: 9.1] Claimed by: Nobody\n> ⭕ Post November 13 Daily.\n> -# [ID: 9.2] Claimed by: Nobody\n> ⭕ Post November 14 Daily\n> -# [ID: 9.3] Claimed by: Nobody\n> ⭕ Post November 15 Daily\n> -# [ID: 9.4] Claimed by: Nobody\n> ⭕ Post November 16 Daily.\n> -# [ID: 9.5] Claimed by: Nobody\n> ⭕ Post November 17 Daily.\n> -# [ID: 9.6] Claimed by: Nobody\n\n-# __LEGEND__\n-# 🚨 Stop ignoring me!\n-# ♾️ Ongoing project\n-# <:beyqueen:1269194348696830062> Must be Dee\n-# <:BEEmod:1268805750898294907> Must be Admin\n-# ⭕ Undone\n","tts":false,"enforce_nonce":false,"allowed_mentions":{"parse":["users","everyone","roles"]},"flags":0}},"rawError":{"type":"Object","message":"Invalid Form Body","stack":"","code":50035,"errors":{"content":{"_errors":[{"code":"BASE_TYPE_MAX_LENGTH","message":"Must be 2000 or fewer in length."}]}}},"code":50035,"status":400,"method":"PATCH","url":"https://discord.com/api/v10/channels/1267959208465399980/messages/1305604669032239114"},"msg":"interactionRun: Invalid Form Body\ncontent[BASE_TYPE_MAX_LENGTH]: Must be 2000 or fewer in length."}
{"level":50,"time":1731514710199,"pid":26,"hostname":"17f12e34-03ef-4d26-ba7c-d7e7d60592cf","err":{"type":"DiscordAPIError","message":"Invalid Form Body\ncontent[BASE_TYPE_MAX_LENGTH]: Must be 2000 or fewer in length.","stack":"DiscordAPIError[50035]: Invalid Form Body\ncontent[BASE_TYPE_MAX_LENGTH]: Must be 2000 or fewer in length.\n    at handleErrors (/home/container/node_modules/@discordjs/rest/dist/index.js:727:13)\n    at process.processTicksAndRejections (node:internal/process/task_queues:95:5)\n    at async SequentialHandler.runRequest (/home/container/node_modules/@discordjs/rest/dist/index.js:1128:23)\n    at async SequentialHandler.queueRequest (/home/container/node_modules/@discordjs/rest/dist/index.js:959:14)\n    at async _REST.request (/home/container/node_modules/@discordjs/rest/dist/index.js:1272:22)\n    at async GuildMessageManager.edit (/home/container/node_modules/discord.js/src/managers/MessageManager.js:188:15)\n    at async Object.interactionRun (/home/container/src/commands/admin/todo.js:867:21)\n    at async Object.handleSlashCommand (/home/container/src/handlers/command.js:150:7)\n    at async module.exports (/home/container/src/events/interactions/interactionCreate.js:23:5)","requestBody":{"files":[],"json":{"content":"**Weekly Team To-Do List**\nNovember 11, 2024-November 17, 2024\n-# Listed in order of priority. Feel free to claim one by using the command `/to-do claim [task-id]`\n-# Once you have completed a task, please use `/to-do complete [task-id]`.\n\n1. ⭕ Finalize all drafts of Rank Goals to publish in <#1270666875717681172>  by <t:1731708000:F>\n-# [ID: 1] Claimed by: Steven\n> 🚨 Get 3 Mod+ (including Ara) to agree to Entrepreneur goals\n> -# [ID: 1.1] Claimed by: Steven\n> ⭕ Finalize & format Shift Manager lists with titles, emoji, and subtitles.\n> -# [ID: 1.2] Claimed by: Dee\n> ⭕ Entrepreneur list.\n> -# [ID: 1.3] Claimed by: Nobody\n> ⭕ Caterer list.\n> -# [ID: 1.4] Claimed by: Nobody\n> ⭕ Builder list.\n> -# [ID: 1.5] Claimed by: Nobody\n2. <:beyqueen:1269194348696830062> Finish the Boss guidelines.\n-# [ID: 2] Claimed by: Dee\n3. ⭕ Update the management instructions.\n-# [ID: 3] Claimed by: Detrius\n4. <:BEEmod:1268805750898294907> Assess Shift Managers by <t:1731718800:f>\n-# [ID: 4] Claimed by: Nobody\n5. <:BEEmod:1268805750898294907> Assess Trial Mods by <t:1731718800:f>\n-# [ID: 5] Claimed by: Nobody\n6. <:BEEmod:1268805750898294907> Clean up <#1267959234633666641>\n-# [ID: 6] Claimed by: Nobody\n7. ♾️ Find out what big events partners are doing between December 20 - January 5!\n-# [ID: 7] Claimed by: Seawyd\n8. ⭕ Schedule A Day Off Roblox/ Discord gamenight for this month.\n-# [ID: 8] Claimed by: Detrius\n9. ⭕ Post the Dailies every day and generate new prompts in <#1292937361440636958>\n-# [ID: 9] Claimed by: Max\n> ⭕ Post November 12 Daily. Dang, too late.\n> -# [ID: 9.1] Claimed by: Nobody\n> ⭕ Nov. 13 prompt.\n> -# [ID: 9.2] Claimed by: Max\n> ⭕ Nov. 14 prompt.\n> -# [ID: 9.3] Claimed by: Max\n> ⭕ Nov. 15 prompt.\n> -# [ID: 9.4] Claimed by: Max\n> ⭕ Nov. 16 prompt.\n> -# [ID: 9.5] Claimed by: Detrius\n> ⭕ Nov. 17 prompt.\n> -# [ID: 9.6] Claimed by: Nobody\n\n-# __LEGEND__\n-# 🚨 Stop ignoring me!\n-# ♾️ Ongoing project\n-# <:beyqueen:1269194348696830062> Must be Dee\n-# <:BEEmod:1268805750898294907> Must be Admin\n-# ⭕ Undone\n","tts":false,"enforce_nonce":false,"allowed_mentions":{"parse":["users","everyone","roles"]},"flags":0}},"rawError":{"type":"Object","message":"Invalid Form Body","stack":"","code":50035,"errors":{"content":{"_errors":[{"code":"BASE_TYPE_MAX_LENGTH","message":"Must be 2000 or fewer in length."}]}}},"code":50035,"status":400,"method":"PATCH","url":"https://discord.com/api/v10/channels/1267959208465399980/messages/1305604669032239114"},"msg":"interactionRun: Invalid Form Body\ncontent[BASE_TYPE_MAX_LENGTH]: Must be 2000 or fewer in length."}
