{"level":30,"time":1736424513907,"pid":26,"hostname":"17f12e34-03ef-4d26-ba7c-d7e7d60592cf","msg":"Validating config file and environment variables"}
{"level":40,"time":1736424513908,"pid":26,"hostname":"17f12e34-03ef-4d26-ba7c-d7e7d60592cf","msg":"config.js: SUPPORT_SERVER is not provided"}
{"level":30,"time":1736424514091,"pid":26,"hostname":"17f12e34-03ef-4d26-ba7c-d7e7d60592cf","msg":"Loading commands..."}
{"level":20,"time":1736424514107,"pid":26,"hostname":"17f12e34-03ef-4d26-ba7c-d7e7d60592cf","msg":"Skipping command amongus. Disabled!"}
{"level":20,"time":1736424514108,"pid":26,"hostname":"17f12e34-03ef-4d26-ba7c-d7e7d60592cf","msg":"Skipping command editxp. Disabled!"}
{"level":20,"time":1736424514116,"pid":26,"hostname":"17f12e34-03ef-4d26-ba7c-d7e7d60592cf","msg":"Skipping command embedsite. Disabled!"}
{"level":20,"time":1736424514168,"pid":26,"hostname":"17f12e34-03ef-4d26-ba7c-d7e7d60592cf","msg":"Skipping command reset-lb. Disabled!"}
{"level":20,"time":1736424514173,"pid":26,"hostname":"17f12e34-03ef-4d26-ba7c-d7e7d60592cf","msg":"Skipping command to-do. Disabled!"}
{"level":20,"time":1736424514180,"pid":26,"hostname":"17f12e34-03ef-4d26-ba7c-d7e7d60592cf","msg":"Skipping command cooldown. Disabled!"}
{"level":20,"time":1736424514184,"pid":26,"hostname":"17f12e34-03ef-4d26-ba7c-d7e7d60592cf","msg":"Skipping command resetcd. Disabled!"}
{"level":20,"time":1736424514186,"pid":26,"hostname":"17f12e34-03ef-4d26-ba7c-d7e7d60592cf","msg":"Skipping command shift. Disabled!"}
{"level":20,"time":1736424514192,"pid":26,"hostname":"17f12e34-03ef-4d26-ba7c-d7e7d60592cf","msg":"Skipping command shiftmanagement. Disabled!"}
{"level":20,"time":1736424514194,"pid":26,"hostname":"17f12e34-03ef-4d26-ba7c-d7e7d60592cf","msg":"Skipping command special. Disabled!"}
{"level":20,"time":1736424514200,"pid":26,"hostname":"17f12e34-03ef-4d26-ba7c-d7e7d60592cf","msg":"Skipping command staffpoints. Disabled!"}
{"level":20,"time":1736424514293,"pid":26,"hostname":"17f12e34-03ef-4d26-ba7c-d7e7d60592cf","msg":"Skipping command confess. Disabled!"}
{"level":20,"time":1736424514293,"pid":26,"hostname":"17f12e34-03ef-4d26-ba7c-d7e7d60592cf","msg":"Skipping command confession. Disabled!"}
{"level":20,"time":1736424514295,"pid":26,"hostname":"17f12e34-03ef-4d26-ba7c-d7e7d60592cf","msg":"Skipping command blackjack. Disabled!"}
{"level":20,"time":1736424514298,"pid":26,"hostname":"17f12e34-03ef-4d26-ba7c-d7e7d60592cf","msg":"Skipping command slots. Disabled!"}
{"level":20,"time":1736424514300,"pid":26,"hostname":"17f12e34-03ef-4d26-ba7c-d7e7d60592cf","msg":"Skipping command steal. Disabled!"}
{"level":20,"time":1736424514300,"pid":26,"hostname":"17f12e34-03ef-4d26-ba7c-d7e7d60592cf","msg":"Skipping command work. Disabled!"}
{"level":20,"time":1736424514572,"pid":26,"hostname":"17f12e34-03ef-4d26-ba7c-d7e7d60592cf","msg":"Skipping command meme. Disabled!"}
{"level":20,"time":1736424515885,"pid":26,"hostname":"17f12e34-03ef-4d26-ba7c-d7e7d60592cf","msg":"Skipping slash command avatar. Disabled!"}
{"level":20,"time":1736424515886,"pid":26,"hostname":"17f12e34-03ef-4d26-ba7c-d7e7d60592cf","msg":"Skipping slash command botstats. Disabled!"}
{"level":20,"time":1736424515888,"pid":26,"hostname":"17f12e34-03ef-4d26-ba7c-d7e7d60592cf","msg":"Skipping slash command channelinfo. Disabled!"}
{"level":20,"time":1736424515899,"pid":26,"hostname":"17f12e34-03ef-4d26-ba7c-d7e7d60592cf","msg":"Skipping slash command emojiinfo. Disabled!"}
{"level":20,"time":1736424515915,"pid":26,"hostname":"17f12e34-03ef-4d26-ba7c-d7e7d60592cf","msg":"Skipping slash command guildinfo. Disabled!"}
{"level":20,"time":1736424515920,"pid":26,"hostname":"17f12e34-03ef-4d26-ba7c-d7e7d60592cf","msg":"Skipping slash command uptime. Disabled!"}
{"level":20,"time":1736424515934,"pid":26,"hostname":"17f12e34-03ef-4d26-ba7c-d7e7d60592cf","msg":"Skipping slash command userinfo. Disabled!"}
{"level":20,"time":1736424515938,"pid":26,"hostname":"17f12e34-03ef-4d26-ba7c-d7e7d60592cf","msg":"Skipping command bot. Disabled!"}
{"level":20,"time":1736424515941,"pid":26,"hostname":"17f12e34-03ef-4d26-ba7c-d7e7d60592cf","msg":"Skipping command info. Disabled!"}
{"level":20,"time":1736424515957,"pid":26,"hostname":"17f12e34-03ef-4d26-ba7c-d7e7d60592cf","msg":"Skipping command cateringinfo. Disabled!"}
{"level":20,"time":1736424515958,"pid":26,"hostname":"17f12e34-03ef-4d26-ba7c-d7e7d60592cf","msg":"Skipping command order. Disabled!"}
{"level":20,"time":1736424515959,"pid":26,"hostname":"17f12e34-03ef-4d26-ba7c-d7e7d60592cf","msg":"Skipping command oc. Disabled!"}
{"level":20,"time":1736424515962,"pid":26,"hostname":"17f12e34-03ef-4d26-ba7c-d7e7d60592cf","msg":"Skipping command task. Disabled!"}
{"level":20,"time":1736424515963,"pid":26,"hostname":"17f12e34-03ef-4d26-ba7c-d7e7d60592cf","msg":"Skipping command tasksetup. Disabled!"}
{"level":20,"time":1736424515974,"pid":26,"hostname":"17f12e34-03ef-4d26-ba7c-d7e7d60592cf","msg":"Skipping command give. Disabled!"}
{"level":20,"time":1736424515975,"pid":26,"hostname":"17f12e34-03ef-4d26-ba7c-d7e7d60592cf","msg":"Skipping command reload. Disabled!"}
{"level":20,"time":1736424516001,"pid":26,"hostname":"17f12e34-03ef-4d26-ba7c-d7e7d60592cf","msg":"Skipping command donator. Disabled!"}
{"level":20,"time":1736424516010,"pid":26,"hostname":"17f12e34-03ef-4d26-ba7c-d7e7d60592cf","msg":"Skipping command guidelines. Disabled!"}
{"level":20,"time":1736424516014,"pid":26,"hostname":"17f12e34-03ef-4d26-ba7c-d7e7d60592cf","msg":"Skipping command protocols. Disabled!"}
{"level":20,"time":1736424516064,"pid":26,"hostname":"17f12e34-03ef-4d26-ba7c-d7e7d60592cf","msg":"Skipping command rules. Disabled!"}
{"level":20,"time":1736424516068,"pid":26,"hostname":"17f12e34-03ef-4d26-ba7c-d7e7d60592cf","msg":"Skipping command serverinfo. Disabled!"}
{"level":20,"time":1736424516071,"pid":26,"hostname":"17f12e34-03ef-4d26-ba7c-d7e7d60592cf","msg":"Skipping command tags. Disabled!"}
{"level":30,"time":1736424516074,"pid":26,"hostname":"17f12e34-03ef-4d26-ba7c-d7e7d60592cf","msg":"Loaded 57 commands"}
{"level":30,"time":1736424516075,"pid":26,"hostname":"17f12e34-03ef-4d26-ba7c-d7e7d60592cf","msg":"Loaded 83 slash commands"}
{"level":30,"time":1736424516075,"pid":26,"hostname":"17f12e34-03ef-4d26-ba7c-d7e7d60592cf","msg":"Loading contexts..."}
{"level":30,"time":1736424516076,"pid":26,"hostname":"17f12e34-03ef-4d26-ba7c-d7e7d60592cf","msg":"Loaded 1 USER contexts"}
{"level":30,"time":1736424516076,"pid":26,"hostname":"17f12e34-03ef-4d26-ba7c-d7e7d60592cf","msg":"Loaded 0 MESSAGE contexts"}
{"level":30,"time":1736424516076,"pid":26,"hostname":"17f12e34-03ef-4d26-ba7c-d7e7d60592cf","msg":"Loading events..."}
{"level":30,"time":1736424516170,"pid":26,"hostname":"17f12e34-03ef-4d26-ba7c-d7e7d60592cf","msg":"Loaded 17 events. Success (17) Failed (0)"}
{"level":30,"time":1736424516210,"pid":26,"hostname":"17f12e34-03ef-4d26-ba7c-d7e7d60592cf","msg":"Connecting to MongoDb..."}
{"level":30,"time":1736424519166,"pid":26,"hostname":"17f12e34-03ef-4d26-ba7c-d7e7d60592cf","msg":"Mongoose: Database connection established"}
{"level":30,"time":1736424520059,"pid":26,"hostname":"17f12e34-03ef-4d26-ba7c-d7e7d60592cf","msg":"Logged in as BEE Manager 🐝#2363! (1253026215434911865)"}
{"level":30,"time":1736424520060,"pid":26,"hostname":"17f12e34-03ef-4d26-ba7c-d7e7d60592cf","msg":"Initializing giveaways manager..."}
{"level":30,"time":1736424520494,"pid":26,"hostname":"17f12e34-03ef-4d26-ba7c-d7e7d60592cf","msg":"Successfully registered interactions"}
{"level":30,"time":1736424522052,"pid":26,"hostname":"17f12e34-03ef-4d26-ba7c-d7e7d60592cf","msg":"Giveaway Manager initialized"}
{"level":50,"time":1736644013728,"pid":26,"hostname":"17f12e34-03ef-4d26-ba7c-d7e7d60592cf","err":{"type":"DiscordAPIError","message":"Missing Permissions","stack":"DiscordAPIError[50013]: Missing Permissions\n    at handleErrors (/home/container/node_modules/@discordjs/rest/dist/index.js:727:13)\n    at process.processTicksAndRejections (node:internal/process/task_queues:95:5)\n    at async SequentialHandler.runRequest (/home/container/node_modules/@discordjs/rest/dist/index.js:1128:23)\n    at async SequentialHandler.queueRequest (/home/container/node_modules/@discordjs/rest/dist/index.js:959:14)\n    at async _REST.request (/home/container/node_modules/@discordjs/rest/dist/index.js:1272:22)\n    at async GuildMemberRoleManager.add (/home/container/node_modules/discord.js/src/managers/GuildMemberRoleManager.js:131:7)","requestBody":{},"rawError":{"type":"Object","message":"Missing Permissions","stack":"","code":50013},"code":50013,"status":403,"method":"PUT","url":"https://discord.com/api/v10/guilds/1256349528190222386/members/365562309172789248/roles/1268299174609158165"},"msg":"Unhandled exception: Missing Permissions"}
{"level":50,"time":1736646751326,"pid":26,"hostname":"17f12e34-03ef-4d26-ba7c-d7e7d60592cf","err":{"type":"DiscordAPIError","message":"Missing Permissions","stack":"DiscordAPIError[50013]: Missing Permissions\n    at handleErrors (/home/container/node_modules/@discordjs/rest/dist/index.js:727:13)\n    at process.processTicksAndRejections (node:internal/process/task_queues:95:5)\n    at async SequentialHandler.runRequest (/home/container/node_modules/@discordjs/rest/dist/index.js:1128:23)\n    at async SequentialHandler.queueRequest (/home/container/node_modules/@discordjs/rest/dist/index.js:959:14)\n    at async _REST.request (/home/container/node_modules/@discordjs/rest/dist/index.js:1272:22)\n    at async GuildMemberRoleManager.add (/home/container/node_modules/discord.js/src/managers/GuildMemberRoleManager.js:131:7)","requestBody":{},"rawError":{"type":"Object","message":"Missing Permissions","stack":"","code":50013},"code":50013,"status":403,"method":"PUT","url":"https://discord.com/api/v10/guilds/1256349528190222386/members/473979689107456001/roles/1268299174609158165"},"msg":"Unhandled exception: Missing Permissions"}
