{"level":30,"time":1747938853691,"pid":26,"hostname":"17f12e34-03ef-4d26-ba7c-d7e7d60592cf","msg":"Validating config file and environment variables"}
{"level":40,"time":1747938853692,"pid":26,"hostname":"17f12e34-03ef-4d26-ba7c-d7e7d60592cf","msg":"config.js: SUPPORT_SERVER is not provided"}
{"level":30,"time":1747938853794,"pid":26,"hostname":"17f12e34-03ef-4d26-ba7c-d7e7d60592cf","msg":"Loading commands..."}
{"level":20,"time":1747938853867,"pid":26,"hostname":"17f12e34-03ef-4d26-ba7c-d7e7d60592cf","msg":"Skipping command amongus. Disabled!"}
{"level":20,"time":1747938853869,"pid":26,"hostname":"17f12e34-03ef-4d26-ba7c-d7e7d60592cf","msg":"Skipping command editxp. Disabled!"}
{"level":20,"time":1747938853870,"pid":26,"hostname":"17f12e34-03ef-4d26-ba7c-d7e7d60592cf","msg":"Skipping command embedsite. Disabled!"}
{"level":20,"time":1747938853879,"pid":26,"hostname":"17f12e34-03ef-4d26-ba7c-d7e7d60592cf","msg":"Skipping command reset-lb. Disabled!"}
{"level":20,"time":1747938853881,"pid":26,"hostname":"17f12e34-03ef-4d26-ba7c-d7e7d60592cf","msg":"Skipping command to-do. Disabled!"}
{"level":20,"time":1747938853882,"pid":26,"hostname":"17f12e34-03ef-4d26-ba7c-d7e7d60592cf","msg":"Skipping command cooldown. Disabled!"}
{"level":20,"time":1747938853884,"pid":26,"hostname":"17f12e34-03ef-4d26-ba7c-d7e7d60592cf","msg":"Skipping command resetcd. Disabled!"}
{"level":20,"time":1747938853886,"pid":26,"hostname":"17f12e34-03ef-4d26-ba7c-d7e7d60592cf","msg":"Skipping command shift. Disabled!"}
{"level":20,"time":1747938853886,"pid":26,"hostname":"17f12e34-03ef-4d26-ba7c-d7e7d60592cf","msg":"Skipping command shiftmanagement. Disabled!"}
{"level":20,"time":1747938853888,"pid":26,"hostname":"17f12e34-03ef-4d26-ba7c-d7e7d60592cf","msg":"Skipping command special. Disabled!"}
{"level":20,"time":1747938853888,"pid":26,"hostname":"17f12e34-03ef-4d26-ba7c-d7e7d60592cf","msg":"Skipping command staffpoints. Disabled!"}
{"level":20,"time":1747938854046,"pid":26,"hostname":"17f12e34-03ef-4d26-ba7c-d7e7d60592cf","msg":"Skipping command confess. Disabled!"}
{"level":20,"time":1747938854047,"pid":26,"hostname":"17f12e34-03ef-4d26-ba7c-d7e7d60592cf","msg":"Skipping command confession. Disabled!"}
{"level":20,"time":1747938854048,"pid":26,"hostname":"17f12e34-03ef-4d26-ba7c-d7e7d60592cf","msg":"Skipping command blackjack. Disabled!"}
{"level":20,"time":1747938854054,"pid":26,"hostname":"17f12e34-03ef-4d26-ba7c-d7e7d60592cf","msg":"Skipping command slots. Disabled!"}
{"level":20,"time":1747938854055,"pid":26,"hostname":"17f12e34-03ef-4d26-ba7c-d7e7d60592cf","msg":"Skipping command steal. Disabled!"}
{"level":20,"time":1747938854055,"pid":26,"hostname":"17f12e34-03ef-4d26-ba7c-d7e7d60592cf","msg":"Skipping command work. Disabled!"}
{"level":20,"time":1747938854282,"pid":26,"hostname":"17f12e34-03ef-4d26-ba7c-d7e7d60592cf","msg":"Skipping command meme. Disabled!"}
{"level":20,"time":1747938855678,"pid":26,"hostname":"17f12e34-03ef-4d26-ba7c-d7e7d60592cf","msg":"Skipping slash command avatar. Disabled!"}
{"level":20,"time":1747938855679,"pid":26,"hostname":"17f12e34-03ef-4d26-ba7c-d7e7d60592cf","msg":"Skipping slash command botstats. Disabled!"}
{"level":20,"time":1747938855681,"pid":26,"hostname":"17f12e34-03ef-4d26-ba7c-d7e7d60592cf","msg":"Skipping slash command channelinfo. Disabled!"}
{"level":20,"time":1747938855683,"pid":26,"hostname":"17f12e34-03ef-4d26-ba7c-d7e7d60592cf","msg":"Skipping slash command emojiinfo. Disabled!"}
{"level":20,"time":1747938855709,"pid":26,"hostname":"17f12e34-03ef-4d26-ba7c-d7e7d60592cf","msg":"Skipping slash command guildinfo. Disabled!"}
{"level":20,"time":1747938855710,"pid":26,"hostname":"17f12e34-03ef-4d26-ba7c-d7e7d60592cf","msg":"Skipping slash command uptime. Disabled!"}
{"level":20,"time":1747938855712,"pid":26,"hostname":"17f12e34-03ef-4d26-ba7c-d7e7d60592cf","msg":"Skipping slash command userinfo. Disabled!"}
{"level":20,"time":1747938855713,"pid":26,"hostname":"17f12e34-03ef-4d26-ba7c-d7e7d60592cf","msg":"Skipping command bot. Disabled!"}
{"level":20,"time":1747938855740,"pid":26,"hostname":"17f12e34-03ef-4d26-ba7c-d7e7d60592cf","msg":"Skipping command info. Disabled!"}
{"level":20,"time":1747938855750,"pid":26,"hostname":"17f12e34-03ef-4d26-ba7c-d7e7d60592cf","msg":"Skipping command cateringinfo. Disabled!"}
{"level":20,"time":1747938855758,"pid":26,"hostname":"17f12e34-03ef-4d26-ba7c-d7e7d60592cf","msg":"Skipping command order. Disabled!"}
{"level":20,"time":1747938855760,"pid":26,"hostname":"17f12e34-03ef-4d26-ba7c-d7e7d60592cf","msg":"Skipping command oc. Disabled!"}
{"level":20,"time":1747938855761,"pid":26,"hostname":"17f12e34-03ef-4d26-ba7c-d7e7d60592cf","msg":"Skipping command task. Disabled!"}
{"level":20,"time":1747938855761,"pid":26,"hostname":"17f12e34-03ef-4d26-ba7c-d7e7d60592cf","msg":"Skipping command tasksetup. Disabled!"}
{"level":20,"time":1747938855770,"pid":26,"hostname":"17f12e34-03ef-4d26-ba7c-d7e7d60592cf","msg":"Skipping command give. Disabled!"}
{"level":20,"time":1747938855772,"pid":26,"hostname":"17f12e34-03ef-4d26-ba7c-d7e7d60592cf","msg":"Skipping command reload. Disabled!"}
{"level":20,"time":1747938855790,"pid":26,"hostname":"17f12e34-03ef-4d26-ba7c-d7e7d60592cf","msg":"Skipping command donator. Disabled!"}
{"level":20,"time":1747938855798,"pid":26,"hostname":"17f12e34-03ef-4d26-ba7c-d7e7d60592cf","msg":"Skipping command guidelines. Disabled!"}
{"level":20,"time":1747938855845,"pid":26,"hostname":"17f12e34-03ef-4d26-ba7c-d7e7d60592cf","msg":"Skipping command protocols. Disabled!"}
{"level":20,"time":1747938855846,"pid":26,"hostname":"17f12e34-03ef-4d26-ba7c-d7e7d60592cf","msg":"Skipping command rules. Disabled!"}
{"level":20,"time":1747938855847,"pid":26,"hostname":"17f12e34-03ef-4d26-ba7c-d7e7d60592cf","msg":"Skipping command serverinfo. Disabled!"}
{"level":20,"time":1747938855848,"pid":26,"hostname":"17f12e34-03ef-4d26-ba7c-d7e7d60592cf","msg":"Skipping command tags. Disabled!"}
{"level":30,"time":1747938855850,"pid":26,"hostname":"17f12e34-03ef-4d26-ba7c-d7e7d60592cf","msg":"Loaded 57 commands"}
{"level":30,"time":1747938855850,"pid":26,"hostname":"17f12e34-03ef-4d26-ba7c-d7e7d60592cf","msg":"Loaded 83 slash commands"}
{"level":30,"time":1747938855850,"pid":26,"hostname":"17f12e34-03ef-4d26-ba7c-d7e7d60592cf","msg":"Loading contexts..."}
{"level":30,"time":1747938855851,"pid":26,"hostname":"17f12e34-03ef-4d26-ba7c-d7e7d60592cf","msg":"Loaded 1 USER contexts"}
{"level":30,"time":1747938855851,"pid":26,"hostname":"17f12e34-03ef-4d26-ba7c-d7e7d60592cf","msg":"Loaded 0 MESSAGE contexts"}
{"level":30,"time":1747938855851,"pid":26,"hostname":"17f12e34-03ef-4d26-ba7c-d7e7d60592cf","msg":"Loading events..."}
{"level":30,"time":1747938855966,"pid":26,"hostname":"17f12e34-03ef-4d26-ba7c-d7e7d60592cf","msg":"Loaded 17 events. Success (17) Failed (0)"}
{"level":30,"time":1747938856009,"pid":26,"hostname":"17f12e34-03ef-4d26-ba7c-d7e7d60592cf","msg":"Connecting to MongoDb..."}
{"level":30,"time":1747938858233,"pid":26,"hostname":"17f12e34-03ef-4d26-ba7c-d7e7d60592cf","msg":"Mongoose: Database connection established"}
{"level":30,"time":1747938859147,"pid":26,"hostname":"17f12e34-03ef-4d26-ba7c-d7e7d60592cf","msg":"Logged in as BEE Manager 🐝#2363! (1253026215434911865)"}
{"level":30,"time":1747938859147,"pid":26,"hostname":"17f12e34-03ef-4d26-ba7c-d7e7d60592cf","msg":"Initializing giveaways manager..."}
{"level":30,"time":1747938859632,"pid":26,"hostname":"17f12e34-03ef-4d26-ba7c-d7e7d60592cf","msg":"Successfully registered interactions"}
{"level":30,"time":1747938859920,"pid":26,"hostname":"17f12e34-03ef-4d26-ba7c-d7e7d60592cf","msg":"Giveaway Manager initialized"}
