{"level":30,"time":1732240828745,"pid":26,"hostname":"17f12e34-03ef-4d26-ba7c-d7e7d60592cf","msg":"Validating config file and environment variables"}
{"level":40,"time":1732240828746,"pid":26,"hostname":"17f12e34-03ef-4d26-ba7c-d7e7d60592cf","msg":"config.js: SUPPORT_SERVER is not provided"}
{"level":30,"time":1732240828865,"pid":26,"hostname":"17f12e34-03ef-4d26-ba7c-d7e7d60592cf","msg":"Loading commands..."}
{"level":20,"time":1732240828868,"pid":26,"hostname":"17f12e34-03ef-4d26-ba7c-d7e7d60592cf","msg":"Skipping command amongus. Disabled!"}
{"level":20,"time":1732240828869,"pid":26,"hostname":"17f12e34-03ef-4d26-ba7c-d7e7d60592cf","msg":"Skipping command editxp. Disabled!"}
{"level":20,"time":1732240828934,"pid":26,"hostname":"17f12e34-03ef-4d26-ba7c-d7e7d60592cf","msg":"Skipping command embedsite. Disabled!"}
{"level":20,"time":1732240828939,"pid":26,"hostname":"17f12e34-03ef-4d26-ba7c-d7e7d60592cf","msg":"Skipping command reset-lb. Disabled!"}
{"level":20,"time":1732240828941,"pid":26,"hostname":"17f12e34-03ef-4d26-ba7c-d7e7d60592cf","msg":"Skipping command to-do. Disabled!"}
{"level":20,"time":1732240828942,"pid":26,"hostname":"17f12e34-03ef-4d26-ba7c-d7e7d60592cf","msg":"Skipping command cooldown. Disabled!"}
{"level":20,"time":1732240828943,"pid":26,"hostname":"17f12e34-03ef-4d26-ba7c-d7e7d60592cf","msg":"Skipping command resetcd. Disabled!"}
{"level":20,"time":1732240828944,"pid":26,"hostname":"17f12e34-03ef-4d26-ba7c-d7e7d60592cf","msg":"Skipping command shift. Disabled!"}
{"level":20,"time":1732240828945,"pid":26,"hostname":"17f12e34-03ef-4d26-ba7c-d7e7d60592cf","msg":"Skipping command shiftmanagement. Disabled!"}
{"level":20,"time":1732240828946,"pid":26,"hostname":"17f12e34-03ef-4d26-ba7c-d7e7d60592cf","msg":"Skipping command special. Disabled!"}
{"level":20,"time":1732240828946,"pid":26,"hostname":"17f12e34-03ef-4d26-ba7c-d7e7d60592cf","msg":"Skipping command staffpoints. Disabled!"}
{"level":20,"time":1732240829046,"pid":26,"hostname":"17f12e34-03ef-4d26-ba7c-d7e7d60592cf","msg":"Skipping command confess. Disabled!"}
{"level":20,"time":1732240829047,"pid":26,"hostname":"17f12e34-03ef-4d26-ba7c-d7e7d60592cf","msg":"Skipping command confession. Disabled!"}
{"level":20,"time":1732240829049,"pid":26,"hostname":"17f12e34-03ef-4d26-ba7c-d7e7d60592cf","msg":"Skipping command blackjack. Disabled!"}
{"level":20,"time":1732240829059,"pid":26,"hostname":"17f12e34-03ef-4d26-ba7c-d7e7d60592cf","msg":"Skipping command slots. Disabled!"}
{"level":20,"time":1732240829066,"pid":26,"hostname":"17f12e34-03ef-4d26-ba7c-d7e7d60592cf","msg":"Skipping command steal. Disabled!"}
{"level":20,"time":1732240829134,"pid":26,"hostname":"17f12e34-03ef-4d26-ba7c-d7e7d60592cf","msg":"Skipping command work. Disabled!"}
{"level":20,"time":1732240829342,"pid":26,"hostname":"17f12e34-03ef-4d26-ba7c-d7e7d60592cf","msg":"Skipping command meme. Disabled!"}
{"level":20,"time":1732240830447,"pid":26,"hostname":"17f12e34-03ef-4d26-ba7c-d7e7d60592cf","msg":"Skipping slash command avatar. Disabled!"}
{"level":20,"time":1732240830448,"pid":26,"hostname":"17f12e34-03ef-4d26-ba7c-d7e7d60592cf","msg":"Skipping slash command botstats. Disabled!"}
{"level":20,"time":1732240830449,"pid":26,"hostname":"17f12e34-03ef-4d26-ba7c-d7e7d60592cf","msg":"Skipping slash command channelinfo. Disabled!"}
{"level":20,"time":1732240830449,"pid":26,"hostname":"17f12e34-03ef-4d26-ba7c-d7e7d60592cf","msg":"Skipping slash command emojiinfo. Disabled!"}
{"level":20,"time":1732240830458,"pid":26,"hostname":"17f12e34-03ef-4d26-ba7c-d7e7d60592cf","msg":"Skipping slash command guildinfo. Disabled!"}
{"level":20,"time":1732240830458,"pid":26,"hostname":"17f12e34-03ef-4d26-ba7c-d7e7d60592cf","msg":"Skipping slash command uptime. Disabled!"}
{"level":20,"time":1732240830459,"pid":26,"hostname":"17f12e34-03ef-4d26-ba7c-d7e7d60592cf","msg":"Skipping slash command userinfo. Disabled!"}
{"level":20,"time":1732240830534,"pid":26,"hostname":"17f12e34-03ef-4d26-ba7c-d7e7d60592cf","msg":"Skipping command bot. Disabled!"}
{"level":20,"time":1732240830535,"pid":26,"hostname":"17f12e34-03ef-4d26-ba7c-d7e7d60592cf","msg":"Skipping command info. Disabled!"}
{"level":20,"time":1732240830540,"pid":26,"hostname":"17f12e34-03ef-4d26-ba7c-d7e7d60592cf","msg":"Skipping command cateringinfo. Disabled!"}
{"level":20,"time":1732240830542,"pid":26,"hostname":"17f12e34-03ef-4d26-ba7c-d7e7d60592cf","msg":"Skipping command order. Disabled!"}
{"level":20,"time":1732240830543,"pid":26,"hostname":"17f12e34-03ef-4d26-ba7c-d7e7d60592cf","msg":"Skipping command oc. Disabled!"}
{"level":20,"time":1732240830544,"pid":26,"hostname":"17f12e34-03ef-4d26-ba7c-d7e7d60592cf","msg":"Skipping command task. Disabled!"}
{"level":20,"time":1732240830544,"pid":26,"hostname":"17f12e34-03ef-4d26-ba7c-d7e7d60592cf","msg":"Skipping command tasksetup. Disabled!"}
{"level":20,"time":1732240830545,"pid":26,"hostname":"17f12e34-03ef-4d26-ba7c-d7e7d60592cf","msg":"Skipping command give. Disabled!"}
{"level":20,"time":1732240830546,"pid":26,"hostname":"17f12e34-03ef-4d26-ba7c-d7e7d60592cf","msg":"Skipping command reload. Disabled!"}
{"level":20,"time":1732240830557,"pid":26,"hostname":"17f12e34-03ef-4d26-ba7c-d7e7d60592cf","msg":"Skipping command donator. Disabled!"}
{"level":20,"time":1732240830558,"pid":26,"hostname":"17f12e34-03ef-4d26-ba7c-d7e7d60592cf","msg":"Skipping command guidelines. Disabled!"}
{"level":20,"time":1732240830561,"pid":26,"hostname":"17f12e34-03ef-4d26-ba7c-d7e7d60592cf","msg":"Skipping command protocols. Disabled!"}
{"level":20,"time":1732240830562,"pid":26,"hostname":"17f12e34-03ef-4d26-ba7c-d7e7d60592cf","msg":"Skipping command rules. Disabled!"}
{"level":20,"time":1732240830562,"pid":26,"hostname":"17f12e34-03ef-4d26-ba7c-d7e7d60592cf","msg":"Skipping command serverinfo. Disabled!"}
{"level":20,"time":1732240830562,"pid":26,"hostname":"17f12e34-03ef-4d26-ba7c-d7e7d60592cf","msg":"Skipping command tags. Disabled!"}
{"level":30,"time":1732240830564,"pid":26,"hostname":"17f12e34-03ef-4d26-ba7c-d7e7d60592cf","msg":"Loaded 57 commands"}
{"level":30,"time":1732240830564,"pid":26,"hostname":"17f12e34-03ef-4d26-ba7c-d7e7d60592cf","msg":"Loaded 83 slash commands"}
{"level":30,"time":1732240830564,"pid":26,"hostname":"17f12e34-03ef-4d26-ba7c-d7e7d60592cf","msg":"Loading contexts..."}
{"level":30,"time":1732240830565,"pid":26,"hostname":"17f12e34-03ef-4d26-ba7c-d7e7d60592cf","msg":"Loaded 1 USER contexts"}
{"level":30,"time":1732240830565,"pid":26,"hostname":"17f12e34-03ef-4d26-ba7c-d7e7d60592cf","msg":"Loaded 0 MESSAGE contexts"}
{"level":30,"time":1732240830565,"pid":26,"hostname":"17f12e34-03ef-4d26-ba7c-d7e7d60592cf","msg":"Loading events..."}
{"level":30,"time":1732240830657,"pid":26,"hostname":"17f12e34-03ef-4d26-ba7c-d7e7d60592cf","msg":"Loaded 17 events. Success (17) Failed (0)"}
{"level":30,"time":1732240830748,"pid":26,"hostname":"17f12e34-03ef-4d26-ba7c-d7e7d60592cf","msg":"Connecting to MongoDb..."}
{"level":30,"time":1732240832966,"pid":26,"hostname":"17f12e34-03ef-4d26-ba7c-d7e7d60592cf","msg":"Mongoose: Database connection established"}
{"level":30,"time":1732240833850,"pid":26,"hostname":"17f12e34-03ef-4d26-ba7c-d7e7d60592cf","msg":"Logged in as BEE Manager 🐝#2363! (1253026215434911865)"}
{"level":30,"time":1732240833850,"pid":26,"hostname":"17f12e34-03ef-4d26-ba7c-d7e7d60592cf","msg":"Initializing giveaways manager..."}
{"level":30,"time":1732240834430,"pid":26,"hostname":"17f12e34-03ef-4d26-ba7c-d7e7d60592cf","msg":"Successfully registered interactions"}
{"level":30,"time":1732240834511,"pid":26,"hostname":"17f12e34-03ef-4d26-ba7c-d7e7d60592cf","msg":"Giveaway Manager initialized"}
