{"level":30,"time":1737912501555,"pid":26,"hostname":"17f12e34-03ef-4d26-ba7c-d7e7d60592cf","msg":"Validating config file and environment variables"}
{"level":40,"time":1737912501556,"pid":26,"hostname":"17f12e34-03ef-4d26-ba7c-d7e7d60592cf","msg":"config.js: SUPPORT_SERVER is not provided"}
{"level":30,"time":1737912501648,"pid":26,"hostname":"17f12e34-03ef-4d26-ba7c-d7e7d60592cf","msg":"Loading commands..."}
{"level":20,"time":1737912501652,"pid":26,"hostname":"17f12e34-03ef-4d26-ba7c-d7e7d60592cf","msg":"Skipping command amongus. Disabled!"}
{"level":20,"time":1737912501652,"pid":26,"hostname":"17f12e34-03ef-4d26-ba7c-d7e7d60592cf","msg":"Skipping command editxp. Disabled!"}
{"level":20,"time":1737912501653,"pid":26,"hostname":"17f12e34-03ef-4d26-ba7c-d7e7d60592cf","msg":"Skipping command embedsite. Disabled!"}
{"level":20,"time":1737912501658,"pid":26,"hostname":"17f12e34-03ef-4d26-ba7c-d7e7d60592cf","msg":"Skipping command reset-lb. Disabled!"}
{"level":20,"time":1737912501659,"pid":26,"hostname":"17f12e34-03ef-4d26-ba7c-d7e7d60592cf","msg":"Skipping command to-do. Disabled!"}
{"level":20,"time":1737912501660,"pid":26,"hostname":"17f12e34-03ef-4d26-ba7c-d7e7d60592cf","msg":"Skipping command cooldown. Disabled!"}
{"level":20,"time":1737912501661,"pid":26,"hostname":"17f12e34-03ef-4d26-ba7c-d7e7d60592cf","msg":"Skipping command resetcd. Disabled!"}
{"level":20,"time":1737912501742,"pid":26,"hostname":"17f12e34-03ef-4d26-ba7c-d7e7d60592cf","msg":"Skipping command shift. Disabled!"}
{"level":20,"time":1737912501742,"pid":26,"hostname":"17f12e34-03ef-4d26-ba7c-d7e7d60592cf","msg":"Skipping command shiftmanagement. Disabled!"}
{"level":20,"time":1737912501744,"pid":26,"hostname":"17f12e34-03ef-4d26-ba7c-d7e7d60592cf","msg":"Skipping command special. Disabled!"}
{"level":20,"time":1737912501745,"pid":26,"hostname":"17f12e34-03ef-4d26-ba7c-d7e7d60592cf","msg":"Skipping command staffpoints. Disabled!"}
{"level":20,"time":1737912501847,"pid":26,"hostname":"17f12e34-03ef-4d26-ba7c-d7e7d60592cf","msg":"Skipping command confess. Disabled!"}
{"level":20,"time":1737912501848,"pid":26,"hostname":"17f12e34-03ef-4d26-ba7c-d7e7d60592cf","msg":"Skipping command confession. Disabled!"}
{"level":20,"time":1737912501849,"pid":26,"hostname":"17f12e34-03ef-4d26-ba7c-d7e7d60592cf","msg":"Skipping command blackjack. Disabled!"}
{"level":20,"time":1737912501853,"pid":26,"hostname":"17f12e34-03ef-4d26-ba7c-d7e7d60592cf","msg":"Skipping command slots. Disabled!"}
{"level":20,"time":1737912501853,"pid":26,"hostname":"17f12e34-03ef-4d26-ba7c-d7e7d60592cf","msg":"Skipping command steal. Disabled!"}
{"level":20,"time":1737912501854,"pid":26,"hostname":"17f12e34-03ef-4d26-ba7c-d7e7d60592cf","msg":"Skipping command work. Disabled!"}
{"level":20,"time":1737912502053,"pid":26,"hostname":"17f12e34-03ef-4d26-ba7c-d7e7d60592cf","msg":"Skipping command meme. Disabled!"}
{"level":20,"time":1737912503252,"pid":26,"hostname":"17f12e34-03ef-4d26-ba7c-d7e7d60592cf","msg":"Skipping slash command avatar. Disabled!"}
{"level":20,"time":1737912503253,"pid":26,"hostname":"17f12e34-03ef-4d26-ba7c-d7e7d60592cf","msg":"Skipping slash command botstats. Disabled!"}
{"level":20,"time":1737912503254,"pid":26,"hostname":"17f12e34-03ef-4d26-ba7c-d7e7d60592cf","msg":"Skipping slash command channelinfo. Disabled!"}
{"level":20,"time":1737912503255,"pid":26,"hostname":"17f12e34-03ef-4d26-ba7c-d7e7d60592cf","msg":"Skipping slash command emojiinfo. Disabled!"}
{"level":20,"time":1737912503263,"pid":26,"hostname":"17f12e34-03ef-4d26-ba7c-d7e7d60592cf","msg":"Skipping slash command guildinfo. Disabled!"}
{"level":20,"time":1737912503264,"pid":26,"hostname":"17f12e34-03ef-4d26-ba7c-d7e7d60592cf","msg":"Skipping slash command uptime. Disabled!"}
{"level":20,"time":1737912503264,"pid":26,"hostname":"17f12e34-03ef-4d26-ba7c-d7e7d60592cf","msg":"Skipping slash command userinfo. Disabled!"}
{"level":20,"time":1737912503265,"pid":26,"hostname":"17f12e34-03ef-4d26-ba7c-d7e7d60592cf","msg":"Skipping command bot. Disabled!"}
{"level":20,"time":1737912503266,"pid":26,"hostname":"17f12e34-03ef-4d26-ba7c-d7e7d60592cf","msg":"Skipping command info. Disabled!"}
{"level":20,"time":1737912503347,"pid":26,"hostname":"17f12e34-03ef-4d26-ba7c-d7e7d60592cf","msg":"Skipping command cateringinfo. Disabled!"}
{"level":20,"time":1737912503349,"pid":26,"hostname":"17f12e34-03ef-4d26-ba7c-d7e7d60592cf","msg":"Skipping command order. Disabled!"}
{"level":20,"time":1737912503349,"pid":26,"hostname":"17f12e34-03ef-4d26-ba7c-d7e7d60592cf","msg":"Skipping command oc. Disabled!"}
{"level":20,"time":1737912503350,"pid":26,"hostname":"17f12e34-03ef-4d26-ba7c-d7e7d60592cf","msg":"Skipping command task. Disabled!"}
{"level":20,"time":1737912503351,"pid":26,"hostname":"17f12e34-03ef-4d26-ba7c-d7e7d60592cf","msg":"Skipping command tasksetup. Disabled!"}
{"level":20,"time":1737912503352,"pid":26,"hostname":"17f12e34-03ef-4d26-ba7c-d7e7d60592cf","msg":"Skipping command give. Disabled!"}
{"level":20,"time":1737912503352,"pid":26,"hostname":"17f12e34-03ef-4d26-ba7c-d7e7d60592cf","msg":"Skipping command reload. Disabled!"}
{"level":20,"time":1737912503367,"pid":26,"hostname":"17f12e34-03ef-4d26-ba7c-d7e7d60592cf","msg":"Skipping command donator. Disabled!"}
{"level":20,"time":1737912503368,"pid":26,"hostname":"17f12e34-03ef-4d26-ba7c-d7e7d60592cf","msg":"Skipping command guidelines. Disabled!"}
{"level":20,"time":1737912503449,"pid":26,"hostname":"17f12e34-03ef-4d26-ba7c-d7e7d60592cf","msg":"Skipping command protocols. Disabled!"}
{"level":20,"time":1737912503454,"pid":26,"hostname":"17f12e34-03ef-4d26-ba7c-d7e7d60592cf","msg":"Skipping command rules. Disabled!"}
{"level":20,"time":1737912503455,"pid":26,"hostname":"17f12e34-03ef-4d26-ba7c-d7e7d60592cf","msg":"Skipping command serverinfo. Disabled!"}
{"level":20,"time":1737912503460,"pid":26,"hostname":"17f12e34-03ef-4d26-ba7c-d7e7d60592cf","msg":"Skipping command tags. Disabled!"}
{"level":30,"time":1737912503465,"pid":26,"hostname":"17f12e34-03ef-4d26-ba7c-d7e7d60592cf","msg":"Loaded 57 commands"}
{"level":30,"time":1737912503465,"pid":26,"hostname":"17f12e34-03ef-4d26-ba7c-d7e7d60592cf","msg":"Loaded 83 slash commands"}
{"level":30,"time":1737912503466,"pid":26,"hostname":"17f12e34-03ef-4d26-ba7c-d7e7d60592cf","msg":"Loading contexts..."}
{"level":30,"time":1737912503468,"pid":26,"hostname":"17f12e34-03ef-4d26-ba7c-d7e7d60592cf","msg":"Loaded 1 USER contexts"}
{"level":30,"time":1737912503468,"pid":26,"hostname":"17f12e34-03ef-4d26-ba7c-d7e7d60592cf","msg":"Loaded 0 MESSAGE contexts"}
{"level":30,"time":1737912503468,"pid":26,"hostname":"17f12e34-03ef-4d26-ba7c-d7e7d60592cf","msg":"Loading events..."}
{"level":30,"time":1737912503553,"pid":26,"hostname":"17f12e34-03ef-4d26-ba7c-d7e7d60592cf","msg":"Loaded 17 events. Success (17) Failed (0)"}
{"level":30,"time":1737912503581,"pid":26,"hostname":"17f12e34-03ef-4d26-ba7c-d7e7d60592cf","msg":"Connecting to MongoDb..."}
{"level":30,"time":1737912505774,"pid":26,"hostname":"17f12e34-03ef-4d26-ba7c-d7e7d60592cf","msg":"Mongoose: Database connection established"}
{"level":30,"time":1737912506652,"pid":26,"hostname":"17f12e34-03ef-4d26-ba7c-d7e7d60592cf","msg":"Logged in as BEE Manager 🐝#2363! (1253026215434911865)"}
{"level":30,"time":1737912506652,"pid":26,"hostname":"17f12e34-03ef-4d26-ba7c-d7e7d60592cf","msg":"Initializing giveaways manager..."}
{"level":30,"time":1737912507101,"pid":26,"hostname":"17f12e34-03ef-4d26-ba7c-d7e7d60592cf","msg":"Successfully registered interactions"}
{"level":30,"time":1737912507514,"pid":26,"hostname":"17f12e34-03ef-4d26-ba7c-d7e7d60592cf","msg":"Giveaway Manager initialized"}
{"level":30,"time":1737919395351,"pid":26,"hostname":"17f12e34-03ef-4d26-ba7c-d7e7d60592cf","msg":"Validating config file and environment variables"}
{"level":40,"time":1737919395353,"pid":26,"hostname":"17f12e34-03ef-4d26-ba7c-d7e7d60592cf","msg":"config.js: SUPPORT_SERVER is not provided"}
{"level":30,"time":1737919395466,"pid":26,"hostname":"17f12e34-03ef-4d26-ba7c-d7e7d60592cf","msg":"Loading commands..."}
{"level":20,"time":1737919395545,"pid":26,"hostname":"17f12e34-03ef-4d26-ba7c-d7e7d60592cf","msg":"Skipping command amongus. Disabled!"}
{"level":20,"time":1737919395546,"pid":26,"hostname":"17f12e34-03ef-4d26-ba7c-d7e7d60592cf","msg":"Skipping command editxp. Disabled!"}
{"level":20,"time":1737919395546,"pid":26,"hostname":"17f12e34-03ef-4d26-ba7c-d7e7d60592cf","msg":"Skipping command embedsite. Disabled!"}
{"level":20,"time":1737919395551,"pid":26,"hostname":"17f12e34-03ef-4d26-ba7c-d7e7d60592cf","msg":"Skipping command reset-lb. Disabled!"}
{"level":20,"time":1737919395553,"pid":26,"hostname":"17f12e34-03ef-4d26-ba7c-d7e7d60592cf","msg":"Skipping command to-do. Disabled!"}
{"level":20,"time":1737919395554,"pid":26,"hostname":"17f12e34-03ef-4d26-ba7c-d7e7d60592cf","msg":"Skipping command cooldown. Disabled!"}
{"level":20,"time":1737919395555,"pid":26,"hostname":"17f12e34-03ef-4d26-ba7c-d7e7d60592cf","msg":"Skipping command resetcd. Disabled!"}
{"level":20,"time":1737919395557,"pid":26,"hostname":"17f12e34-03ef-4d26-ba7c-d7e7d60592cf","msg":"Skipping command shift. Disabled!"}
{"level":20,"time":1737919395557,"pid":26,"hostname":"17f12e34-03ef-4d26-ba7c-d7e7d60592cf","msg":"Skipping command shiftmanagement. Disabled!"}
{"level":20,"time":1737919395558,"pid":26,"hostname":"17f12e34-03ef-4d26-ba7c-d7e7d60592cf","msg":"Skipping command special. Disabled!"}
{"level":20,"time":1737919395559,"pid":26,"hostname":"17f12e34-03ef-4d26-ba7c-d7e7d60592cf","msg":"Skipping command staffpoints. Disabled!"}
{"level":20,"time":1737919395665,"pid":26,"hostname":"17f12e34-03ef-4d26-ba7c-d7e7d60592cf","msg":"Skipping command confess. Disabled!"}
{"level":20,"time":1737919395666,"pid":26,"hostname":"17f12e34-03ef-4d26-ba7c-d7e7d60592cf","msg":"Skipping command confession. Disabled!"}
{"level":20,"time":1737919395741,"pid":26,"hostname":"17f12e34-03ef-4d26-ba7c-d7e7d60592cf","msg":"Skipping command blackjack. Disabled!"}
{"level":20,"time":1737919395745,"pid":26,"hostname":"17f12e34-03ef-4d26-ba7c-d7e7d60592cf","msg":"Skipping command slots. Disabled!"}
{"level":20,"time":1737919395746,"pid":26,"hostname":"17f12e34-03ef-4d26-ba7c-d7e7d60592cf","msg":"Skipping command steal. Disabled!"}
{"level":20,"time":1737919395746,"pid":26,"hostname":"17f12e34-03ef-4d26-ba7c-d7e7d60592cf","msg":"Skipping command work. Disabled!"}
{"level":20,"time":1737919395960,"pid":26,"hostname":"17f12e34-03ef-4d26-ba7c-d7e7d60592cf","msg":"Skipping command meme. Disabled!"}
{"level":20,"time":1737919397064,"pid":26,"hostname":"17f12e34-03ef-4d26-ba7c-d7e7d60592cf","msg":"Skipping slash command avatar. Disabled!"}
{"level":20,"time":1737919397065,"pid":26,"hostname":"17f12e34-03ef-4d26-ba7c-d7e7d60592cf","msg":"Skipping slash command botstats. Disabled!"}
{"level":20,"time":1737919397066,"pid":26,"hostname":"17f12e34-03ef-4d26-ba7c-d7e7d60592cf","msg":"Skipping slash command channelinfo. Disabled!"}
{"level":20,"time":1737919397066,"pid":26,"hostname":"17f12e34-03ef-4d26-ba7c-d7e7d60592cf","msg":"Skipping slash command emojiinfo. Disabled!"}
{"level":20,"time":1737919397142,"pid":26,"hostname":"17f12e34-03ef-4d26-ba7c-d7e7d60592cf","msg":"Skipping slash command guildinfo. Disabled!"}
{"level":20,"time":1737919397142,"pid":26,"hostname":"17f12e34-03ef-4d26-ba7c-d7e7d60592cf","msg":"Skipping slash command uptime. Disabled!"}
{"level":20,"time":1737919397143,"pid":26,"hostname":"17f12e34-03ef-4d26-ba7c-d7e7d60592cf","msg":"Skipping slash command userinfo. Disabled!"}
{"level":20,"time":1737919397144,"pid":26,"hostname":"17f12e34-03ef-4d26-ba7c-d7e7d60592cf","msg":"Skipping command bot. Disabled!"}
{"level":20,"time":1737919397144,"pid":26,"hostname":"17f12e34-03ef-4d26-ba7c-d7e7d60592cf","msg":"Skipping command info. Disabled!"}
{"level":20,"time":1737919397149,"pid":26,"hostname":"17f12e34-03ef-4d26-ba7c-d7e7d60592cf","msg":"Skipping command cateringinfo. Disabled!"}
{"level":20,"time":1737919397150,"pid":26,"hostname":"17f12e34-03ef-4d26-ba7c-d7e7d60592cf","msg":"Skipping command order. Disabled!"}
{"level":20,"time":1737919397151,"pid":26,"hostname":"17f12e34-03ef-4d26-ba7c-d7e7d60592cf","msg":"Skipping command oc. Disabled!"}
{"level":20,"time":1737919397151,"pid":26,"hostname":"17f12e34-03ef-4d26-ba7c-d7e7d60592cf","msg":"Skipping command task. Disabled!"}
{"level":20,"time":1737919397152,"pid":26,"hostname":"17f12e34-03ef-4d26-ba7c-d7e7d60592cf","msg":"Skipping command tasksetup. Disabled!"}
{"level":20,"time":1737919397153,"pid":26,"hostname":"17f12e34-03ef-4d26-ba7c-d7e7d60592cf","msg":"Skipping command give. Disabled!"}
{"level":20,"time":1737919397156,"pid":26,"hostname":"17f12e34-03ef-4d26-ba7c-d7e7d60592cf","msg":"Skipping command reload. Disabled!"}
{"level":20,"time":1737919397164,"pid":26,"hostname":"17f12e34-03ef-4d26-ba7c-d7e7d60592cf","msg":"Skipping command donator. Disabled!"}
{"level":20,"time":1737919397165,"pid":26,"hostname":"17f12e34-03ef-4d26-ba7c-d7e7d60592cf","msg":"Skipping command guidelines. Disabled!"}
{"level":20,"time":1737919397167,"pid":26,"hostname":"17f12e34-03ef-4d26-ba7c-d7e7d60592cf","msg":"Skipping command protocols. Disabled!"}
{"level":20,"time":1737919397168,"pid":26,"hostname":"17f12e34-03ef-4d26-ba7c-d7e7d60592cf","msg":"Skipping command rules. Disabled!"}
{"level":20,"time":1737919397169,"pid":26,"hostname":"17f12e34-03ef-4d26-ba7c-d7e7d60592cf","msg":"Skipping command serverinfo. Disabled!"}
{"level":20,"time":1737919397169,"pid":26,"hostname":"17f12e34-03ef-4d26-ba7c-d7e7d60592cf","msg":"Skipping command tags. Disabled!"}
{"level":30,"time":1737919397170,"pid":26,"hostname":"17f12e34-03ef-4d26-ba7c-d7e7d60592cf","msg":"Loaded 57 commands"}
{"level":30,"time":1737919397170,"pid":26,"hostname":"17f12e34-03ef-4d26-ba7c-d7e7d60592cf","msg":"Loaded 83 slash commands"}
{"level":30,"time":1737919397170,"pid":26,"hostname":"17f12e34-03ef-4d26-ba7c-d7e7d60592cf","msg":"Loading contexts..."}
{"level":30,"time":1737919397242,"pid":26,"hostname":"17f12e34-03ef-4d26-ba7c-d7e7d60592cf","msg":"Loaded 1 USER contexts"}
{"level":30,"time":1737919397242,"pid":26,"hostname":"17f12e34-03ef-4d26-ba7c-d7e7d60592cf","msg":"Loaded 0 MESSAGE contexts"}
{"level":30,"time":1737919397242,"pid":26,"hostname":"17f12e34-03ef-4d26-ba7c-d7e7d60592cf","msg":"Loading events..."}
{"level":30,"time":1737919397340,"pid":26,"hostname":"17f12e34-03ef-4d26-ba7c-d7e7d60592cf","msg":"Loaded 17 events. Success (17) Failed (0)"}
{"level":30,"time":1737919397356,"pid":26,"hostname":"17f12e34-03ef-4d26-ba7c-d7e7d60592cf","msg":"Connecting to MongoDb..."}
{"level":30,"time":1737919399730,"pid":26,"hostname":"17f12e34-03ef-4d26-ba7c-d7e7d60592cf","msg":"Mongoose: Database connection established"}
{"level":30,"time":1737919400644,"pid":26,"hostname":"17f12e34-03ef-4d26-ba7c-d7e7d60592cf","msg":"Logged in as BEE Manager 🐝#2363! (1253026215434911865)"}
{"level":30,"time":1737919400644,"pid":26,"hostname":"17f12e34-03ef-4d26-ba7c-d7e7d60592cf","msg":"Initializing giveaways manager..."}
{"level":30,"time":1737919401015,"pid":26,"hostname":"17f12e34-03ef-4d26-ba7c-d7e7d60592cf","msg":"Successfully registered interactions"}
{"level":30,"time":1737919401215,"pid":26,"hostname":"17f12e34-03ef-4d26-ba7c-d7e7d60592cf","msg":"Giveaway Manager initialized"}
{"level":30,"time":1737921529663,"pid":26,"hostname":"17f12e34-03ef-4d26-ba7c-d7e7d60592cf","msg":"Validating config file and environment variables"}
{"level":40,"time":1737921529664,"pid":26,"hostname":"17f12e34-03ef-4d26-ba7c-d7e7d60592cf","msg":"config.js: SUPPORT_SERVER is not provided"}
{"level":30,"time":1737921529779,"pid":26,"hostname":"17f12e34-03ef-4d26-ba7c-d7e7d60592cf","msg":"Loading commands..."}
{"level":20,"time":1737921529841,"pid":26,"hostname":"17f12e34-03ef-4d26-ba7c-d7e7d60592cf","msg":"Skipping command amongus. Disabled!"}
{"level":20,"time":1737921529843,"pid":26,"hostname":"17f12e34-03ef-4d26-ba7c-d7e7d60592cf","msg":"Skipping command editxp. Disabled!"}
{"level":20,"time":1737921529844,"pid":26,"hostname":"17f12e34-03ef-4d26-ba7c-d7e7d60592cf","msg":"Skipping command embedsite. Disabled!"}
{"level":20,"time":1737921529861,"pid":26,"hostname":"17f12e34-03ef-4d26-ba7c-d7e7d60592cf","msg":"Skipping command reset-lb. Disabled!"}
{"level":20,"time":1737921529863,"pid":26,"hostname":"17f12e34-03ef-4d26-ba7c-d7e7d60592cf","msg":"Skipping command to-do. Disabled!"}
{"level":20,"time":1737921529864,"pid":26,"hostname":"17f12e34-03ef-4d26-ba7c-d7e7d60592cf","msg":"Skipping command cooldown. Disabled!"}
{"level":20,"time":1737921529865,"pid":26,"hostname":"17f12e34-03ef-4d26-ba7c-d7e7d60592cf","msg":"Skipping command resetcd. Disabled!"}
{"level":20,"time":1737921529868,"pid":26,"hostname":"17f12e34-03ef-4d26-ba7c-d7e7d60592cf","msg":"Skipping command shift. Disabled!"}
{"level":20,"time":1737921529868,"pid":26,"hostname":"17f12e34-03ef-4d26-ba7c-d7e7d60592cf","msg":"Skipping command shiftmanagement. Disabled!"}
{"level":20,"time":1737921529870,"pid":26,"hostname":"17f12e34-03ef-4d26-ba7c-d7e7d60592cf","msg":"Skipping command special. Disabled!"}
{"level":20,"time":1737921529940,"pid":26,"hostname":"17f12e34-03ef-4d26-ba7c-d7e7d60592cf","msg":"Skipping command staffpoints. Disabled!"}
{"level":20,"time":1737921530049,"pid":26,"hostname":"17f12e34-03ef-4d26-ba7c-d7e7d60592cf","msg":"Skipping command confess. Disabled!"}
{"level":20,"time":1737921530049,"pid":26,"hostname":"17f12e34-03ef-4d26-ba7c-d7e7d60592cf","msg":"Skipping command confession. Disabled!"}
{"level":20,"time":1737921530060,"pid":26,"hostname":"17f12e34-03ef-4d26-ba7c-d7e7d60592cf","msg":"Skipping command blackjack. Disabled!"}
{"level":20,"time":1737921530071,"pid":26,"hostname":"17f12e34-03ef-4d26-ba7c-d7e7d60592cf","msg":"Skipping command slots. Disabled!"}
{"level":20,"time":1737921530075,"pid":26,"hostname":"17f12e34-03ef-4d26-ba7c-d7e7d60592cf","msg":"Skipping command steal. Disabled!"}
{"level":20,"time":1737921530075,"pid":26,"hostname":"17f12e34-03ef-4d26-ba7c-d7e7d60592cf","msg":"Skipping command work. Disabled!"}
{"level":20,"time":1737921530275,"pid":26,"hostname":"17f12e34-03ef-4d26-ba7c-d7e7d60592cf","msg":"Skipping command meme. Disabled!"}
{"level":20,"time":1737921531545,"pid":26,"hostname":"17f12e34-03ef-4d26-ba7c-d7e7d60592cf","msg":"Skipping slash command avatar. Disabled!"}
{"level":20,"time":1737921531546,"pid":26,"hostname":"17f12e34-03ef-4d26-ba7c-d7e7d60592cf","msg":"Skipping slash command botstats. Disabled!"}
{"level":20,"time":1737921531553,"pid":26,"hostname":"17f12e34-03ef-4d26-ba7c-d7e7d60592cf","msg":"Skipping slash command channelinfo. Disabled!"}
{"level":20,"time":1737921531554,"pid":26,"hostname":"17f12e34-03ef-4d26-ba7c-d7e7d60592cf","msg":"Skipping slash command emojiinfo. Disabled!"}
{"level":20,"time":1737921531568,"pid":26,"hostname":"17f12e34-03ef-4d26-ba7c-d7e7d60592cf","msg":"Skipping slash command guildinfo. Disabled!"}
{"level":20,"time":1737921531569,"pid":26,"hostname":"17f12e34-03ef-4d26-ba7c-d7e7d60592cf","msg":"Skipping slash command uptime. Disabled!"}
{"level":20,"time":1737921531577,"pid":26,"hostname":"17f12e34-03ef-4d26-ba7c-d7e7d60592cf","msg":"Skipping slash command userinfo. Disabled!"}
{"level":20,"time":1737921531578,"pid":26,"hostname":"17f12e34-03ef-4d26-ba7c-d7e7d60592cf","msg":"Skipping command bot. Disabled!"}
{"level":20,"time":1737921531582,"pid":26,"hostname":"17f12e34-03ef-4d26-ba7c-d7e7d60592cf","msg":"Skipping command info. Disabled!"}
{"level":20,"time":1737921531588,"pid":26,"hostname":"17f12e34-03ef-4d26-ba7c-d7e7d60592cf","msg":"Skipping command cateringinfo. Disabled!"}
{"level":20,"time":1737921531589,"pid":26,"hostname":"17f12e34-03ef-4d26-ba7c-d7e7d60592cf","msg":"Skipping command order. Disabled!"}
{"level":20,"time":1737921531590,"pid":26,"hostname":"17f12e34-03ef-4d26-ba7c-d7e7d60592cf","msg":"Skipping command oc. Disabled!"}
{"level":20,"time":1737921531593,"pid":26,"hostname":"17f12e34-03ef-4d26-ba7c-d7e7d60592cf","msg":"Skipping command task. Disabled!"}
{"level":20,"time":1737921531595,"pid":26,"hostname":"17f12e34-03ef-4d26-ba7c-d7e7d60592cf","msg":"Skipping command tasksetup. Disabled!"}
{"level":20,"time":1737921531648,"pid":26,"hostname":"17f12e34-03ef-4d26-ba7c-d7e7d60592cf","msg":"Skipping command give. Disabled!"}
{"level":20,"time":1737921531655,"pid":26,"hostname":"17f12e34-03ef-4d26-ba7c-d7e7d60592cf","msg":"Skipping command reload. Disabled!"}
{"level":20,"time":1737921531676,"pid":26,"hostname":"17f12e34-03ef-4d26-ba7c-d7e7d60592cf","msg":"Skipping command donator. Disabled!"}
{"level":20,"time":1737921531678,"pid":26,"hostname":"17f12e34-03ef-4d26-ba7c-d7e7d60592cf","msg":"Skipping command guidelines. Disabled!"}
{"level":20,"time":1737921531683,"pid":26,"hostname":"17f12e34-03ef-4d26-ba7c-d7e7d60592cf","msg":"Skipping command protocols. Disabled!"}
{"level":20,"time":1737921531685,"pid":26,"hostname":"17f12e34-03ef-4d26-ba7c-d7e7d60592cf","msg":"Skipping command rules. Disabled!"}
{"level":20,"time":1737921531685,"pid":26,"hostname":"17f12e34-03ef-4d26-ba7c-d7e7d60592cf","msg":"Skipping command serverinfo. Disabled!"}
{"level":20,"time":1737921531686,"pid":26,"hostname":"17f12e34-03ef-4d26-ba7c-d7e7d60592cf","msg":"Skipping command tags. Disabled!"}
{"level":30,"time":1737921531688,"pid":26,"hostname":"17f12e34-03ef-4d26-ba7c-d7e7d60592cf","msg":"Loaded 57 commands"}
{"level":30,"time":1737921531689,"pid":26,"hostname":"17f12e34-03ef-4d26-ba7c-d7e7d60592cf","msg":"Loaded 83 slash commands"}
{"level":30,"time":1737921531689,"pid":26,"hostname":"17f12e34-03ef-4d26-ba7c-d7e7d60592cf","msg":"Loading contexts..."}
{"level":30,"time":1737921531690,"pid":26,"hostname":"17f12e34-03ef-4d26-ba7c-d7e7d60592cf","msg":"Loaded 1 USER contexts"}
{"level":30,"time":1737921531690,"pid":26,"hostname":"17f12e34-03ef-4d26-ba7c-d7e7d60592cf","msg":"Loaded 0 MESSAGE contexts"}
{"level":30,"time":1737921531690,"pid":26,"hostname":"17f12e34-03ef-4d26-ba7c-d7e7d60592cf","msg":"Loading events..."}
{"level":30,"time":1737921531769,"pid":26,"hostname":"17f12e34-03ef-4d26-ba7c-d7e7d60592cf","msg":"Loaded 17 events. Success (17) Failed (0)"}
{"level":30,"time":1737921531854,"pid":26,"hostname":"17f12e34-03ef-4d26-ba7c-d7e7d60592cf","msg":"Connecting to MongoDb..."}
{"level":30,"time":1737921534641,"pid":26,"hostname":"17f12e34-03ef-4d26-ba7c-d7e7d60592cf","msg":"Mongoose: Database connection established"}
{"level":30,"time":1737921535453,"pid":26,"hostname":"17f12e34-03ef-4d26-ba7c-d7e7d60592cf","msg":"Logged in as BEE Manager 🐝#2363! (1253026215434911865)"}
{"level":30,"time":1737921535453,"pid":26,"hostname":"17f12e34-03ef-4d26-ba7c-d7e7d60592cf","msg":"Initializing giveaways manager..."}
{"level":30,"time":1737921535799,"pid":26,"hostname":"17f12e34-03ef-4d26-ba7c-d7e7d60592cf","msg":"Successfully registered interactions"}
{"level":30,"time":1737921536339,"pid":26,"hostname":"17f12e34-03ef-4d26-ba7c-d7e7d60592cf","msg":"Giveaway Manager initialized"}
{"level":50,"time":1737922155566,"pid":26,"hostname":"17f12e34-03ef-4d26-ba7c-d7e7d60592cf","err":{"type":"DiscordAPIError","message":"Cannot edit a message authored by another user","stack":"DiscordAPIError[50005]: Cannot edit a message authored by another user\n    at handleErrors (/home/container/node_modules/@discordjs/rest/dist/index.js:727:13)\n    at process.processTicksAndRejections (node:internal/process/task_queues:95:5)\n    at async SequentialHandler.runRequest (/home/container/node_modules/@discordjs/rest/dist/index.js:1128:23)\n    at async SequentialHandler.queueRequest (/home/container/node_modules/@discordjs/rest/dist/index.js:959:14)\n    at async _REST.request (/home/container/node_modules/@discordjs/rest/dist/index.js:1272:22)\n    at async GuildMessageManager.edit (/home/container/node_modules/discord.js/src/managers/MessageManager.js:188:15)","requestBody":{"files":[],"json":{"content":"# Week of <t:1738008240:D> to <t:1738526640:D>\n-# * XP to be given out **after** workaholic weekend.\n## Leaderboard:\n\nEmpty for now\n    ","tts":false,"enforce_nonce":false,"allowed_mentions":{"parse":["users","everyone","roles"]},"flags":0}},"rawError":{"type":"Object","message":"Cannot edit a message authored by another user","stack":"","code":50005},"code":50005,"status":403,"method":"PATCH","url":"https://discord.com/api/v10/channels/1270635130893107283/messages/1328099046841127024"},"msg":"Unhandled exception: Cannot edit a message authored by another user"}
{"level":50,"time":1737923018737,"pid":26,"hostname":"17f12e34-03ef-4d26-ba7c-d7e7d60592cf","err":{"type":"DiscordAPIError","message":"Cannot edit a message authored by another user","stack":"DiscordAPIError[50005]: Cannot edit a message authored by another user\n    at handleErrors (/home/container/node_modules/@discordjs/rest/dist/index.js:727:13)\n    at process.processTicksAndRejections (node:internal/process/task_queues:95:5)\n    at async SequentialHandler.runRequest (/home/container/node_modules/@discordjs/rest/dist/index.js:1128:23)\n    at async SequentialHandler.queueRequest (/home/container/node_modules/@discordjs/rest/dist/index.js:959:14)\n    at async _REST.request (/home/container/node_modules/@discordjs/rest/dist/index.js:1272:22)\n    at async GuildMessageManager.edit (/home/container/node_modules/discord.js/src/managers/MessageManager.js:188:15)","requestBody":{"files":[],"json":{"content":"# Week of null to null\n-# xp to be given out **after** workaholic weekend\n      ## Leaderboard:\n      \n      > * <@1155205923879534673> = 75\n> * <@694199882885627955> = 75\n> * <@935290954619949066> = 75\n> * <@1003787695283249252> = 75","tts":false,"enforce_nonce":false,"allowed_mentions":{"parse":["users","everyone","roles"]},"flags":0}},"rawError":{"type":"Object","message":"Cannot edit a message authored by another user","stack":"","code":50005},"code":50005,"status":403,"method":"PATCH","url":"https://discord.com/api/v10/channels/1270635130893107283/messages/1328099046841127024"},"msg":"Unhandled exception: Cannot edit a message authored by another user"}
{"level":50,"time":1737936343378,"pid":26,"hostname":"17f12e34-03ef-4d26-ba7c-d7e7d60592cf","err":{"type":"TypeError","message":"Cannot read properties of undefined (reading 'User')","stack":"TypeError: Cannot read properties of undefined (reading 'User')\n    at Object.deleteReport (/home/container/src/handlers/taskHandler.js:411:59)\n    at process.processTicksAndRejections (node:internal/process/task_queues:95:5)"},"msg":"Client Error: Cannot read properties of undefined (reading 'User')"}
{"level":50,"time":1738013688392,"pid":26,"hostname":"17f12e34-03ef-4d26-ba7c-d7e7d60592cf","err":{"type":"TypeError","message":"fetch failed: Connect Timeout Error (attempted addresses: 172.67.169.136:443, 2606:4700:3032::ac43:a988:443, 104.21.46.246:443, 2606:4700:3035::6815:2ef6:443)","stack":"TypeError: fetch failed\n    at fetch (/home/container/node_modules/discord.js/node_modules/undici/index.js:112:13)\n    at process.processTicksAndRejections (node:internal/process/task_queues:95:5)\n    at async resolveFile (/home/container/node_modules/discord.js/src/util/DataResolver.js:94:19)\n    at async MessagePayload.resolveFile (/home/container/node_modules/discord.js/src/structures/MessagePayload.js:294:35)\n    at async Promise.all (index 0)\n    at async MessagePayload.resolveFiles (/home/container/node_modules/discord.js/src/structures/MessagePayload.js:259:18)\n    at async GuildMessageManager.edit (/home/container/node_modules/discord.js/src/managers/MessageManager.js:181:29)\ncaused by: ConnectTimeoutError: Connect Timeout Error (attempted addresses: 172.67.169.136:443, 2606:4700:3032::ac43:a988:443, 104.21.46.246:443, 2606:4700:3035::6815:2ef6:443)\n    at onConnectTimeout (/home/container/node_modules/@discordjs/rest/node_modules/undici/lib/core/connect.js:190:24)\n    at /home/container/node_modules/@discordjs/rest/node_modules/undici/lib/core/connect.js:133:46\n    at Immediate._onImmediate (/home/container/node_modules/@discordjs/rest/node_modules/undici/lib/core/connect.js:174:9)\n    at process.processImmediate (node:internal/timers:478:21)"},"msg":"Unhandled exception: fetch failed"}
{"level":50,"time":1738013694410,"pid":26,"hostname":"17f12e34-03ef-4d26-ba7c-d7e7d60592cf","err":{"type":"TypeError","message":"fetch failed: Connect Timeout Error (attempted addresses: 172.67.169.136:443, 2606:4700:3035::6815:2ef6:443, 104.21.46.246:443, 2606:4700:3032::ac43:a988:443)","stack":"TypeError: fetch failed\n    at fetch (/home/container/node_modules/discord.js/node_modules/undici/index.js:112:13)\n    at process.processTicksAndRejections (node:internal/process/task_queues:95:5)\n    at async resolveFile (/home/container/node_modules/discord.js/src/util/DataResolver.js:94:19)\n    at async MessagePayload.resolveFile (/home/container/node_modules/discord.js/src/structures/MessagePayload.js:294:35)\n    at async Promise.all (index 0)\n    at async MessagePayload.resolveFiles (/home/container/node_modules/discord.js/src/structures/MessagePayload.js:259:18)\n    at async GuildMessageManager.edit (/home/container/node_modules/discord.js/src/managers/MessageManager.js:181:29)\ncaused by: ConnectTimeoutError: Connect Timeout Error (attempted addresses: 172.67.169.136:443, 2606:4700:3035::6815:2ef6:443, 104.21.46.246:443, 2606:4700:3032::ac43:a988:443)\n    at onConnectTimeout (/home/container/node_modules/@discordjs/rest/node_modules/undici/lib/core/connect.js:190:24)\n    at /home/container/node_modules/@discordjs/rest/node_modules/undici/lib/core/connect.js:133:46\n    at Immediate._onImmediate (/home/container/node_modules/@discordjs/rest/node_modules/undici/lib/core/connect.js:174:9)\n    at process.processImmediate (node:internal/timers:478:21)"},"msg":"Unhandled exception: fetch failed"}
{"level":50,"time":1738013702046,"pid":26,"hostname":"17f12e34-03ef-4d26-ba7c-d7e7d60592cf","err":{"type":"TypeError","message":"fetch failed: Connect Timeout Error (attempted addresses: 172.67.169.136:443, 2606:4700:3032::ac43:a988:443, 104.21.46.246:443, 2606:4700:3035::6815:2ef6:443)","stack":"TypeError: fetch failed\n    at fetch (/home/container/node_modules/discord.js/node_modules/undici/index.js:112:13)\n    at process.processTicksAndRejections (node:internal/process/task_queues:95:5)\n    at async resolveFile (/home/container/node_modules/discord.js/src/util/DataResolver.js:94:19)\n    at async MessagePayload.resolveFile (/home/container/node_modules/discord.js/src/structures/MessagePayload.js:294:35)\n    at async Promise.all (index 0)\n    at async MessagePayload.resolveFiles (/home/container/node_modules/discord.js/src/structures/MessagePayload.js:259:18)\n    at async GuildMessageManager.edit (/home/container/node_modules/discord.js/src/managers/MessageManager.js:181:29)\ncaused by: ConnectTimeoutError: Connect Timeout Error (attempted addresses: 172.67.169.136:443, 2606:4700:3032::ac43:a988:443, 104.21.46.246:443, 2606:4700:3035::6815:2ef6:443)\n    at onConnectTimeout (/home/container/node_modules/@discordjs/rest/node_modules/undici/lib/core/connect.js:190:24)\n    at /home/container/node_modules/@discordjs/rest/node_modules/undici/lib/core/connect.js:133:46\n    at Immediate._onImmediate (/home/container/node_modules/@discordjs/rest/node_modules/undici/lib/core/connect.js:174:9)\n    at process.processImmediate (node:internal/timers:478:21)"},"msg":"Unhandled exception: fetch failed"}
{"level":50,"time":1738013706472,"pid":26,"hostname":"17f12e34-03ef-4d26-ba7c-d7e7d60592cf","err":{"type":"TypeError","message":"fetch failed: Connect Timeout Error (attempted addresses: 172.67.169.136:443, 2606:4700:3035::6815:2ef6:443, 104.21.46.246:443, 2606:4700:3032::ac43:a988:443)","stack":"TypeError: fetch failed\n    at fetch (/home/container/node_modules/discord.js/node_modules/undici/index.js:112:13)\n    at process.processTicksAndRejections (node:internal/process/task_queues:95:5)\n    at async resolveFile (/home/container/node_modules/discord.js/src/util/DataResolver.js:94:19)\n    at async MessagePayload.resolveFile (/home/container/node_modules/discord.js/src/structures/MessagePayload.js:294:35)\n    at async Promise.all (index 0)\n    at async MessagePayload.resolveFiles (/home/container/node_modules/discord.js/src/structures/MessagePayload.js:259:18)\n    at async GuildMessageManager.edit (/home/container/node_modules/discord.js/src/managers/MessageManager.js:181:29)\ncaused by: ConnectTimeoutError: Connect Timeout Error (attempted addresses: 172.67.169.136:443, 2606:4700:3035::6815:2ef6:443, 104.21.46.246:443, 2606:4700:3032::ac43:a988:443)\n    at onConnectTimeout (/home/container/node_modules/@discordjs/rest/node_modules/undici/lib/core/connect.js:190:24)\n    at /home/container/node_modules/@discordjs/rest/node_modules/undici/lib/core/connect.js:133:46\n    at Immediate._onImmediate (/home/container/node_modules/@discordjs/rest/node_modules/undici/lib/core/connect.js:174:9)\n    at process.processImmediate (node:internal/timers:478:21)"},"msg":"Unhandled exception: fetch failed"}
{"level":50,"time":1738013709875,"pid":26,"hostname":"17f12e34-03ef-4d26-ba7c-d7e7d60592cf","err":{"type":"TypeError","message":"fetch failed: Connect Timeout Error (attempted addresses: 104.21.46.246:443, 2606:4700:3032::ac43:a988:443, 172.67.169.136:443, 2606:4700:3035::6815:2ef6:443)","stack":"TypeError: fetch failed\n    at fetch (/home/container/node_modules/discord.js/node_modules/undici/index.js:112:13)\n    at process.processTicksAndRejections (node:internal/process/task_queues:95:5)\n    at async resolveFile (/home/container/node_modules/discord.js/src/util/DataResolver.js:94:19)\n    at async MessagePayload.resolveFile (/home/container/node_modules/discord.js/src/structures/MessagePayload.js:294:35)\n    at async Promise.all (index 0)\n    at async MessagePayload.resolveFiles (/home/container/node_modules/discord.js/src/structures/MessagePayload.js:259:18)\n    at async GuildMessageManager.edit (/home/container/node_modules/discord.js/src/managers/MessageManager.js:181:29)\ncaused by: ConnectTimeoutError: Connect Timeout Error (attempted addresses: 104.21.46.246:443, 2606:4700:3032::ac43:a988:443, 172.67.169.136:443, 2606:4700:3035::6815:2ef6:443)\n    at onConnectTimeout (/home/container/node_modules/@discordjs/rest/node_modules/undici/lib/core/connect.js:190:24)\n    at /home/container/node_modules/@discordjs/rest/node_modules/undici/lib/core/connect.js:133:46\n    at Immediate._onImmediate (/home/container/node_modules/@discordjs/rest/node_modules/undici/lib/core/connect.js:174:9)\n    at process.processImmediate (node:internal/timers:478:21)"},"msg":"Unhandled exception: fetch failed"}
{"level":50,"time":1738013720520,"pid":26,"hostname":"17f12e34-03ef-4d26-ba7c-d7e7d60592cf","err":{"type":"TypeError","message":"fetch failed: Connect Timeout Error (attempted addresses: 104.21.46.246:443, 2606:4700:3035::6815:2ef6:443, 172.67.169.136:443, 2606:4700:3032::ac43:a988:443)","stack":"TypeError: fetch failed\n    at fetch (/home/container/node_modules/discord.js/node_modules/undici/index.js:112:13)\n    at process.processTicksAndRejections (node:internal/process/task_queues:95:5)\n    at async resolveFile (/home/container/node_modules/discord.js/src/util/DataResolver.js:94:19)\n    at async MessagePayload.resolveFile (/home/container/node_modules/discord.js/src/structures/MessagePayload.js:294:35)\n    at async Promise.all (index 0)\n    at async MessagePayload.resolveFiles (/home/container/node_modules/discord.js/src/structures/MessagePayload.js:259:18)\n    at async GuildMessageManager.edit (/home/container/node_modules/discord.js/src/managers/MessageManager.js:181:29)\ncaused by: ConnectTimeoutError: Connect Timeout Error (attempted addresses: 104.21.46.246:443, 2606:4700:3035::6815:2ef6:443, 172.67.169.136:443, 2606:4700:3032::ac43:a988:443)\n    at onConnectTimeout (/home/container/node_modules/@discordjs/rest/node_modules/undici/lib/core/connect.js:190:24)\n    at /home/container/node_modules/@discordjs/rest/node_modules/undici/lib/core/connect.js:133:46\n    at Immediate._onImmediate (/home/container/node_modules/@discordjs/rest/node_modules/undici/lib/core/connect.js:174:9)\n    at process.processImmediate (node:internal/timers:478:21)"},"msg":"Unhandled exception: fetch failed"}
{"level":50,"time":1738013741761,"pid":26,"hostname":"17f12e34-03ef-4d26-ba7c-d7e7d60592cf","err":{"type":"TypeError","message":"fetch failed: Connect Timeout Error (attempted addresses: 104.21.46.246:443, 2606:4700:3032::ac43:a988:443, 172.67.169.136:443, 2606:4700:3035::6815:2ef6:443)","stack":"TypeError: fetch failed\n    at fetch (/home/container/node_modules/discord.js/node_modules/undici/index.js:112:13)\n    at process.processTicksAndRejections (node:internal/process/task_queues:95:5)\n    at async resolveFile (/home/container/node_modules/discord.js/src/util/DataResolver.js:94:19)\n    at async MessagePayload.resolveFile (/home/container/node_modules/discord.js/src/structures/MessagePayload.js:294:35)\n    at async Promise.all (index 0)\n    at async MessagePayload.resolveFiles (/home/container/node_modules/discord.js/src/structures/MessagePayload.js:259:18)\n    at async GuildMessageManager.edit (/home/container/node_modules/discord.js/src/managers/MessageManager.js:181:29)\ncaused by: ConnectTimeoutError: Connect Timeout Error (attempted addresses: 104.21.46.246:443, 2606:4700:3032::ac43:a988:443, 172.67.169.136:443, 2606:4700:3035::6815:2ef6:443)\n    at onConnectTimeout (/home/container/node_modules/@discordjs/rest/node_modules/undici/lib/core/connect.js:190:24)\n    at /home/container/node_modules/@discordjs/rest/node_modules/undici/lib/core/connect.js:133:46\n    at Immediate._onImmediate (/home/container/node_modules/@discordjs/rest/node_modules/undici/lib/core/connect.js:174:9)\n    at process.processImmediate (node:internal/timers:478:21)"},"msg":"Unhandled exception: fetch failed"}
{"level":50,"time":1738013745803,"pid":26,"hostname":"17f12e34-03ef-4d26-ba7c-d7e7d60592cf","err":{"type":"TypeError","message":"fetch failed: Connect Timeout Error (attempted addresses: 172.67.169.136:443, 2606:4700:3032::ac43:a988:443, 104.21.46.246:443, 2606:4700:3035::6815:2ef6:443)","stack":"TypeError: fetch failed\n    at fetch (/home/container/node_modules/discord.js/node_modules/undici/index.js:112:13)\n    at process.processTicksAndRejections (node:internal/process/task_queues:95:5)\n    at async resolveFile (/home/container/node_modules/discord.js/src/util/DataResolver.js:94:19)\n    at async MessagePayload.resolveFile (/home/container/node_modules/discord.js/src/structures/MessagePayload.js:294:35)\n    at async Promise.all (index 0)\n    at async MessagePayload.resolveFiles (/home/container/node_modules/discord.js/src/structures/MessagePayload.js:259:18)\n    at async GuildMessageManager.edit (/home/container/node_modules/discord.js/src/managers/MessageManager.js:181:29)\ncaused by: ConnectTimeoutError: Connect Timeout Error (attempted addresses: 172.67.169.136:443, 2606:4700:3032::ac43:a988:443, 104.21.46.246:443, 2606:4700:3035::6815:2ef6:443)\n    at onConnectTimeout (/home/container/node_modules/@discordjs/rest/node_modules/undici/lib/core/connect.js:190:24)\n    at /home/container/node_modules/@discordjs/rest/node_modules/undici/lib/core/connect.js:133:46\n    at Immediate._onImmediate (/home/container/node_modules/@discordjs/rest/node_modules/undici/lib/core/connect.js:174:9)\n    at process.processImmediate (node:internal/timers:478:21)"},"msg":"Unhandled exception: fetch failed"}
{"level":50,"time":1738013749612,"pid":26,"hostname":"17f12e34-03ef-4d26-ba7c-d7e7d60592cf","err":{"type":"TypeError","message":"fetch failed: Connect Timeout Error (attempted addresses: 104.21.46.246:443, 2606:4700:3035::6815:2ef6:443, 172.67.169.136:443, 2606:4700:3032::ac43:a988:443)","stack":"TypeError: fetch failed\n    at fetch (/home/container/node_modules/discord.js/node_modules/undici/index.js:112:13)\n    at process.processTicksAndRejections (node:internal/process/task_queues:95:5)\n    at async resolveFile (/home/container/node_modules/discord.js/src/util/DataResolver.js:94:19)\n    at async MessagePayload.resolveFile (/home/container/node_modules/discord.js/src/structures/MessagePayload.js:294:35)\n    at async Promise.all (index 0)\n    at async MessagePayload.resolveFiles (/home/container/node_modules/discord.js/src/structures/MessagePayload.js:259:18)\n    at async GuildMessageManager.edit (/home/container/node_modules/discord.js/src/managers/MessageManager.js:181:29)\ncaused by: ConnectTimeoutError: Connect Timeout Error (attempted addresses: 104.21.46.246:443, 2606:4700:3035::6815:2ef6:443, 172.67.169.136:443, 2606:4700:3032::ac43:a988:443)\n    at onConnectTimeout (/home/container/node_modules/@discordjs/rest/node_modules/undici/lib/core/connect.js:190:24)\n    at /home/container/node_modules/@discordjs/rest/node_modules/undici/lib/core/connect.js:133:46\n    at Immediate._onImmediate (/home/container/node_modules/@discordjs/rest/node_modules/undici/lib/core/connect.js:174:9)\n    at process.processImmediate (node:internal/timers:478:21)"},"msg":"Unhandled exception: fetch failed"}
{"level":50,"time":1738013749640,"pid":26,"hostname":"17f12e34-03ef-4d26-ba7c-d7e7d60592cf","err":{"type":"TypeError","message":"fetch failed: Connect Timeout Error (attempted addresses: 104.21.46.246:443, 2606:4700:3035::6815:2ef6:443, 172.67.169.136:443, 2606:4700:3032::ac43:a988:443)","stack":"TypeError: fetch failed\n    at fetch (/home/container/node_modules/discord.js/node_modules/undici/index.js:112:13)\n    at process.processTicksAndRejections (node:internal/process/task_queues:95:5)\n    at async resolveFile (/home/container/node_modules/discord.js/src/util/DataResolver.js:94:19)\n    at async MessagePayload.resolveFile (/home/container/node_modules/discord.js/src/structures/MessagePayload.js:294:35)\n    at async Promise.all (index 0)\n    at async MessagePayload.resolveFiles (/home/container/node_modules/discord.js/src/structures/MessagePayload.js:259:18)\n    at async GuildMessageManager.edit (/home/container/node_modules/discord.js/src/managers/MessageManager.js:181:29)\ncaused by: ConnectTimeoutError: Connect Timeout Error (attempted addresses: 104.21.46.246:443, 2606:4700:3035::6815:2ef6:443, 172.67.169.136:443, 2606:4700:3032::ac43:a988:443)\n    at onConnectTimeout (/home/container/node_modules/@discordjs/rest/node_modules/undici/lib/core/connect.js:190:24)\n    at /home/container/node_modules/@discordjs/rest/node_modules/undici/lib/core/connect.js:133:46\n    at Immediate._onImmediate (/home/container/node_modules/@discordjs/rest/node_modules/undici/lib/core/connect.js:174:9)\n    at process.processImmediate (node:internal/timers:478:21)"},"msg":"Unhandled exception: fetch failed"}
{"level":50,"time":1738013752076,"pid":26,"hostname":"17f12e34-03ef-4d26-ba7c-d7e7d60592cf","err":{"type":"TypeError","message":"fetch failed: Connect Timeout Error (attempted addresses: 172.67.169.136:443, 2606:4700:3032::ac43:a988:443, 104.21.46.246:443, 2606:4700:3035::6815:2ef6:443)","stack":"TypeError: fetch failed\n    at fetch (/home/container/node_modules/discord.js/node_modules/undici/index.js:112:13)\n    at process.processTicksAndRejections (node:internal/process/task_queues:95:5)\n    at async resolveFile (/home/container/node_modules/discord.js/src/util/DataResolver.js:94:19)\n    at async MessagePayload.resolveFile (/home/container/node_modules/discord.js/src/structures/MessagePayload.js:294:35)\n    at async Promise.all (index 0)\n    at async MessagePayload.resolveFiles (/home/container/node_modules/discord.js/src/structures/MessagePayload.js:259:18)\n    at async GuildMessageManager.edit (/home/container/node_modules/discord.js/src/managers/MessageManager.js:181:29)\ncaused by: ConnectTimeoutError: Connect Timeout Error (attempted addresses: 172.67.169.136:443, 2606:4700:3032::ac43:a988:443, 104.21.46.246:443, 2606:4700:3035::6815:2ef6:443)\n    at onConnectTimeout (/home/container/node_modules/@discordjs/rest/node_modules/undici/lib/core/connect.js:190:24)\n    at /home/container/node_modules/@discordjs/rest/node_modules/undici/lib/core/connect.js:133:46\n    at Immediate._onImmediate (/home/container/node_modules/@discordjs/rest/node_modules/undici/lib/core/connect.js:174:9)\n    at process.processImmediate (node:internal/timers:478:21)"},"msg":"Unhandled exception: fetch failed"}
{"level":50,"time":1738013753883,"pid":26,"hostname":"17f12e34-03ef-4d26-ba7c-d7e7d60592cf","err":{"type":"TypeError","message":"fetch failed: Connect Timeout Error (attempted addresses: 104.21.46.246:443, 2606:4700:3032::ac43:a988:443, 172.67.169.136:443, 2606:4700:3035::6815:2ef6:443)","stack":"TypeError: fetch failed\n    at fetch (/home/container/node_modules/discord.js/node_modules/undici/index.js:112:13)\n    at process.processTicksAndRejections (node:internal/process/task_queues:95:5)\n    at async resolveFile (/home/container/node_modules/discord.js/src/util/DataResolver.js:94:19)\n    at async MessagePayload.resolveFile (/home/container/node_modules/discord.js/src/structures/MessagePayload.js:294:35)\n    at async Promise.all (index 0)\n    at async MessagePayload.resolveFiles (/home/container/node_modules/discord.js/src/structures/MessagePayload.js:259:18)\n    at async GuildMessageManager.edit (/home/container/node_modules/discord.js/src/managers/MessageManager.js:181:29)\ncaused by: ConnectTimeoutError: Connect Timeout Error (attempted addresses: 104.21.46.246:443, 2606:4700:3032::ac43:a988:443, 172.67.169.136:443, 2606:4700:3035::6815:2ef6:443)\n    at onConnectTimeout (/home/container/node_modules/@discordjs/rest/node_modules/undici/lib/core/connect.js:190:24)\n    at /home/container/node_modules/@discordjs/rest/node_modules/undici/lib/core/connect.js:133:46\n    at Immediate._onImmediate (/home/container/node_modules/@discordjs/rest/node_modules/undici/lib/core/connect.js:174:9)\n    at process.processImmediate (node:internal/timers:478:21)"},"msg":"Unhandled exception: fetch failed"}
{"level":50,"time":1738013756345,"pid":26,"hostname":"17f12e34-03ef-4d26-ba7c-d7e7d60592cf","err":{"type":"TypeError","message":"fetch failed: Connect Timeout Error","stack":"TypeError: fetch failed\n    at fetch (/home/container/node_modules/discord.js/node_modules/undici/index.js:112:13)\n    at process.processTicksAndRejections (node:internal/process/task_queues:95:5)\n    at async resolveFile (/home/container/node_modules/discord.js/src/util/DataResolver.js:94:19)\n    at async MessagePayload.resolveFile (/home/container/node_modules/discord.js/src/structures/MessagePayload.js:294:35)\n    at async Promise.all (index 0)\n    at async MessagePayload.resolveFiles (/home/container/node_modules/discord.js/src/structures/MessagePayload.js:259:18)\n    at async GuildMessageManager.edit (/home/container/node_modules/discord.js/src/managers/MessageManager.js:181:29)\ncaused by: ConnectTimeoutError: Connect Timeout Error\n    at onConnectTimeout (/home/container/node_modules/@discordjs/rest/node_modules/undici/lib/core/connect.js:190:24)\n    at /home/container/node_modules/@discordjs/rest/node_modules/undici/lib/core/connect.js:133:46\n    at Immediate._onImmediate (/home/container/node_modules/@discordjs/rest/node_modules/undici/lib/core/connect.js:174:9)\n    at process.processImmediate (node:internal/timers:478:21)"},"msg":"Unhandled exception: fetch failed"}
{"level":50,"time":1738013759085,"pid":26,"hostname":"17f12e34-03ef-4d26-ba7c-d7e7d60592cf","err":{"type":"TypeError","message":"fetch failed: Connect Timeout Error (attempted addresses: 104.21.46.246:443, 2606:4700:3035::6815:2ef6:443, 172.67.169.136:443, 2606:4700:3032::ac43:a988:443)","stack":"TypeError: fetch failed\n    at fetch (/home/container/node_modules/discord.js/node_modules/undici/index.js:112:13)\n    at process.processTicksAndRejections (node:internal/process/task_queues:95:5)\n    at async resolveFile (/home/container/node_modules/discord.js/src/util/DataResolver.js:94:19)\n    at async MessagePayload.resolveFile (/home/container/node_modules/discord.js/src/structures/MessagePayload.js:294:35)\n    at async Promise.all (index 0)\n    at async MessagePayload.resolveFiles (/home/container/node_modules/discord.js/src/structures/MessagePayload.js:259:18)\n    at async GuildMessageManager.edit (/home/container/node_modules/discord.js/src/managers/MessageManager.js:181:29)\ncaused by: ConnectTimeoutError: Connect Timeout Error (attempted addresses: 104.21.46.246:443, 2606:4700:3035::6815:2ef6:443, 172.67.169.136:443, 2606:4700:3032::ac43:a988:443)\n    at onConnectTimeout (/home/container/node_modules/@discordjs/rest/node_modules/undici/lib/core/connect.js:190:24)\n    at /home/container/node_modules/@discordjs/rest/node_modules/undici/lib/core/connect.js:133:46\n    at Immediate._onImmediate (/home/container/node_modules/@discordjs/rest/node_modules/undici/lib/core/connect.js:174:9)\n    at process.processImmediate (node:internal/timers:478:21)"},"msg":"Unhandled exception: fetch failed"}
{"level":50,"time":1738013779100,"pid":26,"hostname":"17f12e34-03ef-4d26-ba7c-d7e7d60592cf","err":{"type":"TypeError","message":"fetch failed: Connect Timeout Error (attempted addresses: 172.67.169.136:443, 2606:4700:3035::6815:2ef6:443, 104.21.46.246:443, 2606:4700:3032::ac43:a988:443)","stack":"TypeError: fetch failed\n    at fetch (/home/container/node_modules/discord.js/node_modules/undici/index.js:112:13)\n    at process.processTicksAndRejections (node:internal/process/task_queues:95:5)\n    at async resolveFile (/home/container/node_modules/discord.js/src/util/DataResolver.js:94:19)\n    at async MessagePayload.resolveFile (/home/container/node_modules/discord.js/src/structures/MessagePayload.js:294:35)\n    at async Promise.all (index 0)\n    at async MessagePayload.resolveFiles (/home/container/node_modules/discord.js/src/structures/MessagePayload.js:259:18)\n    at async GuildMessageManager.edit (/home/container/node_modules/discord.js/src/managers/MessageManager.js:181:29)\ncaused by: ConnectTimeoutError: Connect Timeout Error (attempted addresses: 172.67.169.136:443, 2606:4700:3035::6815:2ef6:443, 104.21.46.246:443, 2606:4700:3032::ac43:a988:443)\n    at onConnectTimeout (/home/container/node_modules/@discordjs/rest/node_modules/undici/lib/core/connect.js:190:24)\n    at /home/container/node_modules/@discordjs/rest/node_modules/undici/lib/core/connect.js:133:46\n    at Immediate._onImmediate (/home/container/node_modules/@discordjs/rest/node_modules/undici/lib/core/connect.js:174:9)\n    at process.processImmediate (node:internal/timers:478:21)"},"msg":"Unhandled exception: fetch failed"}
{"level":50,"time":1738013781769,"pid":26,"hostname":"17f12e34-03ef-4d26-ba7c-d7e7d60592cf","err":{"type":"TypeError","message":"fetch failed: Connect Timeout Error (attempted addresses: 104.21.46.246:443, 2606:4700:3032::ac43:a988:443, 172.67.169.136:443, 2606:4700:3035::6815:2ef6:443)","stack":"TypeError: fetch failed\n    at fetch (/home/container/node_modules/discord.js/node_modules/undici/index.js:112:13)\n    at process.processTicksAndRejections (node:internal/process/task_queues:95:5)\n    at async resolveFile (/home/container/node_modules/discord.js/src/util/DataResolver.js:94:19)\n    at async MessagePayload.resolveFile (/home/container/node_modules/discord.js/src/structures/MessagePayload.js:294:35)\n    at async Promise.all (index 0)\n    at async MessagePayload.resolveFiles (/home/container/node_modules/discord.js/src/structures/MessagePayload.js:259:18)\n    at async GuildMessageManager.edit (/home/container/node_modules/discord.js/src/managers/MessageManager.js:181:29)\ncaused by: ConnectTimeoutError: Connect Timeout Error (attempted addresses: 104.21.46.246:443, 2606:4700:3032::ac43:a988:443, 172.67.169.136:443, 2606:4700:3035::6815:2ef6:443)\n    at onConnectTimeout (/home/container/node_modules/@discordjs/rest/node_modules/undici/lib/core/connect.js:190:24)\n    at /home/container/node_modules/@discordjs/rest/node_modules/undici/lib/core/connect.js:133:46\n    at Immediate._onImmediate (/home/container/node_modules/@discordjs/rest/node_modules/undici/lib/core/connect.js:174:9)\n    at process.processImmediate (node:internal/timers:478:21)"},"msg":"Unhandled exception: fetch failed"}
{"level":50,"time":1738049986261,"pid":26,"hostname":"17f12e34-03ef-4d26-ba7c-d7e7d60592cf","err":{"type":"DiscordAPIError","message":"Invalid Form Body\ncontent[BASE_TYPE_MAX_LENGTH]: Must be 2000 or fewer in length.","stack":"DiscordAPIError[50035]: Invalid Form Body\ncontent[BASE_TYPE_MAX_LENGTH]: Must be 2000 or fewer in length.\n    at handleErrors (/home/container/node_modules/@discordjs/rest/dist/index.js:727:13)\n    at process.processTicksAndRejections (node:internal/process/task_queues:95:5)\n    at async SequentialHandler.runRequest (/home/container/node_modules/@discordjs/rest/dist/index.js:1128:23)\n    at async SequentialHandler.queueRequest (/home/container/node_modules/@discordjs/rest/dist/index.js:959:14)\n    at async _REST.request (/home/container/node_modules/@discordjs/rest/dist/index.js:1272:22)\n    at async GuildMessageManager.edit (/home/container/node_modules/discord.js/src/managers/MessageManager.js:188:15)\n    at async Object.interactionRun (/home/container/src/commands/admin/todo.js:1396:21)\n    at async Object.handleSlashCommand (/home/container/src/handlers/command.js:150:7)\n    at async module.exports (/home/container/src/events/interactions/interactionCreate.js:23:5)","requestBody":{"files":[],"json":{"content":"**Weekly Team To-Do List**\n1737349200-1737867600\n-# Listed in order of priority. Feel free to claim one by using the command `/to-do claim [task-id]`\n-# Once you have completed a task, please use `/to-do complete [task-id]`.\n\n1. 🟢 ~~Announce Workers of the Week with new leaderboard~~\n-# [ID: 1] Claimed by: Dee\n2. 🟢 ~~Revamp <#1284330986703818793> for Valentine's Update~~\n-# [ID: 2] Claimed by: Seawyd\n3. 🟢 ~~Announce Banner Contest for Valentine's season~~\n-# [ID: 3] Claimed by: Dee\n4. <:BEEmod:1268805750898294907> Determine promotions/demotions\n-# [ID: 4] Claimed by: Nobody\n5. ⭕ Announce Workaholic Frolic!\n-# [ID: 5] Claimed by: Detrius\n6. ⭕ Partner Representative Transfers.\n-# [ID: 6] Claimed by: Nobody\n> 🟢 ~~Seaside Kitchen~~\n> -# [ID: 6.1] Claimed by: Day\n> ⭕ Strawberry Swirl\n> -# [ID: 6.2] Claimed by: Nobody\n> ⭕ The Noff Hangout\n> -# [ID: 6.3] Claimed by: Nobody\n> ⭕ Bloxbuilders\n> -# [ID: 6.4] Claimed by: Nobody\n> ⭕ Bloxburg Disney Universe\n> -# [ID: 6.5] Claimed by: Nobody\n> ⭕ Bloxburg Medical Centre\n> -# [ID: 6.6] Claimed by: Nobody\n> ⭕ Chick Fil A\n> -# [ID: 6.7] Claimed by: Nobody\n> ⭕ Cove Town\n> -# [ID: 6.8] Claimed by: Nobody\n> ⭕ Crystal Cove\n> -# [ID: 6.9] Claimed by: Nobody\n> ⭕ Bloxwork Services\n> -# [ID: 6.1] Claimed by: Nobody\n> ⭕ Midlan Al Bloxburg Farm\n> -# [ID: 6.11] Claimed by: Nobody\n> ⭕ Northwood High School\n> -# [ID: 6.12] Claimed by: Nobody\n> ⭕ Panda Industries\n> -# [ID: 6.13] Claimed by: Day\n> ⭕ Sayori High\n> -# [ID: 6.14] Claimed by: Nobody\n> ⭕ The orphanage\n> -# [ID: 6.15] Claimed by: Nobody\n> ⭕ Exquis Hotel and Resort\n> -# [ID: 6.16] Claimed by: Nobody\n> ⭕ Wisteric Treats\n> -# [ID: 6.17] Claimed by: Casey\n> ⭕ Bloxbite Delights\n> -# [ID: 6.18] Claimed by: Day\n> ⭕ Bloxburg Builders HQ\n> -# [ID: 6.19] Claimed by: Nobody\n> ⭕ Bloxburg Sunset Resorts\n> -# [ID: 6.2] Claimed by: Nobody\n> ⭕ CT Hotels and Resorts\n> -# [ID: 6.21] Claimed by: Nobody\n> ⭕ Deluna Hotels and Resorts\n> -# [ID: 6.22] Claimed by: Nobody\n> ⭕ Deluna Hotels and Resorts\n> -# [ID: 6.23] Claimed by: Nobody\n7. ⭕ More Partner Representative Transfers. (Bee Manager couldn't handle the amount of subtasks.)\n-# [ID: 7] Claimed by: Nobody\n8. ⭕ Partner rep\n-# [ID: 8] Claimed by: Nobody\n\n-# __LEGEND__\n-# <:BEEmod:1268805750898294907> Must be Admin\n-# ⭕ Undone\n-# 🟢 Completed\n","tts":false,"enforce_nonce":false,"allowed_mentions":{"parse":["users","everyone","roles"]},"flags":0}},"rawError":{"type":"Object","message":"Invalid Form Body","stack":"","code":50035,"errors":{"content":{"_errors":[{"code":"BASE_TYPE_MAX_LENGTH","message":"Must be 2000 or fewer in length."}]}}},"code":50035,"status":400,"method":"PATCH","url":"https://discord.com/api/v10/channels/1267959208465399980/messages/1330757557337329695"},"msg":"interactionRun: Invalid Form Body\ncontent[BASE_TYPE_MAX_LENGTH]: Must be 2000 or fewer in length."}
{"level":50,"time":1738050901149,"pid":26,"hostname":"17f12e34-03ef-4d26-ba7c-d7e7d60592cf","err":{"type":"DiscordAPIError","message":"Missing Permissions","stack":"DiscordAPIError[50013]: Missing Permissions\n    at handleErrors (/home/container/node_modules/@discordjs/rest/dist/index.js:727:13)\n    at process.processTicksAndRejections (node:internal/process/task_queues:95:5)\n    at async SequentialHandler.runRequest (/home/container/node_modules/@discordjs/rest/dist/index.js:1128:23)\n    at async SequentialHandler.queueRequest (/home/container/node_modules/@discordjs/rest/dist/index.js:959:14)\n    at async _REST.request (/home/container/node_modules/@discordjs/rest/dist/index.js:1272:22)\n    at async GuildMemberRoleManager.add (/home/container/node_modules/discord.js/src/managers/GuildMemberRoleManager.js:131:7)","requestBody":{},"rawError":{"type":"Object","message":"Missing Permissions","stack":"","code":50013},"code":50013,"status":403,"method":"PUT","url":"https://discord.com/api/v10/guilds/1256349528190222386/members/863349043333693442/roles/1268299174609158165"},"msg":"Unhandled exception: Missing Permissions"}
{"level":30,"time":1738620749793,"pid":26,"hostname":"17f12e34-03ef-4d26-ba7c-d7e7d60592cf","msg":"Guild Joined: Jacobxo111 Members: 4"}
{"level":30,"time":1738620750036,"pid":26,"hostname":"17f12e34-03ef-4d26-ba7c-d7e7d60592cf","msg":"Guild Left: Jacobxo111 Members: 4"}
